#
# A fatal error has been detected by the Java Runtime Environment:
#
#  EXCEPTION_ACCESS_VIOLATION (0xc0000005) at pc=0x00007ffe3b47a358, pid=12092, tid=12076
#
# JRE version: OpenJDK Runtime Environment (16.0.2+7) (build 16.0.2+7-67)
# Java VM: OpenJDK 64-Bit Server VM (16.0.2+7-67, mixed mode, tiered, compressed oops, compressed class ptrs, g1 gc, windows-amd64)
# Problematic frame:
# V  [jvm.dll+0x23a358]
#
# No core dump will be written. Minidumps are not enabled by default on client versions of Windows
#
# If you would like to submit a bug report, please visit:
#   https://bugreport.java.com/bugreport/crash.jsp
#

---------------  S U M M A R Y ------------

Command Line: -XX:+ShowCodeDetailsInExceptionMessages -agentlib:jdwp=transport=dt_socket,suspend=y,address=localhost:50746 -javaagent:C:\Users\lukee\eclipse\java-2021-06\eclipse\configuration\org.eclipse.osgi\222\0\.cp\lib\javaagent-shaded.jar -Dfile.encoding=Cp1252 RedBlackTree

Host: 11th Gen Intel(R) Core(TM) i5-1135G7 @ 2.40GHz, 8 cores, 15G,  Windows 10 , 64 bit Build 19041 (10.0.19041.1566)
Time: Mon Mar 21 21:22:51 2022 Central Daylight Time elapsed time: 1494.423344 seconds (0d 0h 24m 54s)

---------------  T H R E A D  ---------------

Current thread (0x0000025d22017260):  VMThread "VM Thread" [stack: 0x000000c928300000,0x000000c928400000] [id=12076]

Stack: [0x000000c928300000,0x000000c928400000],  sp=0x000000c9283feda8,  free space=1019k
Native frames: (J=compiled Java code, j=interpreted, Vv=VM code, C=native code)
V  [jvm.dll+0x23a358]


siginfo: EXCEPTION_ACCESS_VIOLATION (0xc0000005), reading address 0x0000025d23064610


Register to memory mapping:

RIP=0x00007ffe3b47a358 jvm.dll
RAX=0x0000000000026220 is an unknown value
RBX=0x000000c9283ff050 points into unknown readable memory: 0x00007ffe3bb72218 | 18 22 b7 3b fe 7f 00 00
RCX=0x0000025d2303e3f0 is pointing into metadata
RDX=0x0000000000001310 is an unknown value
RSP=0x000000c9283feda8 points into unknown readable memory: 0x00007ffe3b56cac3 | c3 ca 56 3b fe 7f 00 00
RBP=0x0000000000000001 is an unknown value
RSI=0x0000000000000001 is an unknown value
RDI=0x0000025d2303b948 is pointing into metadata
R8 =0x0 is NULL
R9 =0x0000025d2303b948 is pointing into metadata
R10=0x000000c9283ff050 points into unknown readable memory: 0x00007ffe3bb72218 | 18 22 b7 3b fe 7f 00 00
R11=0x0000025d223649a0 points into unknown readable memory: 0x2fffffff46000000 | 00 00 00 46 ff ff ff 2f
R12=0x00007ffe3b240000 jvm.dll
R13=0x0000025d22364970 points into unknown readable memory: 0x0000000013c0ed00 | 00 ed c0 13 00 00 00 00
R14=0x0000025d2303e1a6 is pointing into metadata
R15=0x000000000000003c is an unknown value


Registers:
RAX=0x0000000000026220, RBX=0x000000c9283ff050, RCX=0x0000025d2303e3f0, RDX=0x0000000000001310
RSP=0x000000c9283feda8, RBP=0x0000000000000001, RSI=0x0000000000000001, RDI=0x0000025d2303b948
R8 =0x0000000000000000, R9 =0x0000025d2303b948, R10=0x000000c9283ff050, R11=0x0000025d223649a0
R12=0x00007ffe3b240000, R13=0x0000025d22364970, R14=0x0000025d2303e1a6, R15=0x000000000000003c
RIP=0x00007ffe3b47a358, EFLAGS=0x0000000000010202

Top of Stack: (sp=0x000000c9283feda8)
0x000000c9283feda8:   00007ffe3b56cac3 0000025d00ad78a0
0x000000c9283fedb8:   00007ffe3b5706b3 000000c9283fee20
0x000000c9283fedc8:   00007ffe3b3650fe 0000025d2303e1d8
0x000000c9283fedd8:   0000000000000080 8fffffff46000000
0x000000c9283fede8:   8fffffff8fffffff 00000386975b482d
0x000000c9283fedf8:   00000386975b485d 0000025d2303e1a6
0x000000c9283fee08:   00000000000000b2 000000c9283ff050
0x000000c9283fee18:   00007ffe3b56f022 0000025d2303e19c
0x000000c9283fee28:   000000c9283feec0 0000000000000001
0x000000c9283fee38:   0000025d2303e183 000000c900000026
0x000000c9283fee48:   0000000000000000 00007ffe3bd50980
0x000000c9283fee58:   00007ffe3b925ac0 000000c9283feec0
0x000000c9283fee68:   00007ffe3b3650fe 0000025d2303e1d8
0x000000c9283fee78:   000000c9283ff050 000000000000003c
0x000000c9283fee88:   00000000000000b2 000000c9283ff050
0x000000c9283fee98:   00007ffe3b56f72e 000000c9283feef0 

Instructions: (pc=0x00007ffe3b47a358)
0x00007ffe3b47a258:   03 03 03 03 03 03 03 03 03 03 03 03 03 03 03 03
0x00007ffe3b47a268:   03 03 03 03 03 03 03 03 03 03 03 03 03 03 03 03
0x00007ffe3b47a278:   03 03 03 03 03 03 03 03 03 03 03 03 03 03 03 03
0x00007ffe3b47a288:   03 03 03 03 03 03 03 03 03 03 03 03 03 03 03 03
0x00007ffe3b47a298:   03 03 03 02 03 03 02 cc 48 89 5c 24 08 48 89 74
0x00007ffe3b47a2a8:   24 10 57 48 83 ec 20 48 63 da 41 0f b6 f0 48 8b
0x00007ffe3b47a2b8:   f9 85 d2 79 24 4c 8d 0d 1c 95 69 00 ba b4 02 00
0x00007ffe3b47a2c8:   00 4c 8d 05 48 95 69 00 48 8d 0d b1 94 69 00 e8
0x00007ffe3b47a2d8:   64 88 00 00 e8 5f da 42 00 40 84 f6 75 18 48 8b
0x00007ffe3b47a2e8:   4f 10 48 85 c9 74 0f 48 8d 43 01 48 c1 e0 05 48
0x00007ffe3b47a2f8:   8b 04 08 0f b7 d8 48 8b 74 24 38 48 63 c3 48 8b
0x00007ffe3b47a308:   5c 24 30 0f b7 44 c7 48 48 83 c4 20 5f c3 cc cc
0x00007ffe3b47a318:   cc cc cc cc cc cc cc cc 4c 8b c9 45 84 c0 75 41
0x00007ffe3b47a328:   48 8b 49 10 48 85 c9 74 38 85 d2 79 19 f7 d2 8b
0x00007ffe3b47a338:   c2 48 ff c0 48 c1 e0 05 48 8b 04 08 0f b7 c8 41
0x00007ffe3b47a348:   0f b7 44 c9 4a c3 48 63 c2 48 ff c0 48 c1 e0 05
0x00007ffe3b47a358:   48 8b 04 08 0f b7 d0 48 63 c2 41 0f b7 44 c1 4a
0x00007ffe3b47a368:   c3 49 8b 41 08 4c 63 c2 42 0f b6 44 00 04 8d 48
0x00007ffe3b47a378:   ef 80 f9 01 76 0e 3c 6a 74 0a 48 63 c2 41 0f b7
0x00007ffe3b47a388:   44 c1 4a c3 43 0f b7 44 c1 4a c3 cc cc cc cc cc
0x00007ffe3b47a398:   cc cc cc cc cc cc cc cc 40 53 48 83 ec 20 48 8b
0x00007ffe3b47a3a8:   d9 e8 72 ff ff ff 48 63 d0 0f b7 44 d3 48 48 8b
0x00007ffe3b47a3b8:   44 c3 48 48 83 c4 20 5b c3 cc cc cc cc cc cc cc
0x00007ffe3b47a3c8:   cc cc cc cc cc cc cc cc 40 53 48 83 ec 20 48 8b
0x00007ffe3b47a3d8:   d9 e8 42 ff ff ff 48 63 d0 0f b7 44 d3 4a 48 8b
0x00007ffe3b47a3e8:   44 c3 48 48 83 c4 20 5b c3 cc cc cc cc cc cc cc
0x00007ffe3b47a3f8:   cc cc cc cc cc cc cc cc 4c 8b d1 45 84 c9 75 28
0x00007ffe3b47a408:   4c 8b 49 10 4d 85 c9 74 1f 45 85 c0 79 08 41 f7
0x00007ffe3b47a418:   d0 41 8b c0 eb 03 49 63 c0 48 ff c0 48 c1 e0 05
0x00007ffe3b47a428:   4a 8b 04 08 44 0f b7 c0 49 8b 42 08 49 63 c8 0f
0x00007ffe3b47a438:   b6 4c 08 04 48 8b c2 88 0a c3 cc cc cc cc cc cc
0x00007ffe3b47a448:   cc cc cc cc cc cc cc cc 40 56 57 41 54 41 56 41 


Stack slot to memory mapping:
stack at sp + 0 slots: 0x00007ffe3b56cac3 jvm.dll
stack at sp + 1 slots: 0x0000025d00ad78a0 points into unknown readable memory: 0x0000000000000000 | 00 00 00 00 00 00 00 00
stack at sp + 2 slots: 0x00007ffe3b5706b3 jvm.dll
stack at sp + 3 slots: 0x000000c9283fee20 points into unknown readable memory: 0x0000025d2303e19c | 9c e1 03 23 5d 02 00 00
stack at sp + 4 slots: 0x00007ffe3b3650fe jvm.dll
stack at sp + 5 slots: {method} {0x0000025d2303e1e0} 'test4' '()Z' in 'RedBlackTree'
stack at sp + 6 slots: 0x0000000000000080 is an unknown value
stack at sp + 7 slots: 0x8fffffff46000000 is an unknown value

VM_Operation (0x000000c928eff040): get/set locals, mode: safepoint, requested by thread 0x0000025d223990c0


---------------  P R O C E S S  ---------------

Threads class SMR info:
_java_thread_list=0x0000025d223d18b0, length=15, elements={
0x0000025d02c3be10, 0x0000025d22034010, 0x0000025d220353b0, 0x0000025d2201fb40,
0x0000025d22022550, 0x0000025d214f5af0, 0x0000025d214f6400, 0x0000025d214f7980,
0x0000025d22062ab0, 0x0000025d220658b0, 0x0000025d2210d930, 0x0000025d223990c0,
0x0000025d222c8b10, 0x0000025d222cb060, 0x0000025d223fea60
}

Java Threads: ( => current thread )
  0x0000025d02c3be10 JavaThread "main" [_thread_blocked, id=10084, stack(0x000000c927d00000,0x000000c927e00000)]
  0x0000025d22034010 JavaThread "Reference Handler" daemon [_thread_blocked, id=10772, stack(0x000000c928400000,0x000000c928500000)]
  0x0000025d220353b0 JavaThread "Finalizer" daemon [_thread_blocked, id=8724, stack(0x000000c928500000,0x000000c928600000)]
  0x0000025d2201fb40 JavaThread "Signal Dispatcher" daemon [_thread_blocked, id=11648, stack(0x000000c928600000,0x000000c928700000)]
  0x0000025d22022550 JavaThread "Attach Listener" daemon [_thread_blocked, id=240, stack(0x000000c928700000,0x000000c928800000)]
  0x0000025d214f5af0 JavaThread "Service Thread" daemon [_thread_blocked, id=17100, stack(0x000000c928800000,0x000000c928900000)]
  0x0000025d214f6400 JavaThread "Monitor Deflation Thread" daemon [_thread_blocked, id=9208, stack(0x000000c928900000,0x000000c928a00000)]
  0x0000025d214f7980 JavaThread "C2 CompilerThread0" daemon [_thread_blocked, id=7044, stack(0x000000c928a00000,0x000000c928b00000)]
  0x0000025d22062ab0 JavaThread "C1 CompilerThread0" daemon [_thread_blocked, id=19080, stack(0x000000c928b00000,0x000000c928c00000)]
  0x0000025d220658b0 JavaThread "Sweeper thread" daemon [_thread_blocked, id=12980, stack(0x000000c928c00000,0x000000c928d00000)]
  0x0000025d2210d930 JavaThread "Common-Cleaner" daemon [_thread_blocked, id=15832, stack(0x000000c928d00000,0x000000c928e00000)]
  0x0000025d223990c0 JavaThread "JDWP Transport Listener: dt_socket" daemon [_thread_blocked, id=3508, stack(0x000000c928e00000,0x000000c928f00000)]
  0x0000025d222c8b10 JavaThread "JDWP Event Helper Thread" daemon [_thread_blocked, id=8216, stack(0x000000c928f00000,0x000000c929000000)]
  0x0000025d222cb060 JavaThread "JDWP Command Reader" daemon [_thread_in_native, id=3176, stack(0x000000c929000000,0x000000c929100000)]
  0x0000025d223fea60 JavaThread "Notification Thread" daemon [_thread_blocked, id=1388, stack(0x000000c929100000,0x000000c929200000)]

Other Threads:
=>0x0000025d22017260 VMThread "VM Thread" [stack: 0x000000c928300000,0x000000c928400000] [id=12076]
  0x0000025d02c3cc20 WatcherThread [stack: 0x000000c929200000,0x000000c929300000] [id=17576]
  0x0000025d02c8a7b0 GCTaskThread "GC Thread#0" [stack: 0x000000c927e00000,0x000000c927f00000] [id=5352]
  0x0000025d02c9dc70 ConcurrentGCThread "G1 Main Marker" [stack: 0x000000c927f00000,0x000000c928000000] [id=15616]
  0x0000025d02ca0700 ConcurrentGCThread "G1 Conc#0" [stack: 0x000000c928000000,0x000000c928100000] [id=6364]
  0x0000025d02d15880 ConcurrentGCThread "G1 Refine#0" [stack: 0x000000c928100000,0x000000c928200000] [id=10840]
  0x0000025d02d16300 ConcurrentGCThread "G1 Service" [stack: 0x000000c928200000,0x000000c928300000] [id=16388]

Threads with active compile tasks:

VM state: at safepoint (normal execution)

VM Mutex/Monitor currently owned by a thread:  ([mutex/lock_event])
[0x0000025d02c381f0] Threads_lock - owner thread: 0x0000025d22017260

Heap address: 0x0000000704400000, size: 4028 MB, Compressed Oops mode: Zero based, Oop shift amount: 3

CDS disabled.
Compressed class space mapped at: 0x0000000800000000-0x0000000840000000, reserved size: 1073741824
Narrow klass base: 0x0000000800000000, Narrow klass shift: 0, Narrow klass range: 0x40000000

GC Precious Log:
 CPUs: 8 total, 8 available
 Memory: 16106M
 Large Page Support: Disabled
 NUMA Support: Disabled
 Compressed Oops: Enabled (Zero based)
 Heap Region Size: 2M
 Heap Min Capacity: 8M
 Heap Initial Capacity: 252M
 Heap Max Capacity: 4028M
 Pre-touch: Disabled
 Parallel Workers: 8
 Concurrent Workers: 2
 Concurrent Refinement Workers: 8
 Periodic GC: Disabled

Heap:
 garbage-first heap   total 258048K, used 6144K [0x0000000704400000, 0x0000000800000000)
  region size 2048K, 4 young (8192K), 0 survivors (0K)
 Metaspace       used 9342K, committed 9408K, reserved 1064960K
  class space    used 788K, committed 832K, reserved 1048576K

Heap Regions: E=young(eden), S=young(survivor), O=old, HS=humongous(starts), HC=humongous(continues), CS=collection set, F=free, OA=open archive, CA=closed archive, TAMS=top-at-mark-start (previous, next)
|   0|0x0000000704400000, 0x0000000704400000, 0x0000000704600000|  0%| F|  |TAMS 0x0000000704400000, 0x0000000704400000| Untracked 
|   1|0x0000000704600000, 0x0000000704600000, 0x0000000704800000|  0%| F|  |TAMS 0x0000000704600000, 0x0000000704600000| Untracked 
|   2|0x0000000704800000, 0x0000000704800000, 0x0000000704a00000|  0%| F|  |TAMS 0x0000000704800000, 0x0000000704800000| Untracked 
|   3|0x0000000704a00000, 0x0000000704a00000, 0x0000000704c00000|  0%| F|  |TAMS 0x0000000704a00000, 0x0000000704a00000| Untracked 
|   4|0x0000000704c00000, 0x0000000704c00000, 0x0000000704e00000|  0%| F|  |TAMS 0x0000000704c00000, 0x0000000704c00000| Untracked 
|   5|0x0000000704e00000, 0x0000000704e00000, 0x0000000705000000|  0%| F|  |TAMS 0x0000000704e00000, 0x0000000704e00000| Untracked 
|   6|0x0000000705000000, 0x0000000705000000, 0x0000000705200000|  0%| F|  |TAMS 0x0000000705000000, 0x0000000705000000| Untracked 
|   7|0x0000000705200000, 0x0000000705200000, 0x0000000705400000|  0%| F|  |TAMS 0x0000000705200000, 0x0000000705200000| Untracked 
|   8|0x0000000705400000, 0x0000000705400000, 0x0000000705600000|  0%| F|  |TAMS 0x0000000705400000, 0x0000000705400000| Untracked 
|   9|0x0000000705600000, 0x0000000705600000, 0x0000000705800000|  0%| F|  |TAMS 0x0000000705600000, 0x0000000705600000| Untracked 
|  10|0x0000000705800000, 0x0000000705800000, 0x0000000705a00000|  0%| F|  |TAMS 0x0000000705800000, 0x0000000705800000| Untracked 
|  11|0x0000000705a00000, 0x0000000705a00000, 0x0000000705c00000|  0%| F|  |TAMS 0x0000000705a00000, 0x0000000705a00000| Untracked 
|  12|0x0000000705c00000, 0x0000000705c00000, 0x0000000705e00000|  0%| F|  |TAMS 0x0000000705c00000, 0x0000000705c00000| Untracked 
|  13|0x0000000705e00000, 0x0000000705e00000, 0x0000000706000000|  0%| F|  |TAMS 0x0000000705e00000, 0x0000000705e00000| Untracked 
|  14|0x0000000706000000, 0x0000000706000000, 0x0000000706200000|  0%| F|  |TAMS 0x0000000706000000, 0x0000000706000000| Untracked 
|  15|0x0000000706200000, 0x0000000706200000, 0x0000000706400000|  0%| F|  |TAMS 0x0000000706200000, 0x0000000706200000| Untracked 
|  16|0x0000000706400000, 0x0000000706400000, 0x0000000706600000|  0%| F|  |TAMS 0x0000000706400000, 0x0000000706400000| Untracked 
|  17|0x0000000706600000, 0x0000000706600000, 0x0000000706800000|  0%| F|  |TAMS 0x0000000706600000, 0x0000000706600000| Untracked 
|  18|0x0000000706800000, 0x0000000706800000, 0x0000000706a00000|  0%| F|  |TAMS 0x0000000706800000, 0x0000000706800000| Untracked 
|  19|0x0000000706a00000, 0x0000000706a00000, 0x0000000706c00000|  0%| F|  |TAMS 0x0000000706a00000, 0x0000000706a00000| Untracked 
|  20|0x0000000706c00000, 0x0000000706c00000, 0x0000000706e00000|  0%| F|  |TAMS 0x0000000706c00000, 0x0000000706c00000| Untracked 
|  21|0x0000000706e00000, 0x0000000706e00000, 0x0000000707000000|  0%| F|  |TAMS 0x0000000706e00000, 0x0000000706e00000| Untracked 
|  22|0x0000000707000000, 0x0000000707000000, 0x0000000707200000|  0%| F|  |TAMS 0x0000000707000000, 0x0000000707000000| Untracked 
|  23|0x0000000707200000, 0x0000000707200000, 0x0000000707400000|  0%| F|  |TAMS 0x0000000707200000, 0x0000000707200000| Untracked 
|  24|0x0000000707400000, 0x0000000707400000, 0x0000000707600000|  0%| F|  |TAMS 0x0000000707400000, 0x0000000707400000| Untracked 
|  25|0x0000000707600000, 0x0000000707600000, 0x0000000707800000|  0%| F|  |TAMS 0x0000000707600000, 0x0000000707600000| Untracked 
|  26|0x0000000707800000, 0x0000000707800000, 0x0000000707a00000|  0%| F|  |TAMS 0x0000000707800000, 0x0000000707800000| Untracked 
|  27|0x0000000707a00000, 0x0000000707a00000, 0x0000000707c00000|  0%| F|  |TAMS 0x0000000707a00000, 0x0000000707a00000| Untracked 
|  28|0x0000000707c00000, 0x0000000707c00000, 0x0000000707e00000|  0%| F|  |TAMS 0x0000000707c00000, 0x0000000707c00000| Untracked 
|  29|0x0000000707e00000, 0x0000000707e00000, 0x0000000708000000|  0%| F|  |TAMS 0x0000000707e00000, 0x0000000707e00000| Untracked 
|  30|0x0000000708000000, 0x0000000708000000, 0x0000000708200000|  0%| F|  |TAMS 0x0000000708000000, 0x0000000708000000| Untracked 
|  31|0x0000000708200000, 0x0000000708200000, 0x0000000708400000|  0%| F|  |TAMS 0x0000000708200000, 0x0000000708200000| Untracked 
|  32|0x0000000708400000, 0x0000000708400000, 0x0000000708600000|  0%| F|  |TAMS 0x0000000708400000, 0x0000000708400000| Untracked 
|  33|0x0000000708600000, 0x0000000708600000, 0x0000000708800000|  0%| F|  |TAMS 0x0000000708600000, 0x0000000708600000| Untracked 
|  34|0x0000000708800000, 0x0000000708800000, 0x0000000708a00000|  0%| F|  |TAMS 0x0000000708800000, 0x0000000708800000| Untracked 
|  35|0x0000000708a00000, 0x0000000708a00000, 0x0000000708c00000|  0%| F|  |TAMS 0x0000000708a00000, 0x0000000708a00000| Untracked 
|  36|0x0000000708c00000, 0x0000000708c00000, 0x0000000708e00000|  0%| F|  |TAMS 0x0000000708c00000, 0x0000000708c00000| Untracked 
|  37|0x0000000708e00000, 0x0000000708e00000, 0x0000000709000000|  0%| F|  |TAMS 0x0000000708e00000, 0x0000000708e00000| Untracked 
|  38|0x0000000709000000, 0x0000000709000000, 0x0000000709200000|  0%| F|  |TAMS 0x0000000709000000, 0x0000000709000000| Untracked 
|  39|0x0000000709200000, 0x0000000709200000, 0x0000000709400000|  0%| F|  |TAMS 0x0000000709200000, 0x0000000709200000| Untracked 
|  40|0x0000000709400000, 0x0000000709400000, 0x0000000709600000|  0%| F|  |TAMS 0x0000000709400000, 0x0000000709400000| Untracked 
|  41|0x0000000709600000, 0x0000000709600000, 0x0000000709800000|  0%| F|  |TAMS 0x0000000709600000, 0x0000000709600000| Untracked 
|  42|0x0000000709800000, 0x0000000709800000, 0x0000000709a00000|  0%| F|  |TAMS 0x0000000709800000, 0x0000000709800000| Untracked 
|  43|0x0000000709a00000, 0x0000000709a00000, 0x0000000709c00000|  0%| F|  |TAMS 0x0000000709a00000, 0x0000000709a00000| Untracked 
|  44|0x0000000709c00000, 0x0000000709c00000, 0x0000000709e00000|  0%| F|  |TAMS 0x0000000709c00000, 0x0000000709c00000| Untracked 
|  45|0x0000000709e00000, 0x0000000709e00000, 0x000000070a000000|  0%| F|  |TAMS 0x0000000709e00000, 0x0000000709e00000| Untracked 
|  46|0x000000070a000000, 0x000000070a000000, 0x000000070a200000|  0%| F|  |TAMS 0x000000070a000000, 0x000000070a000000| Untracked 
|  47|0x000000070a200000, 0x000000070a200000, 0x000000070a400000|  0%| F|  |TAMS 0x000000070a200000, 0x000000070a200000| Untracked 
|  48|0x000000070a400000, 0x000000070a400000, 0x000000070a600000|  0%| F|  |TAMS 0x000000070a400000, 0x000000070a400000| Untracked 
|  49|0x000000070a600000, 0x000000070a600000, 0x000000070a800000|  0%| F|  |TAMS 0x000000070a600000, 0x000000070a600000| Untracked 
|  50|0x000000070a800000, 0x000000070a800000, 0x000000070aa00000|  0%| F|  |TAMS 0x000000070a800000, 0x000000070a800000| Untracked 
|  51|0x000000070aa00000, 0x000000070aa00000, 0x000000070ac00000|  0%| F|  |TAMS 0x000000070aa00000, 0x000000070aa00000| Untracked 
|  52|0x000000070ac00000, 0x000000070ac00000, 0x000000070ae00000|  0%| F|  |TAMS 0x000000070ac00000, 0x000000070ac00000| Untracked 
|  53|0x000000070ae00000, 0x000000070ae00000, 0x000000070b000000|  0%| F|  |TAMS 0x000000070ae00000, 0x000000070ae00000| Untracked 
|  54|0x000000070b000000, 0x000000070b000000, 0x000000070b200000|  0%| F|  |TAMS 0x000000070b000000, 0x000000070b000000| Untracked 
|  55|0x000000070b200000, 0x000000070b200000, 0x000000070b400000|  0%| F|  |TAMS 0x000000070b200000, 0x000000070b200000| Untracked 
|  56|0x000000070b400000, 0x000000070b400000, 0x000000070b600000|  0%| F|  |TAMS 0x000000070b400000, 0x000000070b400000| Untracked 
|  57|0x000000070b600000, 0x000000070b600000, 0x000000070b800000|  0%| F|  |TAMS 0x000000070b600000, 0x000000070b600000| Untracked 
|  58|0x000000070b800000, 0x000000070b800000, 0x000000070ba00000|  0%| F|  |TAMS 0x000000070b800000, 0x000000070b800000| Untracked 
|  59|0x000000070ba00000, 0x000000070ba00000, 0x000000070bc00000|  0%| F|  |TAMS 0x000000070ba00000, 0x000000070ba00000| Untracked 
|  60|0x000000070bc00000, 0x000000070bc00000, 0x000000070be00000|  0%| F|  |TAMS 0x000000070bc00000, 0x000000070bc00000| Untracked 
|  61|0x000000070be00000, 0x000000070be00000, 0x000000070c000000|  0%| F|  |TAMS 0x000000070be00000, 0x000000070be00000| Untracked 
|  62|0x000000070c000000, 0x000000070c000000, 0x000000070c200000|  0%| F|  |TAMS 0x000000070c000000, 0x000000070c000000| Untracked 
|  63|0x000000070c200000, 0x000000070c200000, 0x000000070c400000|  0%| F|  |TAMS 0x000000070c200000, 0x000000070c200000| Untracked 
|  64|0x000000070c400000, 0x000000070c400000, 0x000000070c600000|  0%| F|  |TAMS 0x000000070c400000, 0x000000070c400000| Untracked 
|  65|0x000000070c600000, 0x000000070c600000, 0x000000070c800000|  0%| F|  |TAMS 0x000000070c600000, 0x000000070c600000| Untracked 
|  66|0x000000070c800000, 0x000000070c800000, 0x000000070ca00000|  0%| F|  |TAMS 0x000000070c800000, 0x000000070c800000| Untracked 
|  67|0x000000070ca00000, 0x000000070ca00000, 0x000000070cc00000|  0%| F|  |TAMS 0x000000070ca00000, 0x000000070ca00000| Untracked 
|  68|0x000000070cc00000, 0x000000070cc00000, 0x000000070ce00000|  0%| F|  |TAMS 0x000000070cc00000, 0x000000070cc00000| Untracked 
|  69|0x000000070ce00000, 0x000000070ce00000, 0x000000070d000000|  0%| F|  |TAMS 0x000000070ce00000, 0x000000070ce00000| Untracked 
|  70|0x000000070d000000, 0x000000070d000000, 0x000000070d200000|  0%| F|  |TAMS 0x000000070d000000, 0x000000070d000000| Untracked 
|  71|0x000000070d200000, 0x000000070d200000, 0x000000070d400000|  0%| F|  |TAMS 0x000000070d200000, 0x000000070d200000| Untracked 
|  72|0x000000070d400000, 0x000000070d400000, 0x000000070d600000|  0%| F|  |TAMS 0x000000070d400000, 0x000000070d400000| Untracked 
|  73|0x000000070d600000, 0x000000070d600000, 0x000000070d800000|  0%| F|  |TAMS 0x000000070d600000, 0x000000070d600000| Untracked 
|  74|0x000000070d800000, 0x000000070d800000, 0x000000070da00000|  0%| F|  |TAMS 0x000000070d800000, 0x000000070d800000| Untracked 
|  75|0x000000070da00000, 0x000000070da00000, 0x000000070dc00000|  0%| F|  |TAMS 0x000000070da00000, 0x000000070da00000| Untracked 
|  76|0x000000070dc00000, 0x000000070dc00000, 0x000000070de00000|  0%| F|  |TAMS 0x000000070dc00000, 0x000000070dc00000| Untracked 
|  77|0x000000070de00000, 0x000000070de00000, 0x000000070e000000|  0%| F|  |TAMS 0x000000070de00000, 0x000000070de00000| Untracked 
|  78|0x000000070e000000, 0x000000070e000000, 0x000000070e200000|  0%| F|  |TAMS 0x000000070e000000, 0x000000070e000000| Untracked 
|  79|0x000000070e200000, 0x000000070e200000, 0x000000070e400000|  0%| F|  |TAMS 0x000000070e200000, 0x000000070e200000| Untracked 
|  80|0x000000070e400000, 0x000000070e400000, 0x000000070e600000|  0%| F|  |TAMS 0x000000070e400000, 0x000000070e400000| Untracked 
|  81|0x000000070e600000, 0x000000070e600000, 0x000000070e800000|  0%| F|  |TAMS 0x000000070e600000, 0x000000070e600000| Untracked 
|  82|0x000000070e800000, 0x000000070e800000, 0x000000070ea00000|  0%| F|  |TAMS 0x000000070e800000, 0x000000070e800000| Untracked 
|  83|0x000000070ea00000, 0x000000070ea00000, 0x000000070ec00000|  0%| F|  |TAMS 0x000000070ea00000, 0x000000070ea00000| Untracked 
|  84|0x000000070ec00000, 0x000000070ec00000, 0x000000070ee00000|  0%| F|  |TAMS 0x000000070ec00000, 0x000000070ec00000| Untracked 
|  85|0x000000070ee00000, 0x000000070ee00000, 0x000000070f000000|  0%| F|  |TAMS 0x000000070ee00000, 0x000000070ee00000| Untracked 
|  86|0x000000070f000000, 0x000000070f000000, 0x000000070f200000|  0%| F|  |TAMS 0x000000070f000000, 0x000000070f000000| Untracked 
|  87|0x000000070f200000, 0x000000070f200000, 0x000000070f400000|  0%| F|  |TAMS 0x000000070f200000, 0x000000070f200000| Untracked 
|  88|0x000000070f400000, 0x000000070f400000, 0x000000070f600000|  0%| F|  |TAMS 0x000000070f400000, 0x000000070f400000| Untracked 
|  89|0x000000070f600000, 0x000000070f600000, 0x000000070f800000|  0%| F|  |TAMS 0x000000070f600000, 0x000000070f600000| Untracked 
|  90|0x000000070f800000, 0x000000070f800000, 0x000000070fa00000|  0%| F|  |TAMS 0x000000070f800000, 0x000000070f800000| Untracked 
|  91|0x000000070fa00000, 0x000000070fa00000, 0x000000070fc00000|  0%| F|  |TAMS 0x000000070fa00000, 0x000000070fa00000| Untracked 
|  92|0x000000070fc00000, 0x000000070fc00000, 0x000000070fe00000|  0%| F|  |TAMS 0x000000070fc00000, 0x000000070fc00000| Untracked 
|  93|0x000000070fe00000, 0x000000070fe00000, 0x0000000710000000|  0%| F|  |TAMS 0x000000070fe00000, 0x000000070fe00000| Untracked 
|  94|0x0000000710000000, 0x0000000710000000, 0x0000000710200000|  0%| F|  |TAMS 0x0000000710000000, 0x0000000710000000| Untracked 
|  95|0x0000000710200000, 0x0000000710200000, 0x0000000710400000|  0%| F|  |TAMS 0x0000000710200000, 0x0000000710200000| Untracked 
|  96|0x0000000710400000, 0x0000000710400000, 0x0000000710600000|  0%| F|  |TAMS 0x0000000710400000, 0x0000000710400000| Untracked 
|  97|0x0000000710600000, 0x0000000710600000, 0x0000000710800000|  0%| F|  |TAMS 0x0000000710600000, 0x0000000710600000| Untracked 
|  98|0x0000000710800000, 0x0000000710800000, 0x0000000710a00000|  0%| F|  |TAMS 0x0000000710800000, 0x0000000710800000| Untracked 
|  99|0x0000000710a00000, 0x0000000710a00000, 0x0000000710c00000|  0%| F|  |TAMS 0x0000000710a00000, 0x0000000710a00000| Untracked 
| 100|0x0000000710c00000, 0x0000000710c00000, 0x0000000710e00000|  0%| F|  |TAMS 0x0000000710c00000, 0x0000000710c00000| Untracked 
| 101|0x0000000710e00000, 0x0000000710e00000, 0x0000000711000000|  0%| F|  |TAMS 0x0000000710e00000, 0x0000000710e00000| Untracked 
| 102|0x0000000711000000, 0x0000000711000000, 0x0000000711200000|  0%| F|  |TAMS 0x0000000711000000, 0x0000000711000000| Untracked 
| 103|0x0000000711200000, 0x0000000711200000, 0x0000000711400000|  0%| F|  |TAMS 0x0000000711200000, 0x0000000711200000| Untracked 
| 104|0x0000000711400000, 0x0000000711400000, 0x0000000711600000|  0%| F|  |TAMS 0x0000000711400000, 0x0000000711400000| Untracked 
| 105|0x0000000711600000, 0x0000000711600000, 0x0000000711800000|  0%| F|  |TAMS 0x0000000711600000, 0x0000000711600000| Untracked 
| 106|0x0000000711800000, 0x0000000711800000, 0x0000000711a00000|  0%| F|  |TAMS 0x0000000711800000, 0x0000000711800000| Untracked 
| 107|0x0000000711a00000, 0x0000000711a00000, 0x0000000711c00000|  0%| F|  |TAMS 0x0000000711a00000, 0x0000000711a00000| Untracked 
| 108|0x0000000711c00000, 0x0000000711c00000, 0x0000000711e00000|  0%| F|  |TAMS 0x0000000711c00000, 0x0000000711c00000| Untracked 
| 109|0x0000000711e00000, 0x0000000711e00000, 0x0000000712000000|  0%| F|  |TAMS 0x0000000711e00000, 0x0000000711e00000| Untracked 
| 110|0x0000000712000000, 0x0000000712000000, 0x0000000712200000|  0%| F|  |TAMS 0x0000000712000000, 0x0000000712000000| Untracked 
| 111|0x0000000712200000, 0x0000000712200000, 0x0000000712400000|  0%| F|  |TAMS 0x0000000712200000, 0x0000000712200000| Untracked 
| 112|0x0000000712400000, 0x0000000712400000, 0x0000000712600000|  0%| F|  |TAMS 0x0000000712400000, 0x0000000712400000| Untracked 
| 113|0x0000000712600000, 0x0000000712600000, 0x0000000712800000|  0%| F|  |TAMS 0x0000000712600000, 0x0000000712600000| Untracked 
| 114|0x0000000712800000, 0x0000000712800000, 0x0000000712a00000|  0%| F|  |TAMS 0x0000000712800000, 0x0000000712800000| Untracked 
| 115|0x0000000712a00000, 0x0000000712a00000, 0x0000000712c00000|  0%| F|  |TAMS 0x0000000712a00000, 0x0000000712a00000| Untracked 
| 116|0x0000000712c00000, 0x0000000712c00000, 0x0000000712e00000|  0%| F|  |TAMS 0x0000000712c00000, 0x0000000712c00000| Untracked 
| 117|0x0000000712e00000, 0x0000000712e00000, 0x0000000713000000|  0%| F|  |TAMS 0x0000000712e00000, 0x0000000712e00000| Untracked 
| 118|0x0000000713000000, 0x0000000713000000, 0x0000000713200000|  0%| F|  |TAMS 0x0000000713000000, 0x0000000713000000| Untracked 
| 119|0x0000000713200000, 0x0000000713200000, 0x0000000713400000|  0%| F|  |TAMS 0x0000000713200000, 0x0000000713200000| Untracked 
| 120|0x0000000713400000, 0x0000000713400000, 0x0000000713600000|  0%| F|  |TAMS 0x0000000713400000, 0x0000000713400000| Untracked 
| 121|0x0000000713600000, 0x0000000713600000, 0x0000000713800000|  0%| F|  |TAMS 0x0000000713600000, 0x0000000713600000| Untracked 
| 122|0x0000000713800000, 0x0000000713871250, 0x0000000713a00000| 22%| E|  |TAMS 0x0000000713800000, 0x0000000713800000| Complete 
| 123|0x0000000713a00000, 0x0000000713c00000, 0x0000000713c00000|100%| E|CS|TAMS 0x0000000713a00000, 0x0000000713a00000| Complete 
| 124|0x0000000713c00000, 0x0000000713e00000, 0x0000000713e00000|100%| E|CS|TAMS 0x0000000713c00000, 0x0000000713c00000| Complete 
| 125|0x0000000713e00000, 0x0000000714000000, 0x0000000714000000|100%| E|CS|TAMS 0x0000000713e00000, 0x0000000713e00000| Complete 

Card table byte_map: [0x0000025d15cd0000,0x0000025d164b0000] _byte_map_base: 0x0000025d124ae000

Marking Bits (Prev, Next): (CMBitMap*) 0x0000025d02c8aea0, (CMBitMap*) 0x0000025d02c8aee0
 Prev Bits: [0x0000025d16c90000, 0x0000025d1ab80000)
 Next Bits: [0x0000025d1ab80000, 0x0000025d1ea70000)

Polling page: 0x0000025d00ab0000

Metaspace:

Usage:
  Non-class:      8.35 MB used.
      Class:    788.38 KB used.
       Both:      9.12 MB used.

Virtual space:
  Non-class space:       16.00 MB reserved,       8.38 MB ( 52%) committed,  2 nodes.
      Class space:        1.00 GB reserved,     832.00 KB ( <1%) committed,  1 nodes.
              Both:        1.02 GB reserved,       9.19 MB ( <1%) committed. 

Chunk freelists:
   Non-Class:  3.62 MB
       Class:  3.22 MB
        Both:  6.85 MB

MaxMetaspaceSize: 17179869184.00 GB
CompressedClassSpaceSize: 1.00 GB
 - commit_granule_bytes: 65536.
 - commit_granule_words: 8192.
 - virtual_space_node_default_size: 1048576.
 - enlarge_chunks_in_place: 1.
 - new_chunks_are_fully_committed: 0.
 - uncommit_free_chunks: 1.
 - use_allocation_guard: 0.
 - handle_deallocations: 1.


Internal statistics:

num_allocs_failed_limit: 0.
num_arena_births: 10.
num_arena_deaths: 0.
num_vsnodes_births: 3.
num_vsnodes_deaths: 0.
num_space_committed: 147.
num_space_uncommitted: 0.
num_chunks_returned_to_freelist: 0.
num_chunks_taken_from_freelist: 55.
num_chunk_merges: 0.
num_chunk_splits: 23.
num_chunks_enlarged: 16.
num_purges: 0.

CodeHeap 'non-profiled nmethods': size=120000Kb used=141Kb max_used=141Kb free=119858Kb
 bounds [0x0000025d0dc90000, 0x0000025d0df00000, 0x0000025d151c0000]
CodeHeap 'profiled nmethods': size=120000Kb used=575Kb max_used=575Kb free=119424Kb
 bounds [0x0000025d06760000, 0x0000025d069d0000, 0x0000025d0dc90000]
CodeHeap 'non-nmethods': size=5760Kb used=1208Kb max_used=1227Kb free=4551Kb
 bounds [0x0000025d061c0000, 0x0000025d06430000, 0x0000025d06760000]
 total_blobs=830 nmethods=427 adapters=316
 compilation: enabled
              stopped_count=0, restarted_count=0
 full_count=0

Compilation events (20 events):
Event: 928.071 Thread 0x0000025d22062ab0 nmethod 424 0x0000025d067ee110 code [0x0000025d067ee2e0, 0x0000025d067ee5a8]
Event: 928.084 Thread 0x0000025d214f7980 

Event: 1067.734 Thread 0x0000025d22062ab0  425       3       org.eclipse.jdt.launching.internal.org.objectweb.asm.ByteVector::putByteArray (49 bytes)
Event: 1067.735 Thread 0x0000025d22062ab0 nmethod 425 0x0000025d067ee790 code [0x0000025d067ee940, 0x0000025d067eec18]
Event: 1160.366 Thread 0x0000025d214f7980  426       4       org.eclipse.jdt.launching.internal.org.objectweb.asm.ClassReader::readUtf (44 bytes)
Event: 1160.367 Thread 0x0000025d22062ab0  429       3       org.eclipse.jdt.launching.internal.org.objectweb.asm.ByteVector::<init> (13 bytes)
Event: 1160.367 Thread 0x0000025d22062ab0 nmethod 429 0x0000025d067eed10 code [0x0000025d067eeec0, 0x0000025d067ef138]
Event: 1160.393 Thread 0x0000025d214f7980 

Event: 1160.393 Thread 0x0000025d214f7980  427       4       org.eclipse.jdt.launching.internal.org.objectweb.asm.ClassReader::readUtf (161 bytes)
Event: 1160.411 Thread 0x0000025d214f7980 nmethod 427 0x0000025d0dcb1c10 code [0x0000025d0dcb1dc0, 0x0000025d0dcb2938]
Event: 1160.411 Thread 0x0000025d214f7980  428       4       java.lang.StringUTF16::compress (50 bytes)
Event: 1160.420 Thread 0x0000025d214f7980 nmethod 428 0x0000025d0dcb2f10 code [0x0000025d0dcb30a0, 0x0000025d0dcb3578]
Event: 1327.239 Thread 0x0000025d214f7980  430       4       org.eclipse.jdt.launching.internal.org.objectweb.asm.ClassReader::readUtf (44 bytes)
Event: 1327.248 Thread 0x0000025d214f7980 

Event: 1377.319 Thread 0x0000025d22062ab0  431       3       org.eclipse.jdt.launching.internal.org.objectweb.asm.ClassReader::readMethod (1061 bytes)
Event: 1377.339 Thread 0x0000025d22062ab0 

Event: 1377.339 Thread 0x0000025d22062ab0  432       3       org.eclipse.jdt.launching.internal.org.objectweb.asm.ClassVisitor::visitMethod (24 bytes)
Event: 1377.339 Thread 0x0000025d22062ab0 nmethod 432 0x0000025d067ef210 code [0x0000025d067ef3c0, 0x0000025d067ef648]
Event: 1377.339 Thread 0x0000025d22062ab0  433       3       org.eclipse.jdt.launching.internal.org.objectweb.asm.ClassWriter::visitMethod (57 bytes)
Event: 1377.339 Thread 0x0000025d22062ab0 nmethod 433 0x0000025d067ef790 code [0x0000025d067ef940, 0x0000025d067efd08]

GC Heap History (0 events):
No events

Deoptimization events (20 events):
Event: 1.004 Thread 0x0000025d02c3be10 DEOPT PACKING pc=0x0000025d067d0667 sp=0x000000c927df8130
Event: 1.004 Thread 0x0000025d02c3be10 DEOPT UNPACKING pc=0x0000025d0620e77e sp=0x000000c927df7598 mode 0
Event: 1.005 Thread 0x0000025d02c3be10 DEOPT PACKING pc=0x0000025d067d0667 sp=0x000000c927df8130
Event: 1.005 Thread 0x0000025d02c3be10 DEOPT UNPACKING pc=0x0000025d0620e77e sp=0x000000c927df7598 mode 0
Event: 1.005 Thread 0x0000025d02c3be10 DEOPT PACKING pc=0x0000025d067d0667 sp=0x000000c927df8130
Event: 1.005 Thread 0x0000025d02c3be10 DEOPT UNPACKING pc=0x0000025d0620e77e sp=0x000000c927df7598 mode 0
Event: 1.005 Thread 0x0000025d02c3be10 DEOPT PACKING pc=0x0000025d067d0667 sp=0x000000c927df8130
Event: 1.005 Thread 0x0000025d02c3be10 DEOPT UNPACKING pc=0x0000025d0620e77e sp=0x000000c927df7598 mode 0
Event: 1.006 Thread 0x0000025d02c3be10 DEOPT PACKING pc=0x0000025d067d0667 sp=0x000000c927df8130
Event: 1.006 Thread 0x0000025d02c3be10 DEOPT UNPACKING pc=0x0000025d0620e77e sp=0x000000c927df7598 mode 0
Event: 1.011 Thread 0x0000025d02c3be10 DEOPT PACKING pc=0x0000025d067d0667 sp=0x000000c927df8130
Event: 1.011 Thread 0x0000025d02c3be10 DEOPT UNPACKING pc=0x0000025d0620e77e sp=0x000000c927df7598 mode 0
Event: 1.012 Thread 0x0000025d02c3be10 DEOPT PACKING pc=0x0000025d067d0667 sp=0x000000c927df8130
Event: 1.012 Thread 0x0000025d02c3be10 DEOPT UNPACKING pc=0x0000025d0620e77e sp=0x000000c927df7598 mode 0
Event: 1.023 Thread 0x0000025d02c3be10 DEOPT PACKING pc=0x0000025d067d0667 sp=0x000000c927dfbb60
Event: 1.023 Thread 0x0000025d02c3be10 DEOPT UNPACKING pc=0x0000025d0620e77e sp=0x000000c927dfafc8 mode 0
Event: 1.023 Thread 0x0000025d02c3be10 DEOPT PACKING pc=0x0000025d067d0667 sp=0x000000c927dfbb60
Event: 1.023 Thread 0x0000025d02c3be10 DEOPT UNPACKING pc=0x0000025d0620e77e sp=0x000000c927dfafc8 mode 0
Event: 1.024 Thread 0x0000025d02c3be10 DEOPT PACKING pc=0x0000025d067d0667 sp=0x000000c927dfbb60
Event: 1.024 Thread 0x0000025d02c3be10 DEOPT UNPACKING pc=0x0000025d0620e77e sp=0x000000c927dfafc8 mode 0

Classes unloaded (0 events):
No events

Classes redefined (16 events):
Event: 538.375 Thread 0x0000025d22017260 redefined class name=RedBlackTree, count=1
Event: 538.375 Thread 0x0000025d22017260 redefined class name=RedBlackTree2, count=1
Event: 538.375 Thread 0x0000025d22017260 redefined class name=RedBlackTree2$Node, count=1
Event: 538.375 Thread 0x0000025d22017260 redefined class name=SortedCollectionInterface, count=1
Event: 631.823 Thread 0x0000025d22017260 redefined class name=RedBlackTree, count=2
Event: 631.823 Thread 0x0000025d22017260 redefined class name=RedBlackTree2, count=2
Event: 631.823 Thread 0x0000025d22017260 redefined class name=RedBlackTree2$Node, count=2
Event: 631.823 Thread 0x0000025d22017260 redefined class name=SortedCollectionInterface, count=2
Event: 828.342 Thread 0x0000025d22017260 redefined class name=RedBlackTree, count=3
Event: 928.073 Thread 0x0000025d22017260 redefined class name=RedBlackTree, count=4
Event: 987.555 Thread 0x0000025d22017260 redefined class name=RedBlackTree, count=5
Event: 1067.738 Thread 0x0000025d22017260 redefined class name=RedBlackTree, count=6
Event: 1160.380 Thread 0x0000025d22017260 redefined class name=RedBlackTree, count=7
Event: 1225.353 Thread 0x0000025d22017260 redefined class name=RedBlackTree, count=8
Event: 1327.243 Thread 0x0000025d22017260 redefined class name=RedBlackTree, count=9
Event: 1377.323 Thread 0x0000025d22017260 redefined class name=RedBlackTree, count=10

Internal exceptions (1 events):
Event: 0.935 Thread 0x0000025d02c3be10 Exception <a 'java/lang/NoSuchMethodError'{0x0000000713a9d8e0}: 'java.lang.Object java.lang.invoke.DirectMethodHandle$Holder.invokeStatic(java.lang.Object)'> (0x0000000713a9d8e0) 
thrown [t:\workspace\open\src\hotspot\share\interpreter\linkResolver.cpp, line 790]

Events (20 events):
Event: 1160.400 Executing  VM operation: ChangeBreakpoints done
Event: 1225.351 Executing  VM operation: RedefineClasses
Event: 1225.361 Executing  VM operation: RedefineClasses done
Event: 1225.375 Executing  VM operation: ChangeBreakpoints
Event: 1225.376 Executing  VM operation: ChangeBreakpoints done
Event: 1225.388 Executing  VM operation: ChangeBreakpoints
Event: 1225.388 Executing  VM operation: ChangeBreakpoints done
Event: 1327.242 Executing  VM operation: RedefineClasses
Event: 1327.247 Executing  VM operation: RedefineClasses done
Event: 1327.260 Executing  VM operation: ChangeBreakpoints
Event: 1327.261 Executing  VM operation: ChangeBreakpoints done
Event: 1327.276 Executing  VM operation: ChangeBreakpoints
Event: 1327.276 Executing  VM operation: ChangeBreakpoints done
Event: 1377.321 Executing  VM operation: RedefineClasses
Event: 1377.330 Executing  VM operation: RedefineClasses done
Event: 1377.345 Executing  VM operation: ChangeBreakpoints
Event: 1377.346 Executing  VM operation: ChangeBreakpoints done
Event: 1377.355 Executing  VM operation: ChangeBreakpoints
Event: 1377.356 Executing  VM operation: ChangeBreakpoints done
Event: 1494.396 Executing  VM operation: get/set locals


Dynamic libraries:
0x00007ff7f49f0000 - 0x00007ff7f49fe000 	C:\Users\lukee\.p2\pool\plugins\org.eclipse.justj.openjdk.hotspot.jre.full.win32.x86_64_16.0.2.v20210721-1149\jre\bin\javaw.exe
0x00007ffe84ef0000 - 0x00007ffe850e5000 	C:\Windows\SYSTEM32\ntdll.dll
0x00007ffe847e0000 - 0x00007ffe8489e000 	C:\Windows\System32\KERNEL32.DLL
0x00007ffe82ae0000 - 0x00007ffe82da8000 	C:\Windows\System32\KERNELBASE.dll
0x00007ffe827a0000 - 0x00007ffe828a0000 	C:\Windows\System32\ucrtbase.dll
0x00007ffe65430000 - 0x00007ffe65448000 	C:\Users\lukee\.p2\pool\plugins\org.eclipse.justj.openjdk.hotspot.jre.full.win32.x86_64_16.0.2.v20210721-1149\jre\bin\jli.dll
0x00007ffe6e4b0000 - 0x00007ffe6e4c9000 	C:\Users\lukee\.p2\pool\plugins\org.eclipse.justj.openjdk.hotspot.jre.full.win32.x86_64_16.0.2.v20210721-1149\jre\bin\VCRUNTIME140.dll
0x00007ffe70510000 - 0x00007ffe707aa000 	C:\Windows\WinSxS\amd64_microsoft.windows.common-controls_6595b64144ccf1df_6.0.19041.1110_none_60b5254171f9507e\COMCTL32.dll
0x00007ffe839a0000 - 0x00007ffe83a3e000 	C:\Windows\System32\msvcrt.dll
0x00007ffe842b0000 - 0x00007ffe84450000 	C:\Windows\System32\USER32.dll
0x00007ffe837e0000 - 0x00007ffe8380b000 	C:\Windows\System32\GDI32.dll
0x00007ffe82610000 - 0x00007ffe82632000 	C:\Windows\System32\win32u.dll
0x00007ffe829d0000 - 0x00007ffe82adb000 	C:\Windows\System32\gdi32full.dll
0x00007ffe82e40000 - 0x00007ffe82edd000 	C:\Windows\System32\msvcp_win.dll
0x00007ffe845f0000 - 0x00007ffe84620000 	C:\Windows\System32\IMM32.DLL
0x00007ffe707c0000 - 0x00007ffe707cc000 	C:\Users\lukee\.p2\pool\plugins\org.eclipse.justj.openjdk.hotspot.jre.full.win32.x86_64_16.0.2.v20210721-1149\jre\bin\vcruntime140_1.dll
0x00007ffe503c0000 - 0x00007ffe50451000 	C:\Users\lukee\.p2\pool\plugins\org.eclipse.justj.openjdk.hotspot.jre.full.win32.x86_64_16.0.2.v20210721-1149\jre\bin\msvcp140.dll
0x00007ffe3b240000 - 0x00007ffe3bdeb000 	C:\Users\lukee\.p2\pool\plugins\org.eclipse.justj.openjdk.hotspot.jre.full.win32.x86_64_16.0.2.v20210721-1149\jre\bin\server\jvm.dll
0x00007ffe84d20000 - 0x00007ffe84dce000 	C:\Windows\System32\ADVAPI32.dll
0x00007ffe832b0000 - 0x00007ffe8334c000 	C:\Windows\System32\sechost.dll
0x00007ffe84620000 - 0x00007ffe84745000 	C:\Windows\System32\RPCRT4.dll
0x00007ffe83b50000 - 0x00007ffe83b58000 	C:\Windows\System32\PSAPI.DLL
0x00007ffe7f560000 - 0x00007ffe7f569000 	C:\Windows\SYSTEM32\WSOCK32.dll
0x00007ffe5c870000 - 0x00007ffe5c897000 	C:\Windows\SYSTEM32\WINMM.dll
0x00007ffe84e30000 - 0x00007ffe84e9b000 	C:\Windows\System32\WS2_32.dll
0x00007ffe7b090000 - 0x00007ffe7b09a000 	C:\Windows\SYSTEM32\VERSION.dll
0x00007ffe80eb0000 - 0x00007ffe80ec2000 	C:\Windows\SYSTEM32\kernel.appcore.dll
0x00007ffe6fe90000 - 0x00007ffe6fe9a000 	C:\Users\lukee\.p2\pool\plugins\org.eclipse.justj.openjdk.hotspot.jre.full.win32.x86_64_16.0.2.v20210721-1149\jre\bin\jimage.dll
0x00007ffe80bc0000 - 0x00007ffe80da4000 	C:\Windows\SYSTEM32\DBGHELP.DLL
0x00007ffe69a90000 - 0x00007ffe69abc000 	C:\Windows\SYSTEM32\dbgcore.DLL
0x00007ffe82db0000 - 0x00007ffe82e32000 	C:\Windows\System32\bcryptPrimitives.dll
0x00007ffe5f9b0000 - 0x00007ffe5f9eb000 	C:\Users\lukee\.p2\pool\plugins\org.eclipse.justj.openjdk.hotspot.jre.full.win32.x86_64_16.0.2.v20210721-1149\jre\bin\jdwp.dll
0x00007ffe6e950000 - 0x00007ffe6e95e000 	C:\Users\lukee\.p2\pool\plugins\org.eclipse.justj.openjdk.hotspot.jre.full.win32.x86_64_16.0.2.v20210721-1149\jre\bin\instrument.dll
0x00007ffe65400000 - 0x00007ffe65425000 	C:\Users\lukee\.p2\pool\plugins\org.eclipse.justj.openjdk.hotspot.jre.full.win32.x86_64_16.0.2.v20210721-1149\jre\bin\java.dll
0x00007ffe6a2f0000 - 0x00007ffe6a308000 	C:\Users\lukee\.p2\pool\plugins\org.eclipse.justj.openjdk.hotspot.jre.full.win32.x86_64_16.0.2.v20210721-1149\jre\bin\zip.dll
0x00007ffe83b60000 - 0x00007ffe842a4000 	C:\Windows\System32\SHELL32.dll
0x00007ffe80350000 - 0x00007ffe80ae4000 	C:\Windows\SYSTEM32\windows.storage.dll
0x00007ffe82f50000 - 0x00007ffe832a4000 	C:\Windows\System32\combase.dll
0x00007ffe82070000 - 0x00007ffe8209c000 	C:\Windows\SYSTEM32\Wldp.dll
0x00007ffe83a40000 - 0x00007ffe83aed000 	C:\Windows\System32\SHCORE.dll
0x00007ffe84ba0000 - 0x00007ffe84bf5000 	C:\Windows\System32\shlwapi.dll
0x00007ffe82550000 - 0x00007ffe8256f000 	C:\Windows\SYSTEM32\profapi.dll
0x00007ffe6e4a0000 - 0x00007ffe6e4ac000 	C:\Users\lukee\.p2\pool\plugins\org.eclipse.justj.openjdk.hotspot.jre.full.win32.x86_64_16.0.2.v20210721-1149\jre\bin\dt_socket.dll
0x00007ffe81a70000 - 0x00007ffe81aab000 	C:\Windows\SYSTEM32\IPHLPAPI.DLL
0x00007ffe81dd0000 - 0x00007ffe81e3a000 	C:\Windows\system32\mswsock.dll
0x00007ffe81ab0000 - 0x00007ffe81b7a000 	C:\Windows\SYSTEM32\DNSAPI.dll
0x00007ffe84ea0000 - 0x00007ffe84ea8000 	C:\Windows\System32\NSI.dll
0x00007ffe7b080000 - 0x00007ffe7b08a000 	C:\Windows\System32\rasadhlp.dll
0x00007ffe78f10000 - 0x00007ffe78f8f000 	C:\Windows\System32\fwpuclnt.dll
0x00007ffe829a0000 - 0x00007ffe829c7000 	C:\Windows\System32\bcrypt.dll
0x00007ffe69b90000 - 0x00007ffe69ba9000 	C:\Users\lukee\.p2\pool\plugins\org.eclipse.justj.openjdk.hotspot.jre.full.win32.x86_64_16.0.2.v20210721-1149\jre\bin\net.dll
0x00007ffe7d070000 - 0x00007ffe7d179000 	C:\Windows\SYSTEM32\WINHTTP.dll
0x00007ffe64ae0000 - 0x00007ffe64af3000 	C:\Users\lukee\.p2\pool\plugins\org.eclipse.justj.openjdk.hotspot.jre.full.win32.x86_64_16.0.2.v20210721-1149\jre\bin\nio.dll
0x00007ffe6fcc0000 - 0x00007ffe6fcd0000 	C:\Users\lukee\.p2\pool\plugins\org.eclipse.justj.openjdk.hotspot.jre.full.win32.x86_64_16.0.2.v20210721-1149\jre\bin\verify.dll

dbghelp: loaded successfully - version: 4.0.5 - missing functions: none
symbol engine: initialized successfully - sym options: 0x614 - pdb path: .;C:\Users\lukee\.p2\pool\plugins\org.eclipse.justj.openjdk.hotspot.jre.full.win32.x86_64_16.0.2.v20210721-1149\jre\bin;C:\Windows\SYSTEM32;C:\Windows\WinSxS\amd64_microsoft.windows.common-controls_6595b64144ccf1df_6.0.19041.1110_none_60b5254171f9507e;C:\Users\lukee\.p2\pool\plugins\org.eclipse.justj.openjdk.hotspot.jre.full.win32.x86_64_16.0.2.v20210721-1149\jre\bin\server

VM Arguments:
jvm_args: -XX:+ShowCodeDetailsInExceptionMessages -agentlib:jdwp=transport=dt_socket,suspend=y,address=localhost:50746 -javaagent:C:\Users\lukee\eclipse\java-2021-06\eclipse\configuration\org.eclipse.osgi\222\0\.cp\lib\javaagent-shaded.jar -Dfile.encoding=Cp1252 
java_command: RedBlackTree
java_class_path (initial): C:\Users\lukee\eclipse-workspace\2. Red-Black Tree\bin
Launcher Type: SUN_STANDARD

[Global flags]
     intx CICompilerCount                          = 4                                         {product} {ergonomic}
     uint ConcGCThreads                            = 2                                         {product} {ergonomic}
     uint G1ConcRefinementThreads                  = 8                                         {product} {ergonomic}
   size_t G1HeapRegionSize                         = 2097152                                   {product} {ergonomic}
    uintx GCDrainStackTargetSize                   = 64                                        {product} {ergonomic}
   size_t InitialHeapSize                          = 264241152                                 {product} {ergonomic}
   size_t MarkStackSize                            = 4194304                                   {product} {ergonomic}
   size_t MaxHeapSize                              = 4223664128                                {product} {ergonomic}
   size_t MaxNewSize                               = 2533359616                                {product} {ergonomic}
   size_t MinHeapDeltaBytes                        = 2097152                                   {product} {ergonomic}
   size_t MinHeapSize                              = 8388608                                   {product} {ergonomic}
    uintx NonNMethodCodeHeapSize                   = 5839372                                {pd product} {ergonomic}
    uintx NonProfiledCodeHeapSize                  = 122909434                              {pd product} {ergonomic}
    uintx ProfiledCodeHeapSize                     = 122909434                              {pd product} {ergonomic}
    uintx ReservedCodeCacheSize                    = 251658240                              {pd product} {ergonomic}
     bool SegmentedCodeCache                       = true                                      {product} {ergonomic}
     bool ShowCodeDetailsInExceptionMessages       = true                                   {manageable} {command line}
   size_t SoftMaxHeapSize                          = 4223664128                             {manageable} {ergonomic}
     bool UseCompressedClassPointers               = true                           {product lp64_product} {ergonomic}
     bool UseCompressedOops                        = true                           {product lp64_product} {ergonomic}
     bool UseG1GC                                  = true                                      {product} {ergonomic}
     bool UseLargePagesIndividualAllocation        = false                                  {pd product} {ergonomic}

Logging:
Log output configuration:
 #0: stdout all=warning uptime,level,tags
 #1: stderr all=off uptime,level,tags

Environment Variables:
PATH=C:\Users\lukee\.p2\pool\plugins\org.eclipse.justj.openjdk.hotspot.jre.full.win32.x86_64_16.0.2.v20210721-1149\jre\bin;C:/Users/lukee/.p2/pool/plugins/org.eclipse.justj.openjdk.hotspot.jre.full.win32.x86_64_16.0.2.v20210721-1149/jre/bin/server;C:/Users/lukee/.p2/pool/plugins/org.eclipse.justj.openjdk.hotspot.jre.full.win32.x86_64_16.0.2.v20210721-1149/jre/bin;C:\Python310\Scripts\;C:\Python310\;C:\Program Files\Eclipse Foundation\jdk-11.0.12.7-hotspot\bin;C:\Windows\system32;C:\Windows;C:\Windows\System32\Wbem;C:\Windows\System32\WindowsPowerShell\v1.0\;C:\Windows\System32\OpenSSH\;C:\Program Files\Git\cmd;C:\ProgramData\chocolatey\bin;C:\Program Files\nodejs\;C:\Users\lukee\scoop\shims;C:\Ruby30-x64\bin;C:\Users\lukee\AppData\Local\Microsoft\WindowsApps;C:\Users\lukee\AppData\Local\GitHubDesktop\bin;C:\Users\lukee\AppData\Local\Programs\Microsoft VS Code\bin;C:\Users\lukee\AppData\Roaming\npm;C:\Windows\system32;
USERNAME=lukee
OS=Windows_NT
PROCESSOR_IDENTIFIER=Intel64 Family 6 Model 140 Stepping 1, GenuineIntel



---------------  S Y S T E M  ---------------

OS:
 Windows 10 , 64 bit Build 19041 (10.0.19041.1566)
OS uptime: 12 days 7:15 hours

CPU: total 8 (initial active 8) (4 cores per cpu, 2 threads per core) family 6 model 140 stepping 1 microcode 0x86, cx8, cmov, fxsr, ht, mmx, 3dnowpref, sse, sse2, sse3, ssse3, sse4.1, sse4.2, popcnt, lzcnt, tsc, tscinvbit, avx, avx2, aes, erms, clmul, bmi1, bmi2, adx, avx512f, avx512dq, avx512cd, avx512bw, avx512vl, sha, fma, vzeroupper, avx512_vpopcntdq, avx512_vpclmulqdq, avx512_vaes, avx512_vnni, clflush, clflushopt, clwb, avx512_vmbi2, avx512_vmbi

Memory: 4k page, system-wide physical 16106M (4730M free)
TotalPageFile size 22695M (AvailPageFile size 2416M)
current process WorkingSet (physical memory assigned to process): 46M, peak: 47M
current process commit charge ("private bytes"): 338M, peak: 341M

vm_info: OpenJDK 64-Bit Server VM (16.0.2+7-67) for windows-amd64 JRE (16.0.2+7-67), built on Jun  8 2021 23:21:43 by "mach5one" with MS VC++ 16.7 (VS2019)

END.
