#
# A fatal error has been detected by the Java Runtime Environment:
#
#  EXCEPTION_ACCESS_VIOLATION (0xc0000005) at pc=0x00007ffe3b47a358, pid=1668, tid=7664
#
# JRE version: OpenJDK Runtime Environment (16.0.2+7) (build 16.0.2+7-67)
# Java VM: OpenJDK 64-Bit Server VM (16.0.2+7-67, mixed mode, tiered, compressed oops, compressed class ptrs, g1 gc, windows-amd64)
# Problematic frame:
# V  [jvm.dll+0x23a358]
#
# No core dump will be written. Minidumps are not enabled by default on client versions of Windows
#
# If you would like to submit a bug report, please visit:
#   https://bugreport.java.com/bugreport/crash.jsp
#

---------------  S U M M A R Y ------------

Command Line: -XX:+ShowCodeDetailsInExceptionMessages -agentlib:jdwp=transport=dt_socket,suspend=y,address=localhost:50840 -javaagent:C:\Users\lukee\eclipse\java-2021-06\eclipse\configuration\org.eclipse.osgi\222\0\.cp\lib\javaagent-shaded.jar -Dfile.encoding=Cp1252 RedBlackTree

Host: 11th Gen Intel(R) Core(TM) i5-1135G7 @ 2.40GHz, 8 cores, 15G,  Windows 10 , 64 bit Build 19041 (10.0.19041.1566)
Time: Mon Mar 21 21:14:29 2022 Central Daylight Time elapsed time: 318.440389 seconds (0d 0h 5m 18s)

---------------  T H R E A D  ---------------

Current thread (0x0000021aa1f76ed0):  GCTaskThread "GC Thread#3" [stack: 0x00000090ce900000,0x00000090cea00000] [id=7664]

Stack: [0x00000090ce900000,0x00000090cea00000],  sp=0x00000090ce9fdbb8,  free space=1014k
Native frames: (J=compiled Java code, j=interpreted, Vv=VM code, C=native code)
V  [jvm.dll+0x23a358]

JavaThread 0x0000021a824fd810 (nid = 15396) was being processed
Java frames: (J=compiled Java code, j=interpreted, Vv=VM code)
j  java.util.Arrays.copyOfRange([BII)[B+41 java.base@16.0.2
j  java.lang.StringLatin1.newString([BII)Ljava/lang/String;+16 java.base@16.0.2
j  java.lang.StringBuilder.toString()Ljava/lang/String;+16 java.base@16.0.2
j  RedBlackTree2.toLevelOrderString()Ljava/lang/String;+87
j  RedBlackTree.test4()Z+52
j  RedBlackTree.main([Ljava/lang/String;)V+13
v  ~StubRoutines::call_stub

siginfo: EXCEPTION_ACCESS_VIOLATION (0xc0000005), reading address 0x0000021aa2863f80


Register to memory mapping:

RIP=0x00007ffe3b47a358 jvm.dll
RAX=0x0000000000026220 is an unknown value
RBX=0x00000090ce9fde60 points into unknown readable memory: 0x00007ffe3bb72218 | 18 22 b7 3b fe 7f 00 00
RCX=0x0000021aa283dd60 is pointing into metadata
RDX=0x0000000000001310 is an unknown value
RSP=0x00000090ce9fdbb8 points into unknown readable memory: 0x00007ffe3b56cac3 | c3 ca 56 3b fe 7f 00 00
RBP=0x0000000000000001 is an unknown value
RSI=0x0000000000000001 is an unknown value
RDI=0x0000021aa283b2b8 is pointing into metadata
R8 =0x0 is NULL
R9 =0x0000021aa283b2b8 is pointing into metadata
R10=0x00000090ce9fde60 points into unknown readable memory: 0x00007ffe3bb72218 | 18 22 b7 3b fe 7f 00 00
R11=0x0000021aa191c290 points into unknown readable memory: 0x2fffffff46000000 | 00 00 00 46 ff ff ff 2f
R12=0x00007ffe3b240000 jvm.dll
R13=0x0000021aa191c260 points into unknown readable memory: 0x0000000000000000 | 00 00 00 00 00 00 00 00
R14=0x0000021aa283db16 is pointing into metadata
R15=0x000000000000003c is an unknown value


Registers:
RAX=0x0000000000026220, RBX=0x00000090ce9fde60, RCX=0x0000021aa283dd60, RDX=0x0000000000001310
RSP=0x00000090ce9fdbb8, RBP=0x0000000000000001, RSI=0x0000000000000001, RDI=0x0000021aa283b2b8
R8 =0x0000000000000000, R9 =0x0000021aa283b2b8, R10=0x00000090ce9fde60, R11=0x0000021aa191c290
R12=0x00007ffe3b240000, R13=0x0000021aa191c260, R14=0x0000021aa283db16, R15=0x000000000000003c
RIP=0x00007ffe3b47a358, EFLAGS=0x0000000000010202

Top of Stack: (sp=0x00000090ce9fdbb8)
0x00000090ce9fdbb8:   00007ffe3b56cac3 00000090ce9fdc30
0x00000090ce9fdbc8:   00007ffe3b5706b3 00000090ce9fdc30
0x00000090ce9fdbd8:   00007ffe3b3650fe 0000021aa283db48
0x00000090ce9fdbe8:   0000000000000000 8fffffff46000000
0x00000090ce9fdbf8:   8fffffff8fffffff 0000e7bfcefabaa0
0x00000090ce9fdc08:   0000e7bfcefabab0 0000021aa283db16
0x00000090ce9fdc18:   00000000000000b2 00000090ce9fde60
0x00000090ce9fdc28:   00007ffe3b56f022 0000021aa283db0c
0x00000090ce9fdc38:   00000090ce9fdcd0 0000000000000001
0x00000090ce9fdc48:   0000021aa283daf3 0000009000000026
0x00000090ce9fdc58:   0000000000000000 00000090ce9fe0f8
0x00000090ce9fdc68:   00007ffe3b925ac0 00000090ce9fdcd0
0x00000090ce9fdc78:   00007ffe3b3650fe 0000021aa283db48
0x00000090ce9fdc88:   00000090ce9fde60 000000000000003c
0x00000090ce9fdc98:   00000000000000b2 00000090ce9fde60
0x00000090ce9fdca8:   00007ffe3b56f72e 00000090ce9fdd00 

Instructions: (pc=0x00007ffe3b47a358)
0x00007ffe3b47a258:   03 03 03 03 03 03 03 03 03 03 03 03 03 03 03 03
0x00007ffe3b47a268:   03 03 03 03 03 03 03 03 03 03 03 03 03 03 03 03
0x00007ffe3b47a278:   03 03 03 03 03 03 03 03 03 03 03 03 03 03 03 03
0x00007ffe3b47a288:   03 03 03 03 03 03 03 03 03 03 03 03 03 03 03 03
0x00007ffe3b47a298:   03 03 03 02 03 03 02 cc 48 89 5c 24 08 48 89 74
0x00007ffe3b47a2a8:   24 10 57 48 83 ec 20 48 63 da 41 0f b6 f0 48 8b
0x00007ffe3b47a2b8:   f9 85 d2 79 24 4c 8d 0d 1c 95 69 00 ba b4 02 00
0x00007ffe3b47a2c8:   00 4c 8d 05 48 95 69 00 48 8d 0d b1 94 69 00 e8
0x00007ffe3b47a2d8:   64 88 00 00 e8 5f da 42 00 40 84 f6 75 18 48 8b
0x00007ffe3b47a2e8:   4f 10 48 85 c9 74 0f 48 8d 43 01 48 c1 e0 05 48
0x00007ffe3b47a2f8:   8b 04 08 0f b7 d8 48 8b 74 24 38 48 63 c3 48 8b
0x00007ffe3b47a308:   5c 24 30 0f b7 44 c7 48 48 83 c4 20 5f c3 cc cc
0x00007ffe3b47a318:   cc cc cc cc cc cc cc cc 4c 8b c9 45 84 c0 75 41
0x00007ffe3b47a328:   48 8b 49 10 48 85 c9 74 38 85 d2 79 19 f7 d2 8b
0x00007ffe3b47a338:   c2 48 ff c0 48 c1 e0 05 48 8b 04 08 0f b7 c8 41
0x00007ffe3b47a348:   0f b7 44 c9 4a c3 48 63 c2 48 ff c0 48 c1 e0 05
0x00007ffe3b47a358:   48 8b 04 08 0f b7 d0 48 63 c2 41 0f b7 44 c1 4a
0x00007ffe3b47a368:   c3 49 8b 41 08 4c 63 c2 42 0f b6 44 00 04 8d 48
0x00007ffe3b47a378:   ef 80 f9 01 76 0e 3c 6a 74 0a 48 63 c2 41 0f b7
0x00007ffe3b47a388:   44 c1 4a c3 43 0f b7 44 c1 4a c3 cc cc cc cc cc
0x00007ffe3b47a398:   cc cc cc cc cc cc cc cc 40 53 48 83 ec 20 48 8b
0x00007ffe3b47a3a8:   d9 e8 72 ff ff ff 48 63 d0 0f b7 44 d3 48 48 8b
0x00007ffe3b47a3b8:   44 c3 48 48 83 c4 20 5b c3 cc cc cc cc cc cc cc
0x00007ffe3b47a3c8:   cc cc cc cc cc cc cc cc 40 53 48 83 ec 20 48 8b
0x00007ffe3b47a3d8:   d9 e8 42 ff ff ff 48 63 d0 0f b7 44 d3 4a 48 8b
0x00007ffe3b47a3e8:   44 c3 48 48 83 c4 20 5b c3 cc cc cc cc cc cc cc
0x00007ffe3b47a3f8:   cc cc cc cc cc cc cc cc 4c 8b d1 45 84 c9 75 28
0x00007ffe3b47a408:   4c 8b 49 10 4d 85 c9 74 1f 45 85 c0 79 08 41 f7
0x00007ffe3b47a418:   d0 41 8b c0 eb 03 49 63 c0 48 ff c0 48 c1 e0 05
0x00007ffe3b47a428:   4a 8b 04 08 44 0f b7 c0 49 8b 42 08 49 63 c8 0f
0x00007ffe3b47a438:   b6 4c 08 04 48 8b c2 88 0a c3 cc cc cc cc cc cc
0x00007ffe3b47a448:   cc cc cc cc cc cc cc cc 40 56 57 41 54 41 56 41 


Stack slot to memory mapping:
stack at sp + 0 slots: 0x00007ffe3b56cac3 jvm.dll
stack at sp + 1 slots: 0x00000090ce9fdc30 points into unknown readable memory: 0x0000021aa283db0c | 0c db 83 a2 1a 02 00 00
stack at sp + 2 slots: 0x00007ffe3b5706b3 jvm.dll
stack at sp + 3 slots: 0x00000090ce9fdc30 points into unknown readable memory: 0x0000021aa283db0c | 0c db 83 a2 1a 02 00 00
stack at sp + 4 slots: 0x00007ffe3b3650fe jvm.dll
stack at sp + 5 slots: {method} {0x0000021aa283db50} 'test4' '()Z' in 'RedBlackTree'
stack at sp + 6 slots: 0x0 is NULL
stack at sp + 7 slots: 0x8fffffff46000000 is an unknown value


---------------  P R O C E S S  ---------------

Threads class SMR info:
_java_thread_list=0x0000021aa2028c70, length=15, elements={
0x0000021a824fd810, 0x0000021aa1833410, 0x0000021aa1834b10, 0x0000021aa0da95a0,
0x0000021aa185eeb0, 0x0000021aa18617d0, 0x0000021aa18621d0, 0x0000021aa1862f00,
0x0000021aa18740a0, 0x0000021aa18d57c0, 0x0000021aa196b9d0, 0x0000021aa1acfe60,
0x0000021aa1ad59a0, 0x0000021aa1ad6880, 0x0000021aa1bc0350
}

Java Threads: ( => current thread )
  0x0000021a824fd810 JavaThread "main" [_thread_blocked, id=15396, stack(0x00000090cd000000,0x00000090cd100000)]
  0x0000021aa1833410 JavaThread "Reference Handler" daemon [_thread_blocked, id=17748, stack(0x00000090cd800000,0x00000090cd900000)]
  0x0000021aa1834b10 JavaThread "Finalizer" daemon [_thread_blocked, id=6536, stack(0x00000090cd900000,0x00000090cda00000)]
  0x0000021aa0da95a0 JavaThread "Signal Dispatcher" daemon [_thread_blocked, id=5552, stack(0x00000090cda00000,0x00000090cdb00000)]
  0x0000021aa185eeb0 JavaThread "Attach Listener" daemon [_thread_blocked, id=18900, stack(0x00000090cdb00000,0x00000090cdc00000)]
  0x0000021aa18617d0 JavaThread "Service Thread" daemon [_thread_blocked, id=17028, stack(0x00000090cdc00000,0x00000090cdd00000)]
  0x0000021aa18621d0 JavaThread "Monitor Deflation Thread" daemon [_thread_blocked, id=8956, stack(0x00000090cdd00000,0x00000090cde00000)]
  0x0000021aa1862f00 JavaThread "C2 CompilerThread0" daemon [_thread_blocked, id=10068, stack(0x00000090cde00000,0x00000090cdf00000)]
  0x0000021aa18740a0 JavaThread "C1 CompilerThread0" daemon [_thread_blocked, id=6296, stack(0x00000090cdf00000,0x00000090ce000000)]
  0x0000021aa18d57c0 JavaThread "Sweeper thread" daemon [_thread_blocked, id=12572, stack(0x00000090ce000000,0x00000090ce100000)]
  0x0000021aa196b9d0 JavaThread "Common-Cleaner" daemon [_thread_blocked, id=16124, stack(0x00000090ce100000,0x00000090ce200000)]
  0x0000021aa1acfe60 JavaThread "JDWP Transport Listener: dt_socket" daemon [_thread_blocked, id=13156, stack(0x00000090ce200000,0x00000090ce300000)]
  0x0000021aa1ad59a0 JavaThread "JDWP Event Helper Thread" daemon [_thread_blocked, id=3048, stack(0x00000090ce300000,0x00000090ce400000)]
  0x0000021aa1ad6880 JavaThread "JDWP Command Reader" daemon [_thread_blocked, id=12680, stack(0x00000090ce400000,0x00000090ce500000)]
  0x0000021aa1bc0350 JavaThread "Notification Thread" daemon [_thread_blocked, id=1512, stack(0x00000090ce700000,0x00000090ce800000)]

Other Threads:
  0x0000021aa1815f40 VMThread "VM Thread" [stack: 0x00000090cd700000,0x00000090cd800000] [id=11688]
  0x0000021aa1b57270 WatcherThread [stack: 0x00000090ce800000,0x00000090ce900000] [id=15132]
  0x0000021a8254bac0 GCTaskThread "GC Thread#0" [stack: 0x00000090cd200000,0x00000090cd300000] [id=12672]
  0x0000021aa1f765a0 GCTaskThread "GC Thread#1" [stack: 0x00000090ce500000,0x00000090ce600000] [id=17540]
  0x0000021aa1f76bc0 GCTaskThread "GC Thread#2" [stack: 0x00000090ce600000,0x00000090ce700000] [id=8356]
=>0x0000021aa1f76ed0 GCTaskThread "GC Thread#3" [stack: 0x00000090ce900000,0x00000090cea00000] [id=7664]
  0x0000021aa1f75340 GCTaskThread "GC Thread#4" [stack: 0x00000090cea00000,0x00000090ceb00000] [id=13532]
  0x0000021aa1f75650 GCTaskThread "GC Thread#5" [stack: 0x00000090ceb00000,0x00000090cec00000] [id=15864]
  0x0000021a8255c7c0 ConcurrentGCThread "G1 Main Marker" [stack: 0x00000090cd300000,0x00000090cd400000] [id=10304]
  0x0000021a8255f9f0 ConcurrentGCThread "G1 Conc#0" [stack: 0x00000090cd400000,0x00000090cd500000] [id=1532]
  0x0000021a825d2e10 ConcurrentGCThread "G1 Refine#0" [stack: 0x00000090cd500000,0x00000090cd600000] [id=17896]
  0x0000021a825d3890 ConcurrentGCThread "G1 Service" [stack: 0x00000090cd600000,0x00000090cd700000] [id=13856]

Threads with active compile tasks:

VM state: at safepoint (normal execution)

VM Mutex/Monitor currently owned by a thread:  ([mutex/lock_event])
[0x0000021a824f8220] Threads_lock - owner thread: 0x0000021aa1815f40
[0x0000021a824f82b0] Heap_lock - owner thread: 0x0000021a824fd810

Heap address: 0x0000000704400000, size: 4028 MB, Compressed Oops mode: Zero based, Oop shift amount: 3

CDS disabled.
Compressed class space mapped at: 0x0000000800000000-0x0000000840000000, reserved size: 1073741824
Narrow klass base: 0x0000000800000000, Narrow klass shift: 0, Narrow klass range: 0x40000000

GC Precious Log:
 CPUs: 8 total, 8 available
 Memory: 16106M
 Large Page Support: Disabled
 NUMA Support: Disabled
 Compressed Oops: Enabled (Zero based)
 Heap Region Size: 2M
 Heap Min Capacity: 8M
 Heap Initial Capacity: 252M
 Heap Max Capacity: 4028M
 Pre-touch: Disabled
 Parallel Workers: 8
 Concurrent Workers: 2
 Concurrent Refinement Workers: 8
 Periodic GC: Disabled

Heap:
 garbage-first heap   total 258048K, used 22528K [0x0000000704400000, 0x0000000800000000)
  region size 2048K, 12 young (24576K), 1 survivors (2048K)
 Metaspace       used 9372K, committed 9536K, reserved 1064960K
  class space    used 795K, committed 896K, reserved 1048576K

Heap Regions: E=young(eden), S=young(survivor), O=old, HS=humongous(starts), HC=humongous(continues), CS=collection set, F=free, OA=open archive, CA=closed archive, TAMS=top-at-mark-start (previous, next)
|   0|0x0000000704400000, 0x0000000704400000, 0x0000000704600000|  0%| F|  |TAMS 0x0000000704400000, 0x0000000704400000| Untracked 
|   1|0x0000000704600000, 0x0000000704600000, 0x0000000704800000|  0%| F|  |TAMS 0x0000000704600000, 0x0000000704600000| Untracked 
|   2|0x0000000704800000, 0x0000000704800000, 0x0000000704a00000|  0%| F|  |TAMS 0x0000000704800000, 0x0000000704800000| Untracked 
|   3|0x0000000704a00000, 0x0000000704a00000, 0x0000000704c00000|  0%| F|  |TAMS 0x0000000704a00000, 0x0000000704a00000| Untracked 
|   4|0x0000000704c00000, 0x0000000704c00000, 0x0000000704e00000|  0%| F|  |TAMS 0x0000000704c00000, 0x0000000704c00000| Untracked 
|   5|0x0000000704e00000, 0x0000000704e00000, 0x0000000705000000|  0%| F|  |TAMS 0x0000000704e00000, 0x0000000704e00000| Untracked 
|   6|0x0000000705000000, 0x0000000705000000, 0x0000000705200000|  0%| F|  |TAMS 0x0000000705000000, 0x0000000705000000| Untracked 
|   7|0x0000000705200000, 0x0000000705200000, 0x0000000705400000|  0%| F|  |TAMS 0x0000000705200000, 0x0000000705200000| Untracked 
|   8|0x0000000705400000, 0x0000000705400000, 0x0000000705600000|  0%| F|  |TAMS 0x0000000705400000, 0x0000000705400000| Untracked 
|   9|0x0000000705600000, 0x0000000705600000, 0x0000000705800000|  0%| F|  |TAMS 0x0000000705600000, 0x0000000705600000| Untracked 
|  10|0x0000000705800000, 0x0000000705800000, 0x0000000705a00000|  0%| F|  |TAMS 0x0000000705800000, 0x0000000705800000| Untracked 
|  11|0x0000000705a00000, 0x0000000705a00000, 0x0000000705c00000|  0%| F|  |TAMS 0x0000000705a00000, 0x0000000705a00000| Untracked 
|  12|0x0000000705c00000, 0x0000000705c00000, 0x0000000705e00000|  0%| F|  |TAMS 0x0000000705c00000, 0x0000000705c00000| Untracked 
|  13|0x0000000705e00000, 0x0000000705e00000, 0x0000000706000000|  0%| F|  |TAMS 0x0000000705e00000, 0x0000000705e00000| Untracked 
|  14|0x0000000706000000, 0x0000000706000000, 0x0000000706200000|  0%| F|  |TAMS 0x0000000706000000, 0x0000000706000000| Untracked 
|  15|0x0000000706200000, 0x0000000706200000, 0x0000000706400000|  0%| F|  |TAMS 0x0000000706200000, 0x0000000706200000| Untracked 
|  16|0x0000000706400000, 0x0000000706400000, 0x0000000706600000|  0%| F|  |TAMS 0x0000000706400000, 0x0000000706400000| Untracked 
|  17|0x0000000706600000, 0x0000000706600000, 0x0000000706800000|  0%| F|  |TAMS 0x0000000706600000, 0x0000000706600000| Untracked 
|  18|0x0000000706800000, 0x0000000706800000, 0x0000000706a00000|  0%| F|  |TAMS 0x0000000706800000, 0x0000000706800000| Untracked 
|  19|0x0000000706a00000, 0x0000000706a00000, 0x0000000706c00000|  0%| F|  |TAMS 0x0000000706a00000, 0x0000000706a00000| Untracked 
|  20|0x0000000706c00000, 0x0000000706c00000, 0x0000000706e00000|  0%| F|  |TAMS 0x0000000706c00000, 0x0000000706c00000| Untracked 
|  21|0x0000000706e00000, 0x0000000706e00000, 0x0000000707000000|  0%| F|  |TAMS 0x0000000706e00000, 0x0000000706e00000| Untracked 
|  22|0x0000000707000000, 0x0000000707000000, 0x0000000707200000|  0%| F|  |TAMS 0x0000000707000000, 0x0000000707000000| Untracked 
|  23|0x0000000707200000, 0x0000000707200000, 0x0000000707400000|  0%| F|  |TAMS 0x0000000707200000, 0x0000000707200000| Untracked 
|  24|0x0000000707400000, 0x0000000707400000, 0x0000000707600000|  0%| F|  |TAMS 0x0000000707400000, 0x0000000707400000| Untracked 
|  25|0x0000000707600000, 0x0000000707600000, 0x0000000707800000|  0%| F|  |TAMS 0x0000000707600000, 0x0000000707600000| Untracked 
|  26|0x0000000707800000, 0x0000000707800000, 0x0000000707a00000|  0%| F|  |TAMS 0x0000000707800000, 0x0000000707800000| Untracked 
|  27|0x0000000707a00000, 0x0000000707a00000, 0x0000000707c00000|  0%| F|  |TAMS 0x0000000707a00000, 0x0000000707a00000| Untracked 
|  28|0x0000000707c00000, 0x0000000707c00000, 0x0000000707e00000|  0%| F|  |TAMS 0x0000000707c00000, 0x0000000707c00000| Untracked 
|  29|0x0000000707e00000, 0x0000000707e00000, 0x0000000708000000|  0%| F|  |TAMS 0x0000000707e00000, 0x0000000707e00000| Untracked 
|  30|0x0000000708000000, 0x0000000708000000, 0x0000000708200000|  0%| F|  |TAMS 0x0000000708000000, 0x0000000708000000| Untracked 
|  31|0x0000000708200000, 0x0000000708200000, 0x0000000708400000|  0%| F|  |TAMS 0x0000000708200000, 0x0000000708200000| Untracked 
|  32|0x0000000708400000, 0x0000000708400000, 0x0000000708600000|  0%| F|  |TAMS 0x0000000708400000, 0x0000000708400000| Untracked 
|  33|0x0000000708600000, 0x0000000708600000, 0x0000000708800000|  0%| F|  |TAMS 0x0000000708600000, 0x0000000708600000| Untracked 
|  34|0x0000000708800000, 0x0000000708800000, 0x0000000708a00000|  0%| F|  |TAMS 0x0000000708800000, 0x0000000708800000| Untracked 
|  35|0x0000000708a00000, 0x0000000708a00000, 0x0000000708c00000|  0%| F|  |TAMS 0x0000000708a00000, 0x0000000708a00000| Untracked 
|  36|0x0000000708c00000, 0x0000000708c00000, 0x0000000708e00000|  0%| F|  |TAMS 0x0000000708c00000, 0x0000000708c00000| Untracked 
|  37|0x0000000708e00000, 0x0000000708e00000, 0x0000000709000000|  0%| F|  |TAMS 0x0000000708e00000, 0x0000000708e00000| Untracked 
|  38|0x0000000709000000, 0x0000000709000000, 0x0000000709200000|  0%| F|  |TAMS 0x0000000709000000, 0x0000000709000000| Untracked 
|  39|0x0000000709200000, 0x0000000709200000, 0x0000000709400000|  0%| F|  |TAMS 0x0000000709200000, 0x0000000709200000| Untracked 
|  40|0x0000000709400000, 0x0000000709400000, 0x0000000709600000|  0%| F|  |TAMS 0x0000000709400000, 0x0000000709400000| Untracked 
|  41|0x0000000709600000, 0x0000000709600000, 0x0000000709800000|  0%| F|  |TAMS 0x0000000709600000, 0x0000000709600000| Untracked 
|  42|0x0000000709800000, 0x0000000709800000, 0x0000000709a00000|  0%| F|  |TAMS 0x0000000709800000, 0x0000000709800000| Untracked 
|  43|0x0000000709a00000, 0x0000000709a00000, 0x0000000709c00000|  0%| F|  |TAMS 0x0000000709a00000, 0x0000000709a00000| Untracked 
|  44|0x0000000709c00000, 0x0000000709c00000, 0x0000000709e00000|  0%| F|  |TAMS 0x0000000709c00000, 0x0000000709c00000| Untracked 
|  45|0x0000000709e00000, 0x0000000709e00000, 0x000000070a000000|  0%| F|  |TAMS 0x0000000709e00000, 0x0000000709e00000| Untracked 
|  46|0x000000070a000000, 0x000000070a000000, 0x000000070a200000|  0%| F|  |TAMS 0x000000070a000000, 0x000000070a000000| Untracked 
|  47|0x000000070a200000, 0x000000070a200000, 0x000000070a400000|  0%| F|  |TAMS 0x000000070a200000, 0x000000070a200000| Untracked 
|  48|0x000000070a400000, 0x000000070a400000, 0x000000070a600000|  0%| F|  |TAMS 0x000000070a400000, 0x000000070a400000| Untracked 
|  49|0x000000070a600000, 0x000000070a600000, 0x000000070a800000|  0%| F|  |TAMS 0x000000070a600000, 0x000000070a600000| Untracked 
|  50|0x000000070a800000, 0x000000070a800000, 0x000000070aa00000|  0%| F|  |TAMS 0x000000070a800000, 0x000000070a800000| Untracked 
|  51|0x000000070aa00000, 0x000000070aa00000, 0x000000070ac00000|  0%| F|  |TAMS 0x000000070aa00000, 0x000000070aa00000| Untracked 
|  52|0x000000070ac00000, 0x000000070ac00000, 0x000000070ae00000|  0%| F|  |TAMS 0x000000070ac00000, 0x000000070ac00000| Untracked 
|  53|0x000000070ae00000, 0x000000070ae00000, 0x000000070b000000|  0%| F|  |TAMS 0x000000070ae00000, 0x000000070ae00000| Untracked 
|  54|0x000000070b000000, 0x000000070b000000, 0x000000070b200000|  0%| F|  |TAMS 0x000000070b000000, 0x000000070b000000| Untracked 
|  55|0x000000070b200000, 0x000000070b200000, 0x000000070b400000|  0%| F|  |TAMS 0x000000070b200000, 0x000000070b200000| Untracked 
|  56|0x000000070b400000, 0x000000070b400000, 0x000000070b600000|  0%| F|  |TAMS 0x000000070b400000, 0x000000070b400000| Untracked 
|  57|0x000000070b600000, 0x000000070b600000, 0x000000070b800000|  0%| F|  |TAMS 0x000000070b600000, 0x000000070b600000| Untracked 
|  58|0x000000070b800000, 0x000000070b800000, 0x000000070ba00000|  0%| F|  |TAMS 0x000000070b800000, 0x000000070b800000| Untracked 
|  59|0x000000070ba00000, 0x000000070ba00000, 0x000000070bc00000|  0%| F|  |TAMS 0x000000070ba00000, 0x000000070ba00000| Untracked 
|  60|0x000000070bc00000, 0x000000070bc00000, 0x000000070be00000|  0%| F|  |TAMS 0x000000070bc00000, 0x000000070bc00000| Untracked 
|  61|0x000000070be00000, 0x000000070be00000, 0x000000070c000000|  0%| F|  |TAMS 0x000000070be00000, 0x000000070be00000| Untracked 
|  62|0x000000070c000000, 0x000000070c000000, 0x000000070c200000|  0%| F|  |TAMS 0x000000070c000000, 0x000000070c000000| Untracked 
|  63|0x000000070c200000, 0x000000070c200000, 0x000000070c400000|  0%| F|  |TAMS 0x000000070c200000, 0x000000070c200000| Untracked 
|  64|0x000000070c400000, 0x000000070c400000, 0x000000070c600000|  0%| F|  |TAMS 0x000000070c400000, 0x000000070c400000| Untracked 
|  65|0x000000070c600000, 0x000000070c600000, 0x000000070c800000|  0%| F|  |TAMS 0x000000070c600000, 0x000000070c600000| Untracked 
|  66|0x000000070c800000, 0x000000070c800000, 0x000000070ca00000|  0%| F|  |TAMS 0x000000070c800000, 0x000000070c800000| Untracked 
|  67|0x000000070ca00000, 0x000000070ca00000, 0x000000070cc00000|  0%| F|  |TAMS 0x000000070ca00000, 0x000000070ca00000| Untracked 
|  68|0x000000070cc00000, 0x000000070cc00000, 0x000000070ce00000|  0%| F|  |TAMS 0x000000070cc00000, 0x000000070cc00000| Untracked 
|  69|0x000000070ce00000, 0x000000070ce00000, 0x000000070d000000|  0%| F|  |TAMS 0x000000070ce00000, 0x000000070ce00000| Untracked 
|  70|0x000000070d000000, 0x000000070d000000, 0x000000070d200000|  0%| F|  |TAMS 0x000000070d000000, 0x000000070d000000| Untracked 
|  71|0x000000070d200000, 0x000000070d200000, 0x000000070d400000|  0%| F|  |TAMS 0x000000070d200000, 0x000000070d200000| Untracked 
|  72|0x000000070d400000, 0x000000070d400000, 0x000000070d600000|  0%| F|  |TAMS 0x000000070d400000, 0x000000070d400000| Untracked 
|  73|0x000000070d600000, 0x000000070d600000, 0x000000070d800000|  0%| F|  |TAMS 0x000000070d600000, 0x000000070d600000| Untracked 
|  74|0x000000070d800000, 0x000000070d800000, 0x000000070da00000|  0%| F|  |TAMS 0x000000070d800000, 0x000000070d800000| Untracked 
|  75|0x000000070da00000, 0x000000070da00000, 0x000000070dc00000|  0%| F|  |TAMS 0x000000070da00000, 0x000000070da00000| Untracked 
|  76|0x000000070dc00000, 0x000000070dc00000, 0x000000070de00000|  0%| F|  |TAMS 0x000000070dc00000, 0x000000070dc00000| Untracked 
|  77|0x000000070de00000, 0x000000070de00000, 0x000000070e000000|  0%| F|  |TAMS 0x000000070de00000, 0x000000070de00000| Untracked 
|  78|0x000000070e000000, 0x000000070e000000, 0x000000070e200000|  0%| F|  |TAMS 0x000000070e000000, 0x000000070e000000| Untracked 
|  79|0x000000070e200000, 0x000000070e200000, 0x000000070e400000|  0%| F|  |TAMS 0x000000070e200000, 0x000000070e200000| Untracked 
|  80|0x000000070e400000, 0x000000070e400000, 0x000000070e600000|  0%| F|  |TAMS 0x000000070e400000, 0x000000070e400000| Untracked 
|  81|0x000000070e600000, 0x000000070e600000, 0x000000070e800000|  0%| F|  |TAMS 0x000000070e600000, 0x000000070e600000| Untracked 
|  82|0x000000070e800000, 0x000000070e800000, 0x000000070ea00000|  0%| F|  |TAMS 0x000000070e800000, 0x000000070e800000| Untracked 
|  83|0x000000070ea00000, 0x000000070ea00000, 0x000000070ec00000|  0%| F|  |TAMS 0x000000070ea00000, 0x000000070ea00000| Untracked 
|  84|0x000000070ec00000, 0x000000070ec00000, 0x000000070ee00000|  0%| F|  |TAMS 0x000000070ec00000, 0x000000070ec00000| Untracked 
|  85|0x000000070ee00000, 0x000000070ee00000, 0x000000070f000000|  0%| F|  |TAMS 0x000000070ee00000, 0x000000070ee00000| Untracked 
|  86|0x000000070f000000, 0x000000070f000000, 0x000000070f200000|  0%| F|  |TAMS 0x000000070f000000, 0x000000070f000000| Untracked 
|  87|0x000000070f200000, 0x000000070f200000, 0x000000070f400000|  0%| F|  |TAMS 0x000000070f200000, 0x000000070f200000| Untracked 
|  88|0x000000070f400000, 0x000000070f400000, 0x000000070f600000|  0%| F|  |TAMS 0x000000070f400000, 0x000000070f400000| Untracked 
|  89|0x000000070f600000, 0x000000070f600000, 0x000000070f800000|  0%| F|  |TAMS 0x000000070f600000, 0x000000070f600000| Untracked 
|  90|0x000000070f800000, 0x000000070f800000, 0x000000070fa00000|  0%| F|  |TAMS 0x000000070f800000, 0x000000070f800000| Untracked 
|  91|0x000000070fa00000, 0x000000070fa00000, 0x000000070fc00000|  0%| F|  |TAMS 0x000000070fa00000, 0x000000070fa00000| Untracked 
|  92|0x000000070fc00000, 0x000000070fc00000, 0x000000070fe00000|  0%| F|  |TAMS 0x000000070fc00000, 0x000000070fc00000| Untracked 
|  93|0x000000070fe00000, 0x000000070fe00000, 0x0000000710000000|  0%| F|  |TAMS 0x000000070fe00000, 0x000000070fe00000| Untracked 
|  94|0x0000000710000000, 0x0000000710000000, 0x0000000710200000|  0%| F|  |TAMS 0x0000000710000000, 0x0000000710000000| Untracked 
|  95|0x0000000710200000, 0x0000000710200000, 0x0000000710400000|  0%| F|  |TAMS 0x0000000710200000, 0x0000000710200000| Untracked 
|  96|0x0000000710400000, 0x0000000710400000, 0x0000000710600000|  0%| F|  |TAMS 0x0000000710400000, 0x0000000710400000| Untracked 
|  97|0x0000000710600000, 0x0000000710600000, 0x0000000710800000|  0%| F|  |TAMS 0x0000000710600000, 0x0000000710600000| Untracked 
|  98|0x0000000710800000, 0x0000000710800000, 0x0000000710a00000|  0%| F|  |TAMS 0x0000000710800000, 0x0000000710800000| Untracked 
|  99|0x0000000710a00000, 0x0000000710a00000, 0x0000000710c00000|  0%| F|  |TAMS 0x0000000710a00000, 0x0000000710a00000| Untracked 
| 100|0x0000000710c00000, 0x0000000710c00000, 0x0000000710e00000|  0%| F|  |TAMS 0x0000000710c00000, 0x0000000710c00000| Untracked 
| 101|0x0000000710e00000, 0x0000000710e00000, 0x0000000711000000|  0%| F|  |TAMS 0x0000000710e00000, 0x0000000710e00000| Untracked 
| 102|0x0000000711000000, 0x0000000711000000, 0x0000000711200000|  0%| F|  |TAMS 0x0000000711000000, 0x0000000711000000| Untracked 
| 103|0x0000000711200000, 0x0000000711200000, 0x0000000711400000|  0%| F|  |TAMS 0x0000000711200000, 0x0000000711200000| Untracked 
| 104|0x0000000711400000, 0x0000000711400000, 0x0000000711600000|  0%| F|  |TAMS 0x0000000711400000, 0x0000000711400000| Untracked 
| 105|0x0000000711600000, 0x0000000711600000, 0x0000000711800000|  0%| F|  |TAMS 0x0000000711600000, 0x0000000711600000| Untracked 
| 106|0x0000000711800000, 0x0000000711800000, 0x0000000711a00000|  0%| F|  |TAMS 0x0000000711800000, 0x0000000711800000| Untracked 
| 107|0x0000000711a00000, 0x0000000711a00000, 0x0000000711c00000|  0%| F|  |TAMS 0x0000000711a00000, 0x0000000711a00000| Untracked 
| 108|0x0000000711c00000, 0x0000000711c00000, 0x0000000711e00000|  0%| F|  |TAMS 0x0000000711c00000, 0x0000000711c00000| Untracked 
| 109|0x0000000711e00000, 0x0000000711e00000, 0x0000000712000000|  0%| F|  |TAMS 0x0000000711e00000, 0x0000000711e00000| Untracked 
| 110|0x0000000712000000, 0x0000000712000000, 0x0000000712200000|  0%| F|  |TAMS 0x0000000712000000, 0x0000000712000000| Untracked 
| 111|0x0000000712200000, 0x0000000712200000, 0x0000000712400000|  0%| F|  |TAMS 0x0000000712200000, 0x0000000712200000| Untracked 
| 112|0x0000000712400000, 0x0000000712400000, 0x0000000712600000|  0%| F|  |TAMS 0x0000000712400000, 0x0000000712400000| Untracked 
| 113|0x0000000712600000, 0x0000000712600000, 0x0000000712800000|  0%| F|  |TAMS 0x0000000712600000, 0x0000000712600000| Untracked 
| 114|0x0000000712800000, 0x000000071298d038, 0x0000000712a00000| 77%| S|  |TAMS 0x0000000712800000, 0x0000000712800000| Complete 
| 115|0x0000000712a00000, 0x0000000712c00000, 0x0000000712c00000|100%| E|CS|TAMS 0x0000000712a00000, 0x0000000712a00000| Complete 
| 116|0x0000000712c00000, 0x0000000712e00000, 0x0000000712e00000|100%| E|CS|TAMS 0x0000000712c00000, 0x0000000712c00000| Complete 
| 117|0x0000000712e00000, 0x0000000713000000, 0x0000000713000000|100%| E|CS|TAMS 0x0000000712e00000, 0x0000000712e00000| Complete 
| 118|0x0000000713000000, 0x0000000713200000, 0x0000000713200000|100%| E|CS|TAMS 0x0000000713000000, 0x0000000713000000| Complete 
| 119|0x0000000713200000, 0x0000000713400000, 0x0000000713400000|100%| E|CS|TAMS 0x0000000713200000, 0x0000000713200000| Complete 
| 120|0x0000000713400000, 0x0000000713600000, 0x0000000713600000|100%| E|CS|TAMS 0x0000000713400000, 0x0000000713400000| Complete 
| 121|0x0000000713600000, 0x0000000713800000, 0x0000000713800000|100%| E|CS|TAMS 0x0000000713600000, 0x0000000713600000| Complete 
| 122|0x0000000713800000, 0x0000000713a00000, 0x0000000713a00000|100%| E|CS|TAMS 0x0000000713800000, 0x0000000713800000| Complete 
| 123|0x0000000713a00000, 0x0000000713c00000, 0x0000000713c00000|100%| E|CS|TAMS 0x0000000713a00000, 0x0000000713a00000| Complete 
| 124|0x0000000713c00000, 0x0000000713e00000, 0x0000000713e00000|100%| E|CS|TAMS 0x0000000713c00000, 0x0000000713c00000| Complete 
| 125|0x0000000713e00000, 0x0000000714000000, 0x0000000714000000|100%| E|CS|TAMS 0x0000000713e00000, 0x0000000713e00000| Complete 

Card table byte_map: [0x0000021a95590000,0x0000021a95d70000] _byte_map_base: 0x0000021a91d6e000

Marking Bits (Prev, Next): (CMBitMap*) 0x0000021a8254c1b0, (CMBitMap*) 0x0000021a8254c1f0
 Prev Bits: [0x0000021a96550000, 0x0000021a9a440000)
 Next Bits: [0x0000021a9a440000, 0x0000021a9e330000)

Polling page: 0x0000021a81ce0000

Metaspace:

Usage:
  Non-class:      8.38 MB used.
      Class:    795.71 KB used.
       Both:      9.15 MB used.

Virtual space:
  Non-class space:       16.00 MB reserved,       8.44 MB ( 53%) committed,  2 nodes.
      Class space:        1.00 GB reserved,     896.00 KB ( <1%) committed,  1 nodes.
              Both:        1.02 GB reserved,       9.31 MB ( <1%) committed. 

Chunk freelists:
   Non-Class:  2.70 MB
       Class:  3.10 MB
        Both:  5.80 MB

MaxMetaspaceSize: 17179869184.00 GB
CompressedClassSpaceSize: 1.00 GB
 - commit_granule_bytes: 65536.
 - commit_granule_words: 8192.
 - virtual_space_node_default_size: 1048576.
 - enlarge_chunks_in_place: 1.
 - new_chunks_are_fully_committed: 0.
 - uncommit_free_chunks: 1.
 - use_allocation_guard: 0.
 - handle_deallocations: 1.


Internal statistics:

num_allocs_failed_limit: 0.
num_arena_births: 10.
num_arena_deaths: 0.
num_vsnodes_births: 3.
num_vsnodes_deaths: 0.
num_space_committed: 149.
num_space_uncommitted: 0.
num_chunks_returned_to_freelist: 0.
num_chunks_taken_from_freelist: 54.
num_chunk_merges: 0.
num_chunk_splits: 21.
num_chunks_enlarged: 13.
num_purges: 0.

CodeHeap 'non-profiled nmethods': size=120000Kb used=155Kb max_used=155Kb free=119844Kb
 bounds [0x0000021a8d550000, 0x0000021a8d7c0000, 0x0000021a94a80000]
CodeHeap 'profiled nmethods': size=120000Kb used=637Kb max_used=637Kb free=119362Kb
 bounds [0x0000021a86020000, 0x0000021a86290000, 0x0000021a8d550000]
CodeHeap 'non-nmethods': size=5760Kb used=1207Kb max_used=1227Kb free=4553Kb
 bounds [0x0000021a85a80000, 0x0000021a85cf0000, 0x0000021a86020000]
 total_blobs=867 nmethods=464 adapters=316
 compilation: enabled
              stopped_count=0, restarted_count=0
 full_count=0

Compilation events (20 events):
Event: 154.564 Thread 0x0000021aa18740a0  458       3       org.eclipse.jdt.launching.internal.org.objectweb.asm.SymbolTable::get (13 bytes)
Event: 154.565 Thread 0x0000021aa18740a0 nmethod 458 0x0000021a860bd690 code [0x0000021a860bd820, 0x0000021a860bd978]
Event: 154.565 Thread 0x0000021aa18740a0  459       1       org.eclipse.jdt.launching.internal.org.objectweb.asm.SymbolTable::getMajorVersion (5 bytes)
Event: 154.565 Thread 0x0000021aa18740a0 nmethod 459 0x0000021a8d576890 code [0x0000021a8d576a20, 0x0000021a8d576af8]
Event: 254.296 Thread 0x0000021aa1862f00  460       4       org.eclipse.jdt.launching.internal.org.objectweb.asm.ClassReader::getItem (7 bytes)
Event: 254.296 Thread 0x0000021aa18740a0  461       3       org.eclipse.jdt.launching.internal.org.objectweb.asm.ClassReader::readClass (7 bytes)
Event: 254.297 Thread 0x0000021aa18740a0 nmethod 461 0x0000021a860bda90 code [0x0000021a860bdc80, 0x0000021a860be028]
Event: 254.297 Thread 0x0000021aa18740a0  463       3       org.eclipse.jdt.launching.internal.org.objectweb.asm.SymbolTable::addConstantUtf8 (98 bytes)
Event: 254.304 Thread 0x0000021aa18740a0 

Event: 254.304 Thread 0x0000021aa18740a0  462       3       org.eclipse.jdt.launching.internal.org.objectweb.asm.ClassReader::readStringish (16 bytes)
Event: 254.305 Thread 0x0000021aa1862f00 

Event: 254.305 Thread 0x0000021aa18740a0 nmethod 462 0x0000021a860be210 code [0x0000021a860be3e0, 0x0000021a860be6e8]
Event: 254.305 Thread 0x0000021aa18740a0  464       1       org.eclipse.jdt.launching.internal.org.objectweb.asm.SymbolTable::getSource (5 bytes)
Event: 254.305 Thread 0x0000021aa18740a0 nmethod 464 0x0000021a8d576b90 code [0x0000021a8d576d20, 0x0000021a8d576df8]
Event: 313.773 Thread 0x0000021aa1862f00  465       4       java.lang.StringUTF16::compress (50 bytes)
Event: 313.774 Thread 0x0000021aa18740a0  466       3       org.eclipse.jdt.launching.internal.org.objectweb.asm.SymbolTable::addConstantMemberReference (29 bytes)
Event: 313.774 Thread 0x0000021aa18740a0 nmethod 466 0x0000021a860be890 code [0x0000021a860bea80, 0x0000021a860bee48]
Event: 313.775 Thread 0x0000021aa18740a0  467       3       org.eclipse.jdt.launching.internal.org.objectweb.asm.SymbolTable::hash (20 bytes)
Event: 313.775 Thread 0x0000021aa18740a0 nmethod 467 0x0000021a860bf110 code [0x0000021a860bf2e0, 0x0000021a860bf4c8]
Event: 313.782 Thread 0x0000021aa1862f00 


GC Heap History (1 events):
Event: 318.420 GC heap before
{Heap before GC invocations=0 (full 0):
 garbage-first heap   total 258048K, used 20480K [0x0000000704400000, 0x0000000800000000)
  region size 2048K, 11 young (22528K), 0 survivors (0K)
 Metaspace       used 9372K, committed 9536K, reserved 1064960K
  class space    used 795K, committed 896K, reserved 1048576K
}

Deoptimization events (20 events):
Event: 1.179 Thread 0x0000021a824fd810 DEOPT PACKING pc=0x0000021a86099667 sp=0x00000090cd0f8170
Event: 1.179 Thread 0x0000021a824fd810 DEOPT UNPACKING pc=0x0000021a85ace77e sp=0x00000090cd0f75d8 mode 0
Event: 1.187 Thread 0x0000021a824fd810 DEOPT PACKING pc=0x0000021a86099667 sp=0x00000090cd0fbba0
Event: 1.187 Thread 0x0000021a824fd810 DEOPT UNPACKING pc=0x0000021a85ace77e sp=0x00000090cd0fb008 mode 0
Event: 1.187 Thread 0x0000021a824fd810 DEOPT PACKING pc=0x0000021a86099667 sp=0x00000090cd0fbba0
Event: 1.187 Thread 0x0000021a824fd810 DEOPT UNPACKING pc=0x0000021a85ace77e sp=0x00000090cd0fb008 mode 0
Event: 1.188 Thread 0x0000021a824fd810 DEOPT PACKING pc=0x0000021a86099667 sp=0x00000090cd0fbba0
Event: 1.188 Thread 0x0000021a824fd810 DEOPT UNPACKING pc=0x0000021a85ace77e sp=0x00000090cd0fb008 mode 0
Event: 1.188 Thread 0x0000021a824fd810 DEOPT PACKING pc=0x0000021a86099667 sp=0x00000090cd0fbba0
Event: 1.188 Thread 0x0000021a824fd810 DEOPT UNPACKING pc=0x0000021a85ace77e sp=0x00000090cd0fb008 mode 0
Event: 1.221 Thread 0x0000021a824fd810 DEOPT PACKING pc=0x0000021a86099667 sp=0x00000090cd0f7d60
Event: 1.221 Thread 0x0000021a824fd810 DEOPT UNPACKING pc=0x0000021a85ace77e sp=0x00000090cd0f71c8 mode 0
Event: 1.222 Thread 0x0000021a824fd810 DEOPT PACKING pc=0x0000021a86099667 sp=0x00000090cd0f7d60
Event: 1.222 Thread 0x0000021a824fd810 DEOPT UNPACKING pc=0x0000021a85ace77e sp=0x00000090cd0f71c8 mode 0
Event: 1.222 Thread 0x0000021a824fd810 DEOPT PACKING pc=0x0000021a86099667 sp=0x00000090cd0f7d60
Event: 1.222 Thread 0x0000021a824fd810 DEOPT UNPACKING pc=0x0000021a85ace77e sp=0x00000090cd0f71c8 mode 0
Event: 1.222 Thread 0x0000021a824fd810 DEOPT PACKING pc=0x0000021a86099667 sp=0x00000090cd0f7d60
Event: 1.222 Thread 0x0000021a824fd810 DEOPT UNPACKING pc=0x0000021a85ace77e sp=0x00000090cd0f71c8 mode 0
Event: 1.226 Thread 0x0000021a824fd810 DEOPT PACKING pc=0x0000021a8609957c sp=0x00000090cd0f7d60
Event: 1.226 Thread 0x0000021a824fd810 DEOPT UNPACKING pc=0x0000021a85ace77e sp=0x00000090cd0f71c8 mode 0

Classes unloaded (0 events):
No events

Classes redefined (3 events):
Event: 154.567 Thread 0x0000021aa1815f40 redefined class name=RedBlackTree, count=1
Event: 254.299 Thread 0x0000021aa1815f40 redefined class name=RedBlackTree, count=2
Event: 313.776 Thread 0x0000021aa1815f40 redefined class name=RedBlackTree, count=3

Internal exceptions (1 events):
Event: 1.106 Thread 0x0000021a824fd810 Exception <a 'java/lang/NoSuchMethodError'{0x0000000713b60e50}: 'java.lang.Object java.lang.invoke.DirectMethodHandle$Holder.invokeStatic(java.lang.Object)'> (0x0000000713b60e50) 
thrown [t:\workspace\open\src\hotspot\share\interpreter\linkResolver.cpp, line 790]

Events (20 events):
Event: 313.795 Executing  VM operation: ChangeBreakpoints done
Event: 313.823 Executing  VM operation: ChangeBreakpoints
Event: 313.823 Executing  VM operation: ChangeBreakpoints done
Event: 313.835 Executing  VM operation: ChangeBreakpoints
Event: 313.835 Executing  VM operation: ChangeBreakpoints done
Event: 313.844 Executing  VM operation: ChangeBreakpoints
Event: 313.844 Executing  VM operation: ChangeBreakpoints done
Event: 317.926 Executing  VM operation: ChangeSingleStep
Event: 317.926 Executing  VM operation: ChangeSingleStep done
Event: 317.929 Executing  VM operation: ChangeSingleStep
Event: 317.929 Executing  VM operation: ChangeSingleStep done
Event: 317.933 Executing  VM operation: get/set locals
Event: 317.934 Executing  VM operation: get/set locals done
Event: 317.936 loading class java/util/LinkedList
Event: 317.937 loading class java/util/AbstractSequentialList
Event: 317.938 loading class java/util/AbstractSequentialList done
Event: 317.938 loading class java/util/LinkedList done
Event: 317.939 loading class java/util/LinkedList$Node
Event: 317.940 loading class java/util/LinkedList$Node done
Event: 318.419 Executing  VM operation: G1CollectForAllocation


Dynamic libraries:
0x00007ff7f49f0000 - 0x00007ff7f49fe000 	C:\Users\lukee\.p2\pool\plugins\org.eclipse.justj.openjdk.hotspot.jre.full.win32.x86_64_16.0.2.v20210721-1149\jre\bin\javaw.exe
0x00007ffe84ef0000 - 0x00007ffe850e5000 	C:\Windows\SYSTEM32\ntdll.dll
0x00007ffe847e0000 - 0x00007ffe8489e000 	C:\Windows\System32\KERNEL32.DLL
0x00007ffe82ae0000 - 0x00007ffe82da8000 	C:\Windows\System32\KERNELBASE.dll
0x00007ffe827a0000 - 0x00007ffe828a0000 	C:\Windows\System32\ucrtbase.dll
0x00007ffe65430000 - 0x00007ffe65448000 	C:\Users\lukee\.p2\pool\plugins\org.eclipse.justj.openjdk.hotspot.jre.full.win32.x86_64_16.0.2.v20210721-1149\jre\bin\jli.dll
0x00007ffe842b0000 - 0x00007ffe84450000 	C:\Windows\System32\USER32.dll
0x00007ffe82610000 - 0x00007ffe82632000 	C:\Windows\System32\win32u.dll
0x00007ffe837e0000 - 0x00007ffe8380b000 	C:\Windows\System32\GDI32.dll
0x00007ffe829d0000 - 0x00007ffe82adb000 	C:\Windows\System32\gdi32full.dll
0x00007ffe82e40000 - 0x00007ffe82edd000 	C:\Windows\System32\msvcp_win.dll
0x00007ffe6e4b0000 - 0x00007ffe6e4c9000 	C:\Users\lukee\.p2\pool\plugins\org.eclipse.justj.openjdk.hotspot.jre.full.win32.x86_64_16.0.2.v20210721-1149\jre\bin\VCRUNTIME140.dll
0x00007ffe70510000 - 0x00007ffe707aa000 	C:\Windows\WinSxS\amd64_microsoft.windows.common-controls_6595b64144ccf1df_6.0.19041.1110_none_60b5254171f9507e\COMCTL32.dll
0x00007ffe839a0000 - 0x00007ffe83a3e000 	C:\Windows\System32\msvcrt.dll
0x00007ffe845f0000 - 0x00007ffe84620000 	C:\Windows\System32\IMM32.DLL
0x00007ffe707c0000 - 0x00007ffe707cc000 	C:\Users\lukee\.p2\pool\plugins\org.eclipse.justj.openjdk.hotspot.jre.full.win32.x86_64_16.0.2.v20210721-1149\jre\bin\vcruntime140_1.dll
0x00007ffe503c0000 - 0x00007ffe50451000 	C:\Users\lukee\.p2\pool\plugins\org.eclipse.justj.openjdk.hotspot.jre.full.win32.x86_64_16.0.2.v20210721-1149\jre\bin\msvcp140.dll
0x00007ffe3b240000 - 0x00007ffe3bdeb000 	C:\Users\lukee\.p2\pool\plugins\org.eclipse.justj.openjdk.hotspot.jre.full.win32.x86_64_16.0.2.v20210721-1149\jre\bin\server\jvm.dll
0x00007ffe84d20000 - 0x00007ffe84dce000 	C:\Windows\System32\ADVAPI32.dll
0x00007ffe832b0000 - 0x00007ffe8334c000 	C:\Windows\System32\sechost.dll
0x00007ffe84620000 - 0x00007ffe84745000 	C:\Windows\System32\RPCRT4.dll
0x00007ffe83b50000 - 0x00007ffe83b58000 	C:\Windows\System32\PSAPI.DLL
0x00007ffe7f560000 - 0x00007ffe7f569000 	C:\Windows\SYSTEM32\WSOCK32.dll
0x00007ffe84e30000 - 0x00007ffe84e9b000 	C:\Windows\System32\WS2_32.dll
0x00007ffe5c870000 - 0x00007ffe5c897000 	C:\Windows\SYSTEM32\WINMM.dll
0x00007ffe7b090000 - 0x00007ffe7b09a000 	C:\Windows\SYSTEM32\VERSION.dll
0x00007ffe80eb0000 - 0x00007ffe80ec2000 	C:\Windows\SYSTEM32\kernel.appcore.dll
0x00007ffe6fe90000 - 0x00007ffe6fe9a000 	C:\Users\lukee\.p2\pool\plugins\org.eclipse.justj.openjdk.hotspot.jre.full.win32.x86_64_16.0.2.v20210721-1149\jre\bin\jimage.dll
0x00007ffe80bc0000 - 0x00007ffe80da4000 	C:\Windows\SYSTEM32\DBGHELP.DLL
0x00007ffe69a90000 - 0x00007ffe69abc000 	C:\Windows\SYSTEM32\dbgcore.DLL
0x00007ffe82db0000 - 0x00007ffe82e32000 	C:\Windows\System32\bcryptPrimitives.dll
0x00007ffe5f9b0000 - 0x00007ffe5f9eb000 	C:\Users\lukee\.p2\pool\plugins\org.eclipse.justj.openjdk.hotspot.jre.full.win32.x86_64_16.0.2.v20210721-1149\jre\bin\jdwp.dll
0x00007ffe6e950000 - 0x00007ffe6e95e000 	C:\Users\lukee\.p2\pool\plugins\org.eclipse.justj.openjdk.hotspot.jre.full.win32.x86_64_16.0.2.v20210721-1149\jre\bin\instrument.dll
0x00007ffe65400000 - 0x00007ffe65425000 	C:\Users\lukee\.p2\pool\plugins\org.eclipse.justj.openjdk.hotspot.jre.full.win32.x86_64_16.0.2.v20210721-1149\jre\bin\java.dll
0x00007ffe6a2f0000 - 0x00007ffe6a308000 	C:\Users\lukee\.p2\pool\plugins\org.eclipse.justj.openjdk.hotspot.jre.full.win32.x86_64_16.0.2.v20210721-1149\jre\bin\zip.dll
0x00007ffe83b60000 - 0x00007ffe842a4000 	C:\Windows\System32\SHELL32.dll
0x00007ffe80350000 - 0x00007ffe80ae4000 	C:\Windows\SYSTEM32\windows.storage.dll
0x00007ffe82f50000 - 0x00007ffe832a4000 	C:\Windows\System32\combase.dll
0x00007ffe82070000 - 0x00007ffe8209c000 	C:\Windows\SYSTEM32\Wldp.dll
0x00007ffe83a40000 - 0x00007ffe83aed000 	C:\Windows\System32\SHCORE.dll
0x00007ffe84ba0000 - 0x00007ffe84bf5000 	C:\Windows\System32\shlwapi.dll
0x00007ffe82550000 - 0x00007ffe8256f000 	C:\Windows\SYSTEM32\profapi.dll
0x00007ffe6e4a0000 - 0x00007ffe6e4ac000 	C:\Users\lukee\.p2\pool\plugins\org.eclipse.justj.openjdk.hotspot.jre.full.win32.x86_64_16.0.2.v20210721-1149\jre\bin\dt_socket.dll
0x00007ffe81a70000 - 0x00007ffe81aab000 	C:\Windows\SYSTEM32\IPHLPAPI.DLL
0x00007ffe81dd0000 - 0x00007ffe81e3a000 	C:\Windows\system32\mswsock.dll
0x00007ffe81ab0000 - 0x00007ffe81b7a000 	C:\Windows\SYSTEM32\DNSAPI.dll
0x00007ffe84ea0000 - 0x00007ffe84ea8000 	C:\Windows\System32\NSI.dll
0x00007ffe7b080000 - 0x00007ffe7b08a000 	C:\Windows\System32\rasadhlp.dll
0x00007ffe78f10000 - 0x00007ffe78f8f000 	C:\Windows\System32\fwpuclnt.dll
0x00007ffe829a0000 - 0x00007ffe829c7000 	C:\Windows\System32\bcrypt.dll
0x00007ffe69b90000 - 0x00007ffe69ba9000 	C:\Users\lukee\.p2\pool\plugins\org.eclipse.justj.openjdk.hotspot.jre.full.win32.x86_64_16.0.2.v20210721-1149\jre\bin\net.dll
0x00007ffe7d070000 - 0x00007ffe7d179000 	C:\Windows\SYSTEM32\WINHTTP.dll
0x00007ffe64ae0000 - 0x00007ffe64af3000 	C:\Users\lukee\.p2\pool\plugins\org.eclipse.justj.openjdk.hotspot.jre.full.win32.x86_64_16.0.2.v20210721-1149\jre\bin\nio.dll
0x00007ffe6fcc0000 - 0x00007ffe6fcd0000 	C:\Users\lukee\.p2\pool\plugins\org.eclipse.justj.openjdk.hotspot.jre.full.win32.x86_64_16.0.2.v20210721-1149\jre\bin\verify.dll

dbghelp: loaded successfully - version: 4.0.5 - missing functions: none
symbol engine: initialized successfully - sym options: 0x614 - pdb path: .;C:\Users\lukee\.p2\pool\plugins\org.eclipse.justj.openjdk.hotspot.jre.full.win32.x86_64_16.0.2.v20210721-1149\jre\bin;C:\Windows\SYSTEM32;C:\Windows\WinSxS\amd64_microsoft.windows.common-controls_6595b64144ccf1df_6.0.19041.1110_none_60b5254171f9507e;C:\Users\lukee\.p2\pool\plugins\org.eclipse.justj.openjdk.hotspot.jre.full.win32.x86_64_16.0.2.v20210721-1149\jre\bin\server

VM Arguments:
jvm_args: -XX:+ShowCodeDetailsInExceptionMessages -agentlib:jdwp=transport=dt_socket,suspend=y,address=localhost:50840 -javaagent:C:\Users\lukee\eclipse\java-2021-06\eclipse\configuration\org.eclipse.osgi\222\0\.cp\lib\javaagent-shaded.jar -Dfile.encoding=Cp1252 
java_command: RedBlackTree
java_class_path (initial): C:\Users\lukee\eclipse-workspace\2. Red-Black Tree\bin;C:\Users\lukee\OneDrive\Desktop\cs400\junit5-4.3.5.jar;C:\Users\lukee\.p2\pool\plugins\org.junit.jupiter.api_5.7.1.v20210222-1948.jar;C:\Users\lukee\.p2\pool\plugins\org.junit.jupiter.engine_5.7.1.v20210222-1948.jar;C:\Users\lukee\.p2\pool\plugins\org.junit.jupiter.migrationsupport_5.7.1.v20210222-1948.jar;C:\Users\lukee\.p2\pool\plugins\org.junit.jupiter.params_5.7.1.v20210222-1948.jar;C:\Users\lukee\.p2\pool\plugins\org.junit.platform.commons_1.7.1.v20210222-1948.jar;C:\Users\lukee\.p2\pool\plugins\org.junit.platform.engine_1.7.1.v20210222-1948.jar;C:\Users\lukee\.p2\pool\plugins\org.junit.platform.launcher_1.7.1.v20210222-1948.jar;C:\Users\lukee\.p2\pool\plugins\org.junit.platform.runner_1.7.1.v20210222-1948.jar;C:\Users\lukee\.p2\pool\plugins\org.junit.platform.suite.api_1.7.1.v20210222-1948.jar;C:\Users\lukee\.p2\pool\plugins\org.junit.vintage.engine_5.7.1.v20210222-1948.jar;C:\Users\lukee\.p2\pool\plugins\org.opentest4j_1.2.0.v20190826-0900.jar;C:\Users\lukee\.p2\pool\plugins\org.apiguardian_1.1.0.v20190826-0900.jar;C:\Users\lukee\.p2\pool\plugins\org.junit_4.13.0.v20200204-1500.jar;C:\Users\lukee\.p2\pool\plugins\org.hamcrest.core_1.3.0.v20180420-1519.jar
Launcher Type: SUN_STANDARD

[Global flags]
     intx CICompilerCount                          = 4                                         {product} {ergonomic}
     uint ConcGCThreads                            = 2                                         {product} {ergonomic}
     uint G1ConcRefinementThreads                  = 8                                         {product} {ergonomic}
   size_t G1HeapRegionSize                         = 2097152                                   {product} {ergonomic}
    uintx GCDrainStackTargetSize                   = 64                                        {product} {ergonomic}
   size_t InitialHeapSize                          = 264241152                                 {product} {ergonomic}
   size_t MarkStackSize                            = 4194304                                   {product} {ergonomic}
   size_t MaxHeapSize                              = 4223664128                                {product} {ergonomic}
   size_t MaxNewSize                               = 2533359616                                {product} {ergonomic}
   size_t MinHeapDeltaBytes                        = 2097152                                   {product} {ergonomic}
   size_t MinHeapSize                              = 8388608                                   {product} {ergonomic}
    uintx NonNMethodCodeHeapSize                   = 5839372                                {pd product} {ergonomic}
    uintx NonProfiledCodeHeapSize                  = 122909434                              {pd product} {ergonomic}
    uintx ProfiledCodeHeapSize                     = 122909434                              {pd product} {ergonomic}
    uintx ReservedCodeCacheSize                    = 251658240                              {pd product} {ergonomic}
     bool SegmentedCodeCache                       = true                                      {product} {ergonomic}
     bool ShowCodeDetailsInExceptionMessages       = true                                   {manageable} {command line}
   size_t SoftMaxHeapSize                          = 4223664128                             {manageable} {ergonomic}
     bool UseCompressedClassPointers               = true                           {product lp64_product} {ergonomic}
     bool UseCompressedOops                        = true                           {product lp64_product} {ergonomic}
     bool UseG1GC                                  = true                                      {product} {ergonomic}
     bool UseLargePagesIndividualAllocation        = false                                  {pd product} {ergonomic}

Logging:
Log output configuration:
 #0: stdout all=warning uptime,level,tags
 #1: stderr all=off uptime,level,tags

Environment Variables:
PATH=C:\Users\lukee\.p2\pool\plugins\org.eclipse.justj.openjdk.hotspot.jre.full.win32.x86_64_16.0.2.v20210721-1149\jre\bin;C:/Users/lukee/.p2/pool/plugins/org.eclipse.justj.openjdk.hotspot.jre.full.win32.x86_64_16.0.2.v20210721-1149/jre/bin/server;C:/Users/lukee/.p2/pool/plugins/org.eclipse.justj.openjdk.hotspot.jre.full.win32.x86_64_16.0.2.v20210721-1149/jre/bin;C:\Python310\Scripts\;C:\Python310\;C:\Program Files\Eclipse Foundation\jdk-11.0.12.7-hotspot\bin;C:\Windows\system32;C:\Windows;C:\Windows\System32\Wbem;C:\Windows\System32\WindowsPowerShell\v1.0\;C:\Windows\System32\OpenSSH\;C:\Program Files\Git\cmd;C:\ProgramData\chocolatey\bin;C:\Program Files\nodejs\;C:\Users\lukee\scoop\shims;C:\Ruby30-x64\bin;C:\Users\lukee\AppData\Local\Microsoft\WindowsApps;C:\Users\lukee\AppData\Local\GitHubDesktop\bin;C:\Users\lukee\AppData\Local\Programs\Microsoft VS Code\bin;C:\Users\lukee\AppData\Roaming\npm;C:\Windows\system32;
USERNAME=lukee
OS=Windows_NT
PROCESSOR_IDENTIFIER=Intel64 Family 6 Model 140 Stepping 1, GenuineIntel



---------------  S Y S T E M  ---------------

OS:
 Windows 10 , 64 bit Build 19041 (10.0.19041.1566)
OS uptime: 12 days 7:06 hours

CPU: total 8 (initial active 8) (4 cores per cpu, 2 threads per core) family 6 model 140 stepping 1 microcode 0x86, cx8, cmov, fxsr, ht, mmx, 3dnowpref, sse, sse2, sse3, ssse3, sse4.1, sse4.2, popcnt, lzcnt, tsc, tscinvbit, avx, avx2, aes, erms, clmul, bmi1, bmi2, adx, avx512f, avx512dq, avx512cd, avx512bw, avx512vl, sha, fma, vzeroupper, avx512_vpopcntdq, avx512_vpclmulqdq, avx512_vaes, avx512_vnni, clflush, clflushopt, clwb, avx512_vmbi2, avx512_vmbi

Memory: 4k page, system-wide physical 16106M (6236M free)
TotalPageFile size 19570M (AvailPageFile size 2908M)
current process WorkingSet (physical memory assigned to process): 64M, peak: 64M
current process commit charge ("private bytes"): 339M, peak: 343M

vm_info: OpenJDK 64-Bit Server VM (16.0.2+7-67) for windows-amd64 JRE (16.0.2+7-67), built on Jun  8 2021 23:21:43 by "mach5one" with MS VC++ 16.7 (VS2019)

END.
