#
# A fatal error has been detected by the Java Runtime Environment:
#
#  Internal Error (generateOopMap.cpp:2164), pid=4720, tid=5172
#  fatal error: Illegal class file encountered. Try running with -Xverify:all in method dijkstrasShortestPath
#
# JRE version: OpenJDK Runtime Environment (16.0.2+7) (build 16.0.2+7-67)
# Java VM: OpenJDK 64-Bit Server VM (16.0.2+7-67, mixed mode, tiered, compressed oops, compressed class ptrs, g1 gc, windows-amd64)
# No core dump will be written. Minidumps are not enabled by default on client versions of Windows
#
# If you would like to submit a bug report, please visit:
#   https://bugreport.java.com/bugreport/crash.jsp
#

---------------  S U M M A R Y ------------

Command Line: -XX:+ShowCodeDetailsInExceptionMessages -agentlib:jdwp=transport=dt_socket,suspend=y,address=localhost:51471 -ea -javaagent:C:\Users\lukee\eclipse\java-2021-06\eclipse\configuration\org.eclipse.osgi\222\0\.cp\lib\javaagent-shaded.jar -Dfile.encoding=Cp1252 org.eclipse.jdt.internal.junit.runner.RemoteTestRunner -version 3 -port 51470 -testLoaderClass org.eclipse.jdt.internal.junit5.runner.JUnit5TestLoader -loaderpluginname org.eclipse.jdt.junit5.runtime -classNames GraphTest

Host: 11th Gen Intel(R) Core(TM) i5-1135G7 @ 2.40GHz, 8 cores, 15G,  Windows 10 , 64 bit Build 19041 (10.0.19041.1645)
Time: Wed Apr 20 18:55:04 2022 Central Daylight Time elapsed time: 193.098477 seconds (0d 0h 3m 13s)

---------------  T H R E A D  ---------------

Current thread (0x0000026c27818200):  VMThread "VM Thread" [stack: 0x000000e468700000,0x000000e468800000] [id=5172]

Stack: [0x000000e468700000,0x000000e468800000]
Native frames: (J=compiled Java code, j=interpreted, Vv=VM code, C=native code)
V  [jvm.dll+0x6681ca]
V  [jvm.dll+0x7c9e69]
V  [jvm.dll+0x7cb61e]
V  [jvm.dll+0x7cbc27]
V  [jvm.dll+0x2429b3]
V  [jvm.dll+0x330cf9]
V  [jvm.dll+0x330962]
V  [jvm.dll+0x32efb7]
V  [jvm.dll+0x32f854]
V  [jvm.dll+0x32cdaf]
V  [jvm.dll+0x32c037]
V  [jvm.dll+0x656cce]
V  [jvm.dll+0x6569d3]
V  [jvm.dll+0x61c1e8]
V  [jvm.dll+0x7c18f5]
V  [jvm.dll+0x520446]
V  [jvm.dll+0x7d00ab]
V  [jvm.dll+0x7d0da4]
V  [jvm.dll+0x7d12a9]
V  [jvm.dll+0x7d1564]
V  [jvm.dll+0x7d1630]
V  [jvm.dll+0x7795aa]
V  [jvm.dll+0x667066]
C  [ucrtbase.dll+0x21bb2]
C  [KERNEL32.DLL+0x17034]
C  [ntdll.dll+0x52651]

VM_Operation (0x000000e4692ff6e0): get/set locals, mode: safepoint, requested by thread 0x0000026c27a9dd70


---------------  P R O C E S S  ---------------

Threads class SMR info:
_java_thread_list=0x0000026c29628940, length=16, elements={
0x0000026c086a00e0, 0x0000026c27836010, 0x0000026c2783b2a0, 0x0000026c26f48cd0,
0x0000026c26f495e0, 0x0000026c26f4c6a0, 0x0000026c26f4d840, 0x0000026c2785ea10,
0x0000026c27860160, 0x0000026c27863b60, 0x0000026c2789fac0, 0x0000026c27a9dd70,
0x0000026c27a9ec60, 0x0000026c27aa0150, 0x0000026c28082790, 0x0000026c2946ffe0
}

Java Threads: ( => current thread )
  0x0000026c086a00e0 JavaThread "main" [_thread_blocked, id=1336, stack(0x000000e468100000,0x000000e468200000)]
  0x0000026c27836010 JavaThread "Reference Handler" daemon [_thread_blocked, id=11868, stack(0x000000e468800000,0x000000e468900000)]
  0x0000026c2783b2a0 JavaThread "Finalizer" daemon [_thread_blocked, id=13904, stack(0x000000e468900000,0x000000e468a00000)]
  0x0000026c26f48cd0 JavaThread "Signal Dispatcher" daemon [_thread_blocked, id=10600, stack(0x000000e468a00000,0x000000e468b00000)]
  0x0000026c26f495e0 JavaThread "Attach Listener" daemon [_thread_blocked, id=1552, stack(0x000000e468b00000,0x000000e468c00000)]
  0x0000026c26f4c6a0 JavaThread "Service Thread" daemon [_thread_blocked, id=13544, stack(0x000000e468c00000,0x000000e468d00000)]
  0x0000026c26f4d840 JavaThread "Monitor Deflation Thread" daemon [_thread_blocked, id=15992, stack(0x000000e468d00000,0x000000e468e00000)]
  0x0000026c2785ea10 JavaThread "C2 CompilerThread0" daemon [_thread_blocked, id=5160, stack(0x000000e468e00000,0x000000e468f00000)]
  0x0000026c27860160 JavaThread "C1 CompilerThread0" daemon [_thread_blocked, id=10528, stack(0x000000e468f00000,0x000000e469000000)]
  0x0000026c27863b60 JavaThread "Sweeper thread" daemon [_thread_blocked, id=13568, stack(0x000000e469000000,0x000000e469100000)]
  0x0000026c2789fac0 JavaThread "Common-Cleaner" daemon [_thread_blocked, id=14660, stack(0x000000e469100000,0x000000e469200000)]
  0x0000026c27a9dd70 JavaThread "JDWP Transport Listener: dt_socket" daemon [_thread_blocked, id=5860, stack(0x000000e469200000,0x000000e469300000)]
  0x0000026c27a9ec60 JavaThread "JDWP Event Helper Thread" daemon [_thread_blocked, id=1428, stack(0x000000e469300000,0x000000e469400000)]
  0x0000026c27aa0150 JavaThread "JDWP Command Reader" daemon [_thread_in_native, id=4672, stack(0x000000e469400000,0x000000e469500000)]
  0x0000026c28082790 JavaThread "Notification Thread" daemon [_thread_blocked, id=11104, stack(0x000000e469600000,0x000000e469700000)]
  0x0000026c2946ffe0 JavaThread "ReaderThread" [_thread_in_native, id=4764, stack(0x000000e469800000,0x000000e469900000)]

Other Threads:
=>0x0000026c27818200 VMThread "VM Thread" [stack: 0x000000e468700000,0x000000e468800000] [id=5172]
  0x0000026c28082cb0 WatcherThread [stack: 0x000000e469700000,0x000000e469800000] [id=12244]
  0x0000026c086ee900 GCTaskThread "GC Thread#0" [stack: 0x000000e468200000,0x000000e468300000] [id=10128]
  0x0000026c28556dd0 GCTaskThread "GC Thread#1" [stack: 0x000000e469900000,0x000000e469a00000] [id=14060]
  0x0000026c285570e0 GCTaskThread "GC Thread#2" [stack: 0x000000e469a00000,0x000000e469b00000] [id=10632]
  0x0000026c285573f0 GCTaskThread "GC Thread#3" [stack: 0x000000e469b00000,0x000000e469c00000] [id=15368]
  0x0000026c28557700 GCTaskThread "GC Thread#4" [stack: 0x000000e469c00000,0x000000e469d00000] [id=9588]
  0x0000026c28588490 GCTaskThread "GC Thread#5" [stack: 0x000000e469d00000,0x000000e469e00000] [id=4256]
  0x0000026c2850d260 GCTaskThread "GC Thread#6" [stack: 0x000000e469e00000,0x000000e469f00000] [id=2476]
  0x0000026c08700120 ConcurrentGCThread "G1 Main Marker" [stack: 0x000000e468300000,0x000000e468400000] [id=14360]
  0x0000026c08701730 ConcurrentGCThread "G1 Conc#0" [stack: 0x000000e468400000,0x000000e468500000] [id=2656]
  0x0000026c26db24c0 ConcurrentGCThread "G1 Refine#0" [stack: 0x000000e468500000,0x000000e468600000] [id=7696]
  0x0000026c26db2f40 ConcurrentGCThread "G1 Service" [stack: 0x000000e468600000,0x000000e468700000] [id=14012]

Threads with active compile tasks:

VM state: at safepoint (normal execution)

VM Mutex/Monitor currently owned by a thread:  ([mutex/lock_event])
[0x0000026c0869aca0] Threads_lock - owner thread: 0x0000026c27818200

Heap address: 0x0000000704400000, size: 4028 MB, Compressed Oops mode: Zero based, Oop shift amount: 3

CDS disabled.
Compressed class space mapped at: 0x0000000800000000-0x0000000840000000, reserved size: 1073741824
Narrow klass base: 0x0000000800000000, Narrow klass shift: 0, Narrow klass range: 0x40000000

GC Precious Log:
 CPUs: 8 total, 8 available
 Memory: 16106M
 Large Page Support: Disabled
 NUMA Support: Disabled
 Compressed Oops: Enabled (Zero based)
 Heap Region Size: 2M
 Heap Min Capacity: 8M
 Heap Initial Capacity: 252M
 Heap Max Capacity: 4028M
 Pre-touch: Disabled
 Parallel Workers: 8
 Concurrent Workers: 2
 Concurrent Refinement Workers: 8
 Periodic GC: Disabled

Heap:
 garbage-first heap   total 258048K, used 18783K [0x0000000704400000, 0x0000000800000000)
  region size 2048K, 11 young (22528K), 2 survivors (4096K)
 Metaspace       used 14404K, committed 14592K, reserved 1064960K
  class space    used 1432K, committed 1536K, reserved 1048576K

Heap Regions: E=young(eden), S=young(survivor), O=old, HS=humongous(starts), HC=humongous(continues), CS=collection set, F=free, OA=open archive, CA=closed archive, TAMS=top-at-mark-start (previous, next)
|   0|0x0000000704400000, 0x0000000704400000, 0x0000000704600000|  0%| F|  |TAMS 0x0000000704400000, 0x0000000704400000| Untracked 
|   1|0x0000000704600000, 0x0000000704600000, 0x0000000704800000|  0%| F|  |TAMS 0x0000000704600000, 0x0000000704600000| Untracked 
|   2|0x0000000704800000, 0x0000000704800000, 0x0000000704a00000|  0%| F|  |TAMS 0x0000000704800000, 0x0000000704800000| Untracked 
|   3|0x0000000704a00000, 0x0000000704a00000, 0x0000000704c00000|  0%| F|  |TAMS 0x0000000704a00000, 0x0000000704a00000| Untracked 
|   4|0x0000000704c00000, 0x0000000704c00000, 0x0000000704e00000|  0%| F|  |TAMS 0x0000000704c00000, 0x0000000704c00000| Untracked 
|   5|0x0000000704e00000, 0x0000000704e00000, 0x0000000705000000|  0%| F|  |TAMS 0x0000000704e00000, 0x0000000704e00000| Untracked 
|   6|0x0000000705000000, 0x0000000705000000, 0x0000000705200000|  0%| F|  |TAMS 0x0000000705000000, 0x0000000705000000| Untracked 
|   7|0x0000000705200000, 0x0000000705200000, 0x0000000705400000|  0%| F|  |TAMS 0x0000000705200000, 0x0000000705200000| Untracked 
|   8|0x0000000705400000, 0x0000000705400000, 0x0000000705600000|  0%| F|  |TAMS 0x0000000705400000, 0x0000000705400000| Untracked 
|   9|0x0000000705600000, 0x0000000705600000, 0x0000000705800000|  0%| F|  |TAMS 0x0000000705600000, 0x0000000705600000| Untracked 
|  10|0x0000000705800000, 0x0000000705800000, 0x0000000705a00000|  0%| F|  |TAMS 0x0000000705800000, 0x0000000705800000| Untracked 
|  11|0x0000000705a00000, 0x0000000705a00000, 0x0000000705c00000|  0%| F|  |TAMS 0x0000000705a00000, 0x0000000705a00000| Untracked 
|  12|0x0000000705c00000, 0x0000000705c00000, 0x0000000705e00000|  0%| F|  |TAMS 0x0000000705c00000, 0x0000000705c00000| Untracked 
|  13|0x0000000705e00000, 0x0000000705e00000, 0x0000000706000000|  0%| F|  |TAMS 0x0000000705e00000, 0x0000000705e00000| Untracked 
|  14|0x0000000706000000, 0x0000000706000000, 0x0000000706200000|  0%| F|  |TAMS 0x0000000706000000, 0x0000000706000000| Untracked 
|  15|0x0000000706200000, 0x0000000706200000, 0x0000000706400000|  0%| F|  |TAMS 0x0000000706200000, 0x0000000706200000| Untracked 
|  16|0x0000000706400000, 0x0000000706400000, 0x0000000706600000|  0%| F|  |TAMS 0x0000000706400000, 0x0000000706400000| Untracked 
|  17|0x0000000706600000, 0x0000000706600000, 0x0000000706800000|  0%| F|  |TAMS 0x0000000706600000, 0x0000000706600000| Untracked 
|  18|0x0000000706800000, 0x0000000706800000, 0x0000000706a00000|  0%| F|  |TAMS 0x0000000706800000, 0x0000000706800000| Untracked 
|  19|0x0000000706a00000, 0x0000000706a00000, 0x0000000706c00000|  0%| F|  |TAMS 0x0000000706a00000, 0x0000000706a00000| Untracked 
|  20|0x0000000706c00000, 0x0000000706c00000, 0x0000000706e00000|  0%| F|  |TAMS 0x0000000706c00000, 0x0000000706c00000| Untracked 
|  21|0x0000000706e00000, 0x0000000706e00000, 0x0000000707000000|  0%| F|  |TAMS 0x0000000706e00000, 0x0000000706e00000| Untracked 
|  22|0x0000000707000000, 0x0000000707000000, 0x0000000707200000|  0%| F|  |TAMS 0x0000000707000000, 0x0000000707000000| Untracked 
|  23|0x0000000707200000, 0x0000000707200000, 0x0000000707400000|  0%| F|  |TAMS 0x0000000707200000, 0x0000000707200000| Untracked 
|  24|0x0000000707400000, 0x0000000707400000, 0x0000000707600000|  0%| F|  |TAMS 0x0000000707400000, 0x0000000707400000| Untracked 
|  25|0x0000000707600000, 0x0000000707600000, 0x0000000707800000|  0%| F|  |TAMS 0x0000000707600000, 0x0000000707600000| Untracked 
|  26|0x0000000707800000, 0x0000000707800000, 0x0000000707a00000|  0%| F|  |TAMS 0x0000000707800000, 0x0000000707800000| Untracked 
|  27|0x0000000707a00000, 0x0000000707a00000, 0x0000000707c00000|  0%| F|  |TAMS 0x0000000707a00000, 0x0000000707a00000| Untracked 
|  28|0x0000000707c00000, 0x0000000707c00000, 0x0000000707e00000|  0%| F|  |TAMS 0x0000000707c00000, 0x0000000707c00000| Untracked 
|  29|0x0000000707e00000, 0x0000000707e00000, 0x0000000708000000|  0%| F|  |TAMS 0x0000000707e00000, 0x0000000707e00000| Untracked 
|  30|0x0000000708000000, 0x0000000708000000, 0x0000000708200000|  0%| F|  |TAMS 0x0000000708000000, 0x0000000708000000| Untracked 
|  31|0x0000000708200000, 0x0000000708200000, 0x0000000708400000|  0%| F|  |TAMS 0x0000000708200000, 0x0000000708200000| Untracked 
|  32|0x0000000708400000, 0x0000000708400000, 0x0000000708600000|  0%| F|  |TAMS 0x0000000708400000, 0x0000000708400000| Untracked 
|  33|0x0000000708600000, 0x0000000708600000, 0x0000000708800000|  0%| F|  |TAMS 0x0000000708600000, 0x0000000708600000| Untracked 
|  34|0x0000000708800000, 0x0000000708800000, 0x0000000708a00000|  0%| F|  |TAMS 0x0000000708800000, 0x0000000708800000| Untracked 
|  35|0x0000000708a00000, 0x0000000708a00000, 0x0000000708c00000|  0%| F|  |TAMS 0x0000000708a00000, 0x0000000708a00000| Untracked 
|  36|0x0000000708c00000, 0x0000000708c00000, 0x0000000708e00000|  0%| F|  |TAMS 0x0000000708c00000, 0x0000000708c00000| Untracked 
|  37|0x0000000708e00000, 0x0000000708e00000, 0x0000000709000000|  0%| F|  |TAMS 0x0000000708e00000, 0x0000000708e00000| Untracked 
|  38|0x0000000709000000, 0x0000000709000000, 0x0000000709200000|  0%| F|  |TAMS 0x0000000709000000, 0x0000000709000000| Untracked 
|  39|0x0000000709200000, 0x0000000709200000, 0x0000000709400000|  0%| F|  |TAMS 0x0000000709200000, 0x0000000709200000| Untracked 
|  40|0x0000000709400000, 0x0000000709400000, 0x0000000709600000|  0%| F|  |TAMS 0x0000000709400000, 0x0000000709400000| Untracked 
|  41|0x0000000709600000, 0x0000000709600000, 0x0000000709800000|  0%| F|  |TAMS 0x0000000709600000, 0x0000000709600000| Untracked 
|  42|0x0000000709800000, 0x0000000709800000, 0x0000000709a00000|  0%| F|  |TAMS 0x0000000709800000, 0x0000000709800000| Untracked 
|  43|0x0000000709a00000, 0x0000000709a00000, 0x0000000709c00000|  0%| F|  |TAMS 0x0000000709a00000, 0x0000000709a00000| Untracked 
|  44|0x0000000709c00000, 0x0000000709c00000, 0x0000000709e00000|  0%| F|  |TAMS 0x0000000709c00000, 0x0000000709c00000| Untracked 
|  45|0x0000000709e00000, 0x0000000709e00000, 0x000000070a000000|  0%| F|  |TAMS 0x0000000709e00000, 0x0000000709e00000| Untracked 
|  46|0x000000070a000000, 0x000000070a000000, 0x000000070a200000|  0%| F|  |TAMS 0x000000070a000000, 0x000000070a000000| Untracked 
|  47|0x000000070a200000, 0x000000070a200000, 0x000000070a400000|  0%| F|  |TAMS 0x000000070a200000, 0x000000070a200000| Untracked 
|  48|0x000000070a400000, 0x000000070a400000, 0x000000070a600000|  0%| F|  |TAMS 0x000000070a400000, 0x000000070a400000| Untracked 
|  49|0x000000070a600000, 0x000000070a600000, 0x000000070a800000|  0%| F|  |TAMS 0x000000070a600000, 0x000000070a600000| Untracked 
|  50|0x000000070a800000, 0x000000070a800000, 0x000000070aa00000|  0%| F|  |TAMS 0x000000070a800000, 0x000000070a800000| Untracked 
|  51|0x000000070aa00000, 0x000000070aa00000, 0x000000070ac00000|  0%| F|  |TAMS 0x000000070aa00000, 0x000000070aa00000| Untracked 
|  52|0x000000070ac00000, 0x000000070ac00000, 0x000000070ae00000|  0%| F|  |TAMS 0x000000070ac00000, 0x000000070ac00000| Untracked 
|  53|0x000000070ae00000, 0x000000070ae00000, 0x000000070b000000|  0%| F|  |TAMS 0x000000070ae00000, 0x000000070ae00000| Untracked 
|  54|0x000000070b000000, 0x000000070b000000, 0x000000070b200000|  0%| F|  |TAMS 0x000000070b000000, 0x000000070b000000| Untracked 
|  55|0x000000070b200000, 0x000000070b200000, 0x000000070b400000|  0%| F|  |TAMS 0x000000070b200000, 0x000000070b200000| Untracked 
|  56|0x000000070b400000, 0x000000070b400000, 0x000000070b600000|  0%| F|  |TAMS 0x000000070b400000, 0x000000070b400000| Untracked 
|  57|0x000000070b600000, 0x000000070b600000, 0x000000070b800000|  0%| F|  |TAMS 0x000000070b600000, 0x000000070b600000| Untracked 
|  58|0x000000070b800000, 0x000000070b800000, 0x000000070ba00000|  0%| F|  |TAMS 0x000000070b800000, 0x000000070b800000| Untracked 
|  59|0x000000070ba00000, 0x000000070ba00000, 0x000000070bc00000|  0%| F|  |TAMS 0x000000070ba00000, 0x000000070ba00000| Untracked 
|  60|0x000000070bc00000, 0x000000070bc00000, 0x000000070be00000|  0%| F|  |TAMS 0x000000070bc00000, 0x000000070bc00000| Untracked 
|  61|0x000000070be00000, 0x000000070be00000, 0x000000070c000000|  0%| F|  |TAMS 0x000000070be00000, 0x000000070be00000| Untracked 
|  62|0x000000070c000000, 0x000000070c000000, 0x000000070c200000|  0%| F|  |TAMS 0x000000070c000000, 0x000000070c000000| Untracked 
|  63|0x000000070c200000, 0x000000070c200000, 0x000000070c400000|  0%| F|  |TAMS 0x000000070c200000, 0x000000070c200000| Untracked 
|  64|0x000000070c400000, 0x000000070c400000, 0x000000070c600000|  0%| F|  |TAMS 0x000000070c400000, 0x000000070c400000| Untracked 
|  65|0x000000070c600000, 0x000000070c600000, 0x000000070c800000|  0%| F|  |TAMS 0x000000070c600000, 0x000000070c600000| Untracked 
|  66|0x000000070c800000, 0x000000070c800000, 0x000000070ca00000|  0%| F|  |TAMS 0x000000070c800000, 0x000000070c800000| Untracked 
|  67|0x000000070ca00000, 0x000000070ca00000, 0x000000070cc00000|  0%| F|  |TAMS 0x000000070ca00000, 0x000000070ca00000| Untracked 
|  68|0x000000070cc00000, 0x000000070cc00000, 0x000000070ce00000|  0%| F|  |TAMS 0x000000070cc00000, 0x000000070cc00000| Untracked 
|  69|0x000000070ce00000, 0x000000070ce00000, 0x000000070d000000|  0%| F|  |TAMS 0x000000070ce00000, 0x000000070ce00000| Untracked 
|  70|0x000000070d000000, 0x000000070d000000, 0x000000070d200000|  0%| F|  |TAMS 0x000000070d000000, 0x000000070d000000| Untracked 
|  71|0x000000070d200000, 0x000000070d200000, 0x000000070d400000|  0%| F|  |TAMS 0x000000070d200000, 0x000000070d200000| Untracked 
|  72|0x000000070d400000, 0x000000070d400000, 0x000000070d600000|  0%| F|  |TAMS 0x000000070d400000, 0x000000070d400000| Untracked 
|  73|0x000000070d600000, 0x000000070d600000, 0x000000070d800000|  0%| F|  |TAMS 0x000000070d600000, 0x000000070d600000| Untracked 
|  74|0x000000070d800000, 0x000000070d800000, 0x000000070da00000|  0%| F|  |TAMS 0x000000070d800000, 0x000000070d800000| Untracked 
|  75|0x000000070da00000, 0x000000070da00000, 0x000000070dc00000|  0%| F|  |TAMS 0x000000070da00000, 0x000000070da00000| Untracked 
|  76|0x000000070dc00000, 0x000000070dc00000, 0x000000070de00000|  0%| F|  |TAMS 0x000000070dc00000, 0x000000070dc00000| Untracked 
|  77|0x000000070de00000, 0x000000070de00000, 0x000000070e000000|  0%| F|  |TAMS 0x000000070de00000, 0x000000070de00000| Untracked 
|  78|0x000000070e000000, 0x000000070e000000, 0x000000070e200000|  0%| F|  |TAMS 0x000000070e000000, 0x000000070e000000| Untracked 
|  79|0x000000070e200000, 0x000000070e200000, 0x000000070e400000|  0%| F|  |TAMS 0x000000070e200000, 0x000000070e200000| Untracked 
|  80|0x000000070e400000, 0x000000070e400000, 0x000000070e600000|  0%| F|  |TAMS 0x000000070e400000, 0x000000070e400000| Untracked 
|  81|0x000000070e600000, 0x000000070e600000, 0x000000070e800000|  0%| F|  |TAMS 0x000000070e600000, 0x000000070e600000| Untracked 
|  82|0x000000070e800000, 0x000000070e800000, 0x000000070ea00000|  0%| F|  |TAMS 0x000000070e800000, 0x000000070e800000| Untracked 
|  83|0x000000070ea00000, 0x000000070ea00000, 0x000000070ec00000|  0%| F|  |TAMS 0x000000070ea00000, 0x000000070ea00000| Untracked 
|  84|0x000000070ec00000, 0x000000070ec00000, 0x000000070ee00000|  0%| F|  |TAMS 0x000000070ec00000, 0x000000070ec00000| Untracked 
|  85|0x000000070ee00000, 0x000000070ee00000, 0x000000070f000000|  0%| F|  |TAMS 0x000000070ee00000, 0x000000070ee00000| Untracked 
|  86|0x000000070f000000, 0x000000070f000000, 0x000000070f200000|  0%| F|  |TAMS 0x000000070f000000, 0x000000070f000000| Untracked 
|  87|0x000000070f200000, 0x000000070f200000, 0x000000070f400000|  0%| F|  |TAMS 0x000000070f200000, 0x000000070f200000| Untracked 
|  88|0x000000070f400000, 0x000000070f400000, 0x000000070f600000|  0%| F|  |TAMS 0x000000070f400000, 0x000000070f400000| Untracked 
|  89|0x000000070f600000, 0x000000070f600000, 0x000000070f800000|  0%| F|  |TAMS 0x000000070f600000, 0x000000070f600000| Untracked 
|  90|0x000000070f800000, 0x000000070f800000, 0x000000070fa00000|  0%| F|  |TAMS 0x000000070f800000, 0x000000070f800000| Untracked 
|  91|0x000000070fa00000, 0x000000070fa00000, 0x000000070fc00000|  0%| F|  |TAMS 0x000000070fa00000, 0x000000070fa00000| Untracked 
|  92|0x000000070fc00000, 0x000000070fc00000, 0x000000070fe00000|  0%| F|  |TAMS 0x000000070fc00000, 0x000000070fc00000| Untracked 
|  93|0x000000070fe00000, 0x000000070fe00000, 0x0000000710000000|  0%| F|  |TAMS 0x000000070fe00000, 0x000000070fe00000| Untracked 
|  94|0x0000000710000000, 0x0000000710000000, 0x0000000710200000|  0%| F|  |TAMS 0x0000000710000000, 0x0000000710000000| Untracked 
|  95|0x0000000710200000, 0x0000000710200000, 0x0000000710400000|  0%| F|  |TAMS 0x0000000710200000, 0x0000000710200000| Untracked 
|  96|0x0000000710400000, 0x0000000710400000, 0x0000000710600000|  0%| F|  |TAMS 0x0000000710400000, 0x0000000710400000| Untracked 
|  97|0x0000000710600000, 0x0000000710600000, 0x0000000710800000|  0%| F|  |TAMS 0x0000000710600000, 0x0000000710600000| Untracked 
|  98|0x0000000710800000, 0x0000000710800000, 0x0000000710a00000|  0%| F|  |TAMS 0x0000000710800000, 0x0000000710800000| Untracked 
|  99|0x0000000710a00000, 0x0000000710a00000, 0x0000000710c00000|  0%| F|  |TAMS 0x0000000710a00000, 0x0000000710a00000| Untracked 
| 100|0x0000000710c00000, 0x0000000710c00000, 0x0000000710e00000|  0%| F|  |TAMS 0x0000000710c00000, 0x0000000710c00000| Untracked 
| 101|0x0000000710e00000, 0x0000000710e00000, 0x0000000711000000|  0%| F|  |TAMS 0x0000000710e00000, 0x0000000710e00000| Untracked 
| 102|0x0000000711000000, 0x0000000711000000, 0x0000000711200000|  0%| F|  |TAMS 0x0000000711000000, 0x0000000711000000| Untracked 
| 103|0x0000000711200000, 0x0000000711200000, 0x0000000711400000|  0%| F|  |TAMS 0x0000000711200000, 0x0000000711200000| Untracked 
| 104|0x0000000711400000, 0x0000000711400000, 0x0000000711600000|  0%| F|  |TAMS 0x0000000711400000, 0x0000000711400000| Untracked 
| 105|0x0000000711600000, 0x0000000711600000, 0x0000000711800000|  0%| F|  |TAMS 0x0000000711600000, 0x0000000711600000| Untracked 
| 106|0x0000000711800000, 0x0000000711800000, 0x0000000711a00000|  0%| F|  |TAMS 0x0000000711800000, 0x0000000711800000| Untracked 
| 107|0x0000000711a00000, 0x0000000711a00000, 0x0000000711c00000|  0%| F|  |TAMS 0x0000000711a00000, 0x0000000711a00000| Untracked 
| 108|0x0000000711c00000, 0x0000000711c00000, 0x0000000711e00000|  0%| F|  |TAMS 0x0000000711c00000, 0x0000000711c00000| Untracked 
| 109|0x0000000711e00000, 0x0000000711e00000, 0x0000000712000000|  0%| F|  |TAMS 0x0000000711e00000, 0x0000000711e00000| Untracked 
| 110|0x0000000712000000, 0x0000000712000000, 0x0000000712200000|  0%| F|  |TAMS 0x0000000712000000, 0x0000000712000000| Untracked 
| 111|0x0000000712200000, 0x0000000712200000, 0x0000000712400000|  0%| F|  |TAMS 0x0000000712200000, 0x0000000712200000| Untracked 
| 112|0x0000000712400000, 0x0000000712400000, 0x0000000712600000|  0%| F|  |TAMS 0x0000000712400000, 0x0000000712400000| Untracked 
| 113|0x0000000712600000, 0x0000000712657ce8, 0x0000000712800000| 17%| S|CS|TAMS 0x0000000712600000, 0x0000000712600000| Complete 
| 114|0x0000000712800000, 0x0000000712a00000, 0x0000000712a00000|100%| S|CS|TAMS 0x0000000712800000, 0x0000000712800000| Complete 
| 115|0x0000000712a00000, 0x0000000712a00000, 0x0000000712c00000|  0%| F|  |TAMS 0x0000000712a00000, 0x0000000712a00000| Untracked 
| 116|0x0000000712c00000, 0x0000000712c00000, 0x0000000712e00000|  0%| F|  |TAMS 0x0000000712c00000, 0x0000000712c00000| Untracked 
| 117|0x0000000712e00000, 0x0000000713000000, 0x0000000713000000|100%| E|  |TAMS 0x0000000712e00000, 0x0000000712e00000| Complete 
| 118|0x0000000713000000, 0x0000000713200000, 0x0000000713200000|100%| E|CS|TAMS 0x0000000713000000, 0x0000000713000000| Complete 
| 119|0x0000000713200000, 0x0000000713400000, 0x0000000713400000|100%| E|CS|TAMS 0x0000000713200000, 0x0000000713200000| Complete 
| 120|0x0000000713400000, 0x0000000713600000, 0x0000000713600000|100%| E|CS|TAMS 0x0000000713400000, 0x0000000713400000| Complete 
| 121|0x0000000713600000, 0x0000000713800000, 0x0000000713800000|100%| E|CS|TAMS 0x0000000713600000, 0x0000000713600000| Complete 
| 122|0x0000000713800000, 0x0000000713a00000, 0x0000000713a00000|100%| E|CS|TAMS 0x0000000713800000, 0x0000000713800000| Complete 
| 123|0x0000000713a00000, 0x0000000713c00000, 0x0000000713c00000|100%| E|CS|TAMS 0x0000000713a00000, 0x0000000713a00000| Complete 
| 124|0x0000000713c00000, 0x0000000713e00000, 0x0000000713e00000|100%| E|CS|TAMS 0x0000000713c00000, 0x0000000713c00000| Complete 
| 125|0x0000000713e00000, 0x0000000714000000, 0x0000000714000000|100%| E|CS|TAMS 0x0000000713e00000, 0x0000000713e00000| Complete 

Card table byte_map: [0x0000026c1b730000,0x0000026c1bf10000] _byte_map_base: 0x0000026c17f0e000

Marking Bits (Prev, Next): (CMBitMap*) 0x0000026c086eef70, (CMBitMap*) 0x0000026c086eefb0
 Prev Bits: [0x0000026c1c6f0000, 0x0000026c205e0000)
 Next Bits: [0x0000026c205e0000, 0x0000026c244d0000)

Polling page: 0x0000026c07e80000

Metaspace:

Usage:
  Non-class:     12.67 MB used.
      Class:      1.40 MB used.
       Both:     14.07 MB used.

Virtual space:
  Non-class space:       16.00 MB reserved,      12.75 MB ( 80%) committed,  2 nodes.
      Class space:        1.00 GB reserved,       1.50 MB ( <1%) committed,  1 nodes.
              Both:        1.02 GB reserved,      14.25 MB (  1%) committed. 

Chunk freelists:
   Non-Class:  2.56 MB
       Class:  2.42 MB
        Both:  4.98 MB

MaxMetaspaceSize: 17179869184.00 GB
CompressedClassSpaceSize: 1.00 GB
 - commit_granule_bytes: 65536.
 - commit_granule_words: 8192.
 - virtual_space_node_default_size: 1048576.
 - enlarge_chunks_in_place: 1.
 - new_chunks_are_fully_committed: 0.
 - uncommit_free_chunks: 1.
 - use_allocation_guard: 0.
 - handle_deallocations: 1.


Internal statistics:

num_allocs_failed_limit: 0.
num_arena_births: 86.
num_arena_deaths: 0.
num_vsnodes_births: 3.
num_vsnodes_deaths: 0.
num_space_committed: 228.
num_space_uncommitted: 0.
num_chunks_returned_to_freelist: 0.
num_chunks_taken_from_freelist: 307.
num_chunk_merges: 0.
num_chunk_splits: 145.
num_chunks_enlarged: 82.
num_purges: 0.

CodeHeap 'non-profiled nmethods': size=120000Kb used=551Kb max_used=551Kb free=119449Kb
 bounds [0x0000026c136f0000, 0x0000026c13960000, 0x0000026c1ac20000]
CodeHeap 'profiled nmethods': size=120000Kb used=2958Kb max_used=2958Kb free=117041Kb
 bounds [0x0000026c0c1c0000, 0x0000026c0c4b0000, 0x0000026c136f0000]
CodeHeap 'non-nmethods': size=5760Kb used=1232Kb max_used=1266Kb free=4527Kb
 bounds [0x0000026c0bc20000, 0x0000026c0be90000, 0x0000026c0c1c0000]
 total_blobs=1899 nmethods=1465 adapters=347
 compilation: enabled
              stopped_count=0, restarted_count=0
 full_count=0

Compilation events (20 events):
Event: 0.992 Thread 0x0000026c27860160 1458  s    3       java.util.Hashtable::containsKey (65 bytes)
Event: 0.993 Thread 0x0000026c27860160 nmethod 1458 0x0000026c0c4a2190 code [0x0000026c0c4a2380, 0x0000026c0c4a28d8]
Event: 0.993 Thread 0x0000026c27860160 1459       3       org.eclipse.jdt.launching.internal.org.objectweb.asm.SymbolTable::putBootstrapMethods (56 bytes)
Event: 0.993 Thread 0x0000026c27860160 nmethod 1459 0x0000026c0c4a2b10 code [0x0000026c0c4a2d00, 0x0000026c0c4a2fc8]
Event: 0.994 Thread 0x0000026c27860160 1460       1       java.util.stream.Collectors$CollectorImpl::supplier (5 bytes)
Event: 0.995 Thread 0x0000026c27860160 nmethod 1460 0x0000026c13779010 code [0x0000026c137791a0, 0x0000026c13779278]
Event: 0.995 Thread 0x0000026c27860160 1461       1       java.util.stream.Collectors$CollectorImpl::accumulator (5 bytes)
Event: 0.995 Thread 0x0000026c280fe3e0 1463       4       java.lang.Object::equals (11 bytes)
Event: 0.995 Thread 0x0000026c27860160 nmethod 1461 0x0000026c13779310 code [0x0000026c137794a0, 0x0000026c13779578]
Event: 0.995 Thread 0x0000026c27860160 1462       1       java.util.stream.Collectors$CollectorImpl::combiner (5 bytes)
Event: 0.995 Thread 0x0000026c27860160 nmethod 1462 0x0000026c13779610 code [0x0000026c137797a0, 0x0000026c13779878]
Event: 0.995 Thread 0x0000026c27860160 1464       3       jdk.internal.org.objectweb.asm.MethodVisitor::visitFieldInsn (20 bytes)
Event: 0.995 Thread 0x0000026c27860160 nmethod 1464 0x0000026c0c4a3190 code [0x0000026c0c4a3340, 0x0000026c0c4a3588]
Event: 0.995 Thread 0x0000026c280fe3e0 nmethod 1463 0x0000026c13779910 code [0x0000026c13779a80, 0x0000026c13779b18]
Event: 160.461 Thread 0x0000026c2785ea10 1465       4       org.eclipse.jdt.launching.internal.org.objectweb.asm.ClassReader::readUtf (161 bytes)
Event: 160.478 Thread 0x0000026c2785ea10 

Event: 169.115 Thread 0x0000026c27860160 1466       3       org.eclipse.jdt.launching.internal.org.objectweb.asm.ClassReader::readShort (27 bytes)
Event: 169.115 Thread 0x0000026c27860160 nmethod 1466 0x0000026c0c4a3690 code [0x0000026c0c4a3840, 0x0000026c0c4a39b8]
Event: 175.886 Thread 0x0000026c2785ea10 1467       4       org.eclipse.jdt.launching.internal.org.objectweb.asm.ClassReader::readUtf (161 bytes)
Event: 175.908 Thread 0x0000026c2785ea10 


GC Heap History (2 events):
Event: 0.719 GC heap before
{Heap before GC invocations=0 (full 0):
 garbage-first heap   total 258048K, used 20480K [0x0000000704400000, 0x0000000800000000)
  region size 2048K, 11 young (22528K), 0 survivors (0K)
 Metaspace       used 12192K, committed 12288K, reserved 1064960K
  class space    used 1110K, committed 1152K, reserved 1048576K
}
Event: 0.722 GC heap after
{Heap after GC invocations=1 (full 0):
 garbage-first heap   total 258048K, used 2399K [0x0000000704400000, 0x0000000800000000)
  region size 2048K, 2 young (4096K), 2 survivors (4096K)
 Metaspace       used 12192K, committed 12288K, reserved 1064960K
  class space    used 1110K, committed 1152K, reserved 1048576K
}

Deoptimization events (20 events):
Event: 0.980 Thread 0x0000026c086a00e0 Uncommon trap: trap_request=0xffffff45 fr.pc=0x0000026c13721c1c relative=0x000000000000075c
Event: 0.980 Thread 0x0000026c086a00e0 Uncommon trap: reason=unstable_if action=reinterpret pc=0x0000026c13721c1c method=org.eclipse.jdt.launching.internal.org.objectweb.asm.ClassReader.readUtf(II[C)Ljava/lang/String; @ 41 c2
Event: 0.980 Thread 0x0000026c086a00e0 DEOPT PACKING pc=0x0000026c13721c1c sp=0x000000e4681f9db0
Event: 0.980 Thread 0x0000026c086a00e0 DEOPT UNPACKING pc=0x0000026c0bc6f92e sp=0x000000e4681f9d98 mode 2
Event: 0.980 Thread 0x0000026c086a00e0 Uncommon trap: trap_request=0xffffff45 fr.pc=0x0000026c13771e2c relative=0x00000000000006ec
Event: 0.980 Thread 0x0000026c086a00e0 Uncommon trap: reason=unstable_if action=reinterpret pc=0x0000026c13771e2c method=java.lang.String.hashCode()I @ 20 c2
Event: 0.980 Thread 0x0000026c086a00e0 DEOPT PACKING pc=0x0000026c13771e2c sp=0x000000e4681f9e60
Event: 0.980 Thread 0x0000026c086a00e0 DEOPT UNPACKING pc=0x0000026c0bc6f92e sp=0x000000e4681f9d40 mode 2
Event: 0.980 Thread 0x0000026c086a00e0 Uncommon trap: trap_request=0xffffff45 fr.pc=0x0000026c136fa2d8 relative=0x0000000000000238
Event: 0.980 Thread 0x0000026c086a00e0 Uncommon trap: reason=unstable_if action=reinterpret pc=0x0000026c136fa2d8 method=java.lang.String.isLatin1()Z @ 10 c2
Event: 0.980 Thread 0x0000026c086a00e0 DEOPT PACKING pc=0x0000026c136fa2d8 sp=0x000000e4681f9db0
Event: 0.980 Thread 0x0000026c086a00e0 DEOPT UNPACKING pc=0x0000026c0bc6f92e sp=0x000000e4681f9ce0 mode 2
Event: 0.980 Thread 0x0000026c086a00e0 Uncommon trap: trap_request=0xffffff45 fr.pc=0x0000026c1370ab80 relative=0x0000000000000060
Event: 0.980 Thread 0x0000026c086a00e0 Uncommon trap: reason=unstable_if action=reinterpret pc=0x0000026c1370ab80 method=java.lang.String.isLatin1()Z @ 10 c2
Event: 0.980 Thread 0x0000026c086a00e0 DEOPT PACKING pc=0x0000026c1370ab80 sp=0x000000e4681f9d30
Event: 0.980 Thread 0x0000026c086a00e0 DEOPT UNPACKING pc=0x0000026c0bc6f92e sp=0x000000e4681f9cd0 mode 2
Event: 0.981 Thread 0x0000026c086a00e0 Uncommon trap: trap_request=0xffffff45 fr.pc=0x0000026c137054e8 relative=0x0000000000000048
Event: 0.981 Thread 0x0000026c086a00e0 Uncommon trap: reason=unstable_if action=reinterpret pc=0x0000026c137054e8 method=java.lang.CharacterData.of(I)Ljava/lang/CharacterData; @ 4 c2
Event: 0.981 Thread 0x0000026c086a00e0 DEOPT PACKING pc=0x0000026c137054e8 sp=0x000000e4681fb7b0
Event: 0.981 Thread 0x0000026c086a00e0 DEOPT UNPACKING pc=0x0000026c0bc6f92e sp=0x000000e4681fb750 mode 2

Classes unloaded (0 events):
No events

Classes redefined (20 events):
Event: 119.736 Thread 0x0000026c27818200 redefined class name=CS400Graph$Path, count=1
Event: 119.736 Thread 0x0000026c27818200 redefined class name=CS400Graph, count=1
Event: 119.736 Thread 0x0000026c27818200 redefined class name=CS400Graph$Vertex, count=1
Event: 119.736 Thread 0x0000026c27818200 redefined class name=CS400Graph$Edge, count=1
Event: 158.440 Thread 0x0000026c27818200 redefined class name=CS400Graph$Path, count=2
Event: 158.440 Thread 0x0000026c27818200 redefined class name=CS400Graph, count=2
Event: 158.440 Thread 0x0000026c27818200 redefined class name=CS400Graph$Vertex, count=2
Event: 158.440 Thread 0x0000026c27818200 redefined class name=CS400Graph$Edge, count=2
Event: 160.464 Thread 0x0000026c27818200 redefined class name=CS400Graph$Path, count=3
Event: 160.464 Thread 0x0000026c27818200 redefined class name=CS400Graph, count=3
Event: 160.464 Thread 0x0000026c27818200 redefined class name=CS400Graph$Vertex, count=3
Event: 160.464 Thread 0x0000026c27818200 redefined class name=CS400Graph$Edge, count=3
Event: 169.117 Thread 0x0000026c27818200 redefined class name=CS400Graph$Path, count=4
Event: 169.117 Thread 0x0000026c27818200 redefined class name=CS400Graph, count=4
Event: 169.117 Thread 0x0000026c27818200 redefined class name=CS400Graph$Vertex, count=4
Event: 169.117 Thread 0x0000026c27818200 redefined class name=CS400Graph$Edge, count=4
Event: 175.890 Thread 0x0000026c27818200 redefined class name=CS400Graph$Path, count=5
Event: 175.890 Thread 0x0000026c27818200 redefined class name=CS400Graph, count=5
Event: 175.890 Thread 0x0000026c27818200 redefined class name=CS400Graph$Vertex, count=5
Event: 175.890 Thread 0x0000026c27818200 redefined class name=CS400Graph$Edge, count=5

Internal exceptions (20 events):
Event: 0.757 Thread 0x0000026c086a00e0 Exception <a 'java/lang/NoSuchMethodError'{0x0000000713ce26f8}: 'java.lang.Object java.lang.invoke.DirectMethodHandle$Holder.invokeSpecialIFC(java.lang.Object, java.lang.Object, java.lang.Object, java.lang.Object)'> (0x0000000713ce26f8) 
thrown [t:\workspace\open\src\hotspot\share\interpreter\linkResolver.cpp, line 790]
Event: 0.774 Thread 0x0000026c086a00e0 Exception <a 'java/lang/NoSuchMethodError'{0x0000000713d9e400}: 'void java.lang.invoke.DirectMethodHandle$Holder.invokeInterface(java.lang.Object, java.lang.Object, java.lang.Object)'> (0x0000000713d9e400) 
thrown [t:\workspace\open\src\hotspot\share\interpreter\linkResolver.cpp, line 790]
Event: 0.783 Thread 0x0000026c086a00e0 Exception <a 'java/lang/NoSuchMethodError'{0x0000000713a2c1b8}: 'java.lang.Object java.lang.invoke.DirectMethodHandle$Holder.newInvokeSpecial(java.lang.Object, java.lang.Object, java.lang.Object, java.lang.Object, java.lang.Object, java.lang.Object)'> (0x0000000713a2c1b8) 
thrown [t:\workspace\open\src\hotspot\share\interpreter\linkResolver.cpp, line 790]
Event: 0.791 Thread 0x0000026c086a00e0 Exception <a 'java/lang/NoSuchMethodError'{0x0000000713acb510}: 'void java.lang.invoke.DirectMethodHandle$Holder.invokeInterface(java.lang.Object, java.lang.Object, java.lang.Object, java.lang.Object, java.lang.Object)'> (0x0000000713acb510) 
thrown [t:\workspace\open\src\hotspot\share\interpreter\linkResolver.cpp, line 790]
Event: 0.792 Thread 0x0000026c086a00e0 Exception <a 'java/lang/IncompatibleClassChangeError'{0x0000000713acf3e0}: Found class java.lang.Object, but interface was expected> (0x0000000713acf3e0) 
thrown [t:\workspace\open\src\hotspot\share\interpreter\linkResolver.cpp, line 857]
Event: 0.802 Thread 0x0000026c086a00e0 Exception <a 'java/lang/IncompatibleClassChangeError'{0x0000000713b28fc8}: Found class java.lang.Object, but interface was expected> (0x0000000713b28fc8) 
thrown [t:\workspace\open\src\hotspot\share\interpreter\linkResolver.cpp, line 857]
Event: 0.807 Thread 0x0000026c086a00e0 Exception <a 'java/lang/NoSuchMethodError'{0x0000000713b60c20}: 'void java.lang.invoke.DirectMethodHandle$Holder.invokeSpecial(java.lang.Object, java.lang.Object, java.lang.Object, java.lang.Object, java.lang.Object)'> (0x0000000713b60c20) 
thrown [t:\workspace\open\src\hotspot\share\interpreter\linkResolver.cpp, line 790]
Event: 0.862 Thread 0x0000026c086a00e0 Exception <a 'java/lang/NoSuchMethodError'{0x00000007137c0210}: 'java.lang.Object java.lang.invoke.DirectMethodHandle$Holder.invokeVirtual(java.lang.Object, java.lang.Object, java.lang.Object)'> (0x00000007137c0210) 
thrown [t:\workspace\open\src\hotspot\share\interpreter\linkResolver.cpp, line 790]
Event: 0.872 Thread 0x0000026c086a00e0 Exception <a 'java/lang/NoSuchMethodError'{0x000000071343ede0}: 'void java.lang.invoke.DirectMethodHandle$Holder.invokeInterface(java.lang.Object, java.lang.Object, java.lang.Object, java.lang.Object)'> (0x000000071343ede0) 
thrown [t:\workspace\open\src\hotspot\share\interpreter\linkResolver.cpp, line 790]
Event: 0.872 Thread 0x0000026c086a00e0 Exception <a 'java/lang/IncompatibleClassChangeError'{0x0000000713442908}: Found class java.lang.Object, but interface was expected> (0x0000000713442908) 
thrown [t:\workspace\open\src\hotspot\share\interpreter\linkResolver.cpp, line 857]
Event: 0.876 Thread 0x0000026c086a00e0 Exception <a 'java/lang/NoSuchMethodError'{0x0000000713469270}: 'void java.lang.invoke.DirectMethodHandle$Holder.invokeStatic(java.lang.Object, java.lang.Object, java.lang.Object, java.lang.Object)'> (0x0000000713469270) 
thrown [t:\workspace\open\src\hotspot\share\interpreter\linkResolver.cpp, line 790]
Event: 0.889 Thread 0x0000026c086a00e0 Exception <a 'java/lang/NoSuchMethodError'{0x000000071354d588}: 'int java.lang.invoke.DirectMethodHandle$Holder.invokeStatic(java.lang.Object, java.lang.Object, java.lang.Object, java.lang.Object)'> (0x000000071354d588) 
thrown [t:\workspace\open\src\hotspot\share\interpreter\linkResolver.cpp, line 790]
Event: 0.889 Thread 0x0000026c086a00e0 Exception <a 'java/lang/NoSuchMethodError'{0x00000007135510e0}: 'java.lang.Object java.lang.invoke.Invokers$Holder.invokeExact_MT(java.lang.Object, java.lang.Object, java.lang.Object, java.lang.Object, java.lang.Object, java.lang.Object)'> (0x00000007135510e0) 
thrown [t:\workspace\open\src\hotspot\share\interpreter\linkResolver.cpp, line 790]
Event: 0.891 Thread 0x0000026c086a00e0 Exception <a 'java/lang/NoSuchMethodError'{0x0000000713561df0}: 'int java.lang.invoke.DirectMethodHandle$Holder.invokeStatic(java.lang.Object, java.lang.Object, java.lang.Object, java.lang.Object, java.lang.Object)'> (0x0000000713561df0) 
thrown [t:\workspace\open\src\hotspot\share\interpreter\linkResolver.cpp, line 790]
Event: 0.931 Thread 0x0000026c086a00e0 Exception <a 'java/lang/NoSuchMethodError'{0x000000071308aef0}: 'int java.lang.invoke.DirectMethodHandle$Holder.invokeStaticInit(java.lang.Object, java.lang.Object, java.lang.Object)'> (0x000000071308aef0) 
thrown [t:\workspace\open\src\hotspot\share\interpreter\linkResolver.cpp, line 790]
Event: 0.961 Thread 0x0000026c086a00e0 Exception <a 'java/lang/NoSuchMethodError'{0x00000007131d59d8}: 'java.lang.Object java.lang.invoke.DirectMethodHandle$Holder.newInvokeSpecial(java.lang.Object, java.lang.Object, java.lang.Object, java.lang.Object, java.lang.Object, java.lang.Object, java.lang.Object)'> (0x00000007131d59d8) 
thrown [t:\workspace\open\src\hotspot\share\interpreter\linkResolver.cpp, line 790]
Event: 0.961 Thread 0x0000026c086a00e0 Exception <a 'java/lang/NoSuchMethodError'{0x00000007131da790}: 'java.lang.Object java.lang.invoke.Invokers$Holder.linkToTargetMethod(java.lang.Object, java.lang.Object, java.lang.Object, java.lang.Object, java.lang.Object, java.lang.Object, java.lang.Object)'> (0x00000007131da790) 
thrown [t:\workspace\open\src\hotspot\share\interpreter\linkResolver.cpp, line 790]
Event: 0.962 Thread 0x0000026c086a00e0 Exception <a 'java/lang/NoSuchMethodError'{0x00000007131e5f48}: 'java.lang.Object java.lang.invoke.DirectMethodHandle$Holder.invokeInterface(java.lang.Object, java.lang.Object, java.lang.Object, java.lang.Object, java.lang.Object)'> (0x00000007131e5f48) 
thrown [t:\workspace\open\src\hotspot\share\interpreter\linkResolver.cpp, line 790]
Event: 0.963 Thread 0x0000026c086a00e0 Exception <a 'java/lang/IncompatibleClassChangeError'{0x00000007131e9f40}: Found class java.lang.Object, but interface was expected> (0x00000007131e9f40) 
thrown [t:\workspace\open\src\hotspot\share\interpreter\linkResolver.cpp, line 857]
Event: 0.972 Thread 0x0000026c086a00e0 Exception <a 'java/lang/IncompatibleClassChangeError'{0x0000000712e681a0}: Found class java.lang.Object, but interface was expected> (0x0000000712e681a0) 
thrown [t:\workspace\open\src\hotspot\share\interpreter\linkResolver.cpp, line 857]

Events (20 events):
Event: 158.442 Executing  VM operation: RedefineClasses done
Event: 160.462 Executing  VM operation: RedefineClasses
Event: 160.468 Executing  VM operation: RedefineClasses done
Event: 160.472 Executing  VM operation: ChangeBreakpoints
Event: 160.473 Executing  VM operation: ChangeBreakpoints done
Event: 160.477 Executing  VM operation: ChangeBreakpoints
Event: 160.478 Executing  VM operation: ChangeBreakpoints done
Event: 169.115 Executing  VM operation: RedefineClasses
Event: 169.120 Executing  VM operation: RedefineClasses done
Event: 169.126 Executing  VM operation: ChangeBreakpoints
Event: 169.127 Executing  VM operation: ChangeBreakpoints done
Event: 169.132 Executing  VM operation: ChangeBreakpoints
Event: 169.133 Executing  VM operation: ChangeBreakpoints done
Event: 175.887 Executing  VM operation: RedefineClasses
Event: 175.894 Executing  VM operation: RedefineClasses done
Event: 175.900 Executing  VM operation: ChangeBreakpoints
Event: 175.901 Executing  VM operation: ChangeBreakpoints done
Event: 175.906 Executing  VM operation: ChangeBreakpoints
Event: 175.907 Executing  VM operation: ChangeBreakpoints done
Event: 193.087 Executing  VM operation: get/set locals


Dynamic libraries:
0x00007ff6a8940000 - 0x00007ff6a894e000 	C:\Users\lukee\.p2\pool\plugins\org.eclipse.justj.openjdk.hotspot.jre.full.win32.x86_64_16.0.2.v20210721-1149\jre\bin\javaw.exe
0x00007ffce8d90000 - 0x00007ffce8f85000 	C:\Windows\SYSTEM32\ntdll.dll
0x00007ffce7880000 - 0x00007ffce793e000 	C:\Windows\System32\KERNEL32.DLL
0x00007ffce6540000 - 0x00007ffce6808000 	C:\Windows\System32\KERNELBASE.dll
0x00007ffce6810000 - 0x00007ffce6910000 	C:\Windows\System32\ucrtbase.dll
0x00007ffce2b80000 - 0x00007ffce2b98000 	C:\Users\lukee\.p2\pool\plugins\org.eclipse.justj.openjdk.hotspot.jre.full.win32.x86_64_16.0.2.v20210721-1149\jre\bin\jli.dll
0x00007ffce2c90000 - 0x00007ffce2ca9000 	C:\Users\lukee\.p2\pool\plugins\org.eclipse.justj.openjdk.hotspot.jre.full.win32.x86_64_16.0.2.v20210721-1149\jre\bin\VCRUNTIME140.dll
0x00007ffce89a0000 - 0x00007ffce8b40000 	C:\Windows\System32\USER32.dll
0x00007ffce6dc0000 - 0x00007ffce6de2000 	C:\Windows\System32\win32u.dll
0x00007ffcd0110000 - 0x00007ffcd03aa000 	C:\Windows\WinSxS\amd64_microsoft.windows.common-controls_6595b64144ccf1df_6.0.19041.1110_none_60b5254171f9507e\COMCTL32.dll
0x00007ffce7670000 - 0x00007ffce769a000 	C:\Windows\System32\GDI32.dll
0x00007ffce7770000 - 0x00007ffce780e000 	C:\Windows\System32\msvcrt.dll
0x00007ffce6b10000 - 0x00007ffce6c1b000 	C:\Windows\System32\gdi32full.dll
0x00007ffce6a70000 - 0x00007ffce6b0d000 	C:\Windows\System32\msvcp_win.dll
0x00007ffce7ef0000 - 0x00007ffce7f20000 	C:\Windows\System32\IMM32.DLL
0x00007ffce2b70000 - 0x00007ffce2b7c000 	C:\Users\lukee\.p2\pool\plugins\org.eclipse.justj.openjdk.hotspot.jre.full.win32.x86_64_16.0.2.v20210721-1149\jre\bin\vcruntime140_1.dll
0x00007ffcd1770000 - 0x00007ffcd1801000 	C:\Users\lukee\.p2\pool\plugins\org.eclipse.justj.openjdk.hotspot.jre.full.win32.x86_64_16.0.2.v20210721-1149\jre\bin\msvcp140.dll
0x00007ffc8e240000 - 0x00007ffc8edeb000 	C:\Users\lukee\.p2\pool\plugins\org.eclipse.justj.openjdk.hotspot.jre.full.win32.x86_64_16.0.2.v20210721-1149\jre\bin\server\jvm.dll
0x00007ffce88f0000 - 0x00007ffce899e000 	C:\Windows\System32\ADVAPI32.dll
0x00007ffce8790000 - 0x00007ffce882c000 	C:\Windows\System32\sechost.dll
0x00007ffce8b40000 - 0x00007ffce8c65000 	C:\Windows\System32\RPCRT4.dll
0x00007ffce8190000 - 0x00007ffce8198000 	C:\Windows\System32\PSAPI.DLL
0x00007ffcc3c70000 - 0x00007ffcc3c97000 	C:\Windows\SYSTEM32\WINMM.dll
0x00007ffcdd6e0000 - 0x00007ffcdd6ea000 	C:\Windows\SYSTEM32\VERSION.dll
0x00007ffcdfe10000 - 0x00007ffcdfe19000 	C:\Windows\SYSTEM32\WSOCK32.dll
0x00007ffce7810000 - 0x00007ffce787b000 	C:\Windows\System32\WS2_32.dll
0x00007ffce4d60000 - 0x00007ffce4d72000 	C:\Windows\SYSTEM32\kernel.appcore.dll
0x00007ffcd5920000 - 0x00007ffcd592a000 	C:\Users\lukee\.p2\pool\plugins\org.eclipse.justj.openjdk.hotspot.jre.full.win32.x86_64_16.0.2.v20210721-1149\jre\bin\jimage.dll
0x00007ffce4a70000 - 0x00007ffce4c54000 	C:\Windows\SYSTEM32\DBGHELP.DLL
0x00007ffccdfb0000 - 0x00007ffccdfdc000 	C:\Windows\SYSTEM32\dbgcore.DLL
0x00007ffce64b0000 - 0x00007ffce6532000 	C:\Windows\System32\bcryptPrimitives.dll
0x00007ffcd30f0000 - 0x00007ffcd312b000 	C:\Users\lukee\.p2\pool\plugins\org.eclipse.justj.openjdk.hotspot.jre.full.win32.x86_64_16.0.2.v20210721-1149\jre\bin\jdwp.dll
0x00007ffce2570000 - 0x00007ffce257e000 	C:\Users\lukee\.p2\pool\plugins\org.eclipse.justj.openjdk.hotspot.jre.full.win32.x86_64_16.0.2.v20210721-1149\jre\bin\instrument.dll
0x00007ffcc9f50000 - 0x00007ffcc9f75000 	C:\Users\lukee\.p2\pool\plugins\org.eclipse.justj.openjdk.hotspot.jre.full.win32.x86_64_16.0.2.v20210721-1149\jre\bin\java.dll
0x00007ffcce590000 - 0x00007ffcce5a8000 	C:\Users\lukee\.p2\pool\plugins\org.eclipse.justj.openjdk.hotspot.jre.full.win32.x86_64_16.0.2.v20210721-1149\jre\bin\zip.dll
0x00007ffce6df0000 - 0x00007ffce7534000 	C:\Windows\System32\SHELL32.dll
0x00007ffce4200000 - 0x00007ffce4994000 	C:\Windows\SYSTEM32\windows.storage.dll
0x00007ffce81a0000 - 0x00007ffce84f4000 	C:\Windows\System32\combase.dll
0x00007ffce5f20000 - 0x00007ffce5f4c000 	C:\Windows\SYSTEM32\Wldp.dll
0x00007ffce80e0000 - 0x00007ffce818d000 	C:\Windows\System32\SHCORE.dll
0x00007ffce8cf0000 - 0x00007ffce8d45000 	C:\Windows\System32\shlwapi.dll
0x00007ffce63f0000 - 0x00007ffce640f000 	C:\Windows\SYSTEM32\profapi.dll
0x00007ffce1850000 - 0x00007ffce185c000 	C:\Users\lukee\.p2\pool\plugins\org.eclipse.justj.openjdk.hotspot.jre.full.win32.x86_64_16.0.2.v20210721-1149\jre\bin\dt_socket.dll
0x00007ffce5920000 - 0x00007ffce595b000 	C:\Windows\SYSTEM32\IPHLPAPI.DLL
0x00007ffce5c80000 - 0x00007ffce5cea000 	C:\Windows\system32\mswsock.dll
0x00007ffce5960000 - 0x00007ffce5a2b000 	C:\Windows\SYSTEM32\DNSAPI.dll
0x00007ffce80d0000 - 0x00007ffce80d8000 	C:\Windows\System32\NSI.dll
0x00007ffcdd710000 - 0x00007ffcdd71a000 	C:\Windows\System32\rasadhlp.dll
0x00007ffcdc320000 - 0x00007ffcdc39f000 	C:\Windows\System32\fwpuclnt.dll
0x00007ffce6c20000 - 0x00007ffce6c47000 	C:\Windows\System32\bcrypt.dll
0x00007ffcc9ed0000 - 0x00007ffcc9ee9000 	C:\Users\lukee\.p2\pool\plugins\org.eclipse.justj.openjdk.hotspot.jre.full.win32.x86_64_16.0.2.v20210721-1149\jre\bin\net.dll
0x00007ffce0ea0000 - 0x00007ffce0faa000 	C:\Windows\SYSTEM32\WINHTTP.dll
0x00007ffcc4010000 - 0x00007ffcc4023000 	C:\Users\lukee\.p2\pool\plugins\org.eclipse.justj.openjdk.hotspot.jre.full.win32.x86_64_16.0.2.v20210721-1149\jre\bin\nio.dll
0x00007ffcd5800000 - 0x00007ffcd5810000 	C:\Users\lukee\.p2\pool\plugins\org.eclipse.justj.openjdk.hotspot.jre.full.win32.x86_64_16.0.2.v20210721-1149\jre\bin\verify.dll
0x00007ffcdd820000 - 0x00007ffcdd837000 	C:\Windows\SYSTEM32\dhcpcsvc6.DLL
0x00007ffcdf8b0000 - 0x00007ffcdf8cd000 	C:\Windows\SYSTEM32\dhcpcsvc.DLL

dbghelp: loaded successfully - version: 4.0.5 - missing functions: none
symbol engine: initialized successfully - sym options: 0x614 - pdb path: .;C:\Users\lukee\.p2\pool\plugins\org.eclipse.justj.openjdk.hotspot.jre.full.win32.x86_64_16.0.2.v20210721-1149\jre\bin;C:\Windows\SYSTEM32;C:\Windows\WinSxS\amd64_microsoft.windows.common-controls_6595b64144ccf1df_6.0.19041.1110_none_60b5254171f9507e;C:\Users\lukee\.p2\pool\plugins\org.eclipse.justj.openjdk.hotspot.jre.full.win32.x86_64_16.0.2.v20210721-1149\jre\bin\server

VM Arguments:
jvm_args: -XX:+ShowCodeDetailsInExceptionMessages -agentlib:jdwp=transport=dt_socket,suspend=y,address=localhost:51471 -ea -javaagent:C:\Users\lukee\eclipse\java-2021-06\eclipse\configuration\org.eclipse.osgi\222\0\.cp\lib\javaagent-shaded.jar -Dfile.encoding=Cp1252 
java_command: org.eclipse.jdt.internal.junit.runner.RemoteTestRunner -version 3 -port 51470 -testLoaderClass org.eclipse.jdt.internal.junit5.runner.JUnit5TestLoader -loaderpluginname org.eclipse.jdt.junit5.runtime -classNames GraphTest
java_class_path (initial): C:\Users\lukee\eclipse-workspace\3. Dijkstra's\bin;C:\Users\lukee\OneDrive\Desktop\cs400\junit5-4.3.5.jar;C:\Users\lukee\.p2\pool\plugins\org.junit.jupiter.api_5.7.1.v20210222-1948.jar;C:\Users\lukee\.p2\pool\plugins\org.junit.jupiter.engine_5.7.1.v20210222-1948.jar;C:\Users\lukee\.p2\pool\plugins\org.junit.jupiter.migrationsupport_5.7.1.v20210222-1948.jar;C:\Users\lukee\.p2\pool\plugins\org.junit.jupiter.params_5.7.1.v20210222-1948.jar;C:\Users\lukee\.p2\pool\plugins\org.junit.platform.commons_1.7.1.v20210222-1948.jar;C:\Users\lukee\.p2\pool\plugins\org.junit.platform.engine_1.7.1.v20210222-1948.jar;C:\Users\lukee\.p2\pool\plugins\org.junit.platform.launcher_1.7.1.v20210222-1948.jar;C:\Users\lukee\.p2\pool\plugins\org.junit.platform.runner_1.7.1.v20210222-1948.jar;C:\Users\lukee\.p2\pool\plugins\org.junit.platform.suite.api_1.7.1.v20210222-1948.jar;C:\Users\lukee\.p2\pool\plugins\org.junit.vintage.engine_5.7.1.v20210222-1948.jar;C:\Users\lukee\.p2\pool\plugins\org.opentest4j_1.2.0.v20190826-0900.jar;C:\Users\lukee\.p2\pool\plugins\org.apiguardian_1.1.0.v20190826-0900.jar;C:\Users\lukee\.p2\pool\plugins\org.junit_4.13.0.v20200204-1500.jar;C:\Users\lukee\.p2\pool\plugins\org.hamcrest.core_1.3.0.v20180420-1519.jar;C:\Users\lukee\eclipse\java-2021-06\eclipse\configuration\org.eclipse.osgi\221\0\.cp;C:\Users\lukee\eclipse\java-2021-06\eclipse\configuration\org.eclipse.osgi\219\0\.cp
Launcher Type: SUN_STANDARD

[Global flags]
     intx CICompilerCount                          = 4                                         {product} {ergonomic}
     uint ConcGCThreads                            = 2                                         {product} {ergonomic}
     uint G1ConcRefinementThreads                  = 8                                         {product} {ergonomic}
   size_t G1HeapRegionSize                         = 2097152                                   {product} {ergonomic}
    uintx GCDrainStackTargetSize                   = 64                                        {product} {ergonomic}
   size_t InitialHeapSize                          = 264241152                                 {product} {ergonomic}
   size_t MarkStackSize                            = 4194304                                   {product} {ergonomic}
   size_t MaxHeapSize                              = 4223664128                                {product} {ergonomic}
   size_t MaxNewSize                               = 2533359616                                {product} {ergonomic}
   size_t MinHeapDeltaBytes                        = 2097152                                   {product} {ergonomic}
   size_t MinHeapSize                              = 8388608                                   {product} {ergonomic}
    uintx NonNMethodCodeHeapSize                   = 5839372                                {pd product} {ergonomic}
    uintx NonProfiledCodeHeapSize                  = 122909434                              {pd product} {ergonomic}
    uintx ProfiledCodeHeapSize                     = 122909434                              {pd product} {ergonomic}
    uintx ReservedCodeCacheSize                    = 251658240                              {pd product} {ergonomic}
     bool SegmentedCodeCache                       = true                                      {product} {ergonomic}
     bool ShowCodeDetailsInExceptionMessages       = true                                   {manageable} {command line}
   size_t SoftMaxHeapSize                          = 4223664128                             {manageable} {ergonomic}
     bool UseCompressedClassPointers               = true                           {product lp64_product} {ergonomic}
     bool UseCompressedOops                        = true                           {product lp64_product} {ergonomic}
     bool UseG1GC                                  = true                                      {product} {ergonomic}
     bool UseLargePagesIndividualAllocation        = false                                  {pd product} {ergonomic}

Logging:
Log output configuration:
 #0: stdout all=warning uptime,level,tags
 #1: stderr all=off uptime,level,tags

Environment Variables:
PATH=C:\Users\lukee\.p2\pool\plugins\org.eclipse.justj.openjdk.hotspot.jre.full.win32.x86_64_16.0.2.v20210721-1149\jre\bin;C:/Users/lukee/.p2/pool/plugins/org.eclipse.justj.openjdk.hotspot.jre.full.win32.x86_64_16.0.2.v20210721-1149/jre/bin/server;C:/Users/lukee/.p2/pool/plugins/org.eclipse.justj.openjdk.hotspot.jre.full.win32.x86_64_16.0.2.v20210721-1149/jre/bin;C:\Python310\Scripts\;C:\Python310\;C:\Program Files\Eclipse Foundation\jdk-11.0.12.7-hotspot\bin;C:\Windows\system32;C:\Windows;C:\Windows\System32\Wbem;C:\Windows\System32\WindowsPowerShell\v1.0\;C:\Windows\System32\OpenSSH\;C:\Program Files\Git\cmd;C:\ProgramData\chocolatey\bin;C:\Program Files\nodejs\;C:\Program Files\PuTTY\;C:\Users\lukee\scoop\shims;C:\Ruby30-x64\bin;C:\Users\lukee\AppData\Local\Microsoft\WindowsApps;C:\Users\lukee\AppData\Local\GitHubDesktop\bin;C:\Users\lukee\AppData\Local\Programs\Microsoft VS Code\bin;C:\Users\lukee\AppData\Roaming\npm;C:\Windows\system32;
USERNAME=lukee
OS=Windows_NT
PROCESSOR_IDENTIFIER=Intel64 Family 6 Model 140 Stepping 1, GenuineIntel



---------------  S Y S T E M  ---------------

OS:
 Windows 10 , 64 bit Build 19041 (10.0.19041.1645)
OS uptime: 0 days 14:50 hours

CPU: total 8 (initial active 8) (4 cores per cpu, 2 threads per core) family 6 model 140 stepping 1 microcode 0x86, cx8, cmov, fxsr, ht, mmx, 3dnowpref, sse, sse2, sse3, ssse3, sse4.1, sse4.2, popcnt, lzcnt, tsc, tscinvbit, avx, avx2, aes, erms, clmul, bmi1, bmi2, adx, avx512f, avx512dq, avx512cd, avx512bw, avx512vl, sha, fma, vzeroupper, avx512_vpopcntdq, avx512_vpclmulqdq, avx512_vaes, avx512_vnni, clflush, clflushopt, clwb, avx512_vmbi2, avx512_vmbi

Memory: 4k page, system-wide physical 16106M (9010M free)
TotalPageFile size 18538M (AvailPageFile size 8763M)
current process WorkingSet (physical memory assigned to process): 77M, peak: 84M
current process commit charge ("private bytes"): 348M, peak: 354M

vm_info: OpenJDK 64-Bit Server VM (16.0.2+7-67) for windows-amd64 JRE (16.0.2+7-67), built on Jun  8 2021 23:21:43 by "mach5one" with MS VC++ 16.7 (VS2019)

END.
